Log file open, 05/20/21 18:22:43
LogInit: Display: Running engine for game: SkywardMuffin
LogPlatformFile: Not using cached read wrapper
LogTaskGraph: Started task graph with 5 named threads and 26 total threads with 3 sets of task threads.
LogStats: Stats thread started at 0.152592
LogD3D11RHI: Loaded GFSDK_Aftermath_Lib.x64.dll
LogICUInternationalization: ICU TimeZone Detection - Raw Offset: +8:00, Platform Override: ''
LogPluginManager: Mounting plugin Paper2D
LogPluginManager: Mounting plugin AISupport
LogPluginManager: Mounting plugin LightPropagationVolume
LogPluginManager: Mounting plugin CameraShakePreviewer
LogPluginManager: Mounting plugin ActorLayerUtilities
LogPluginManager: Mounting plugin AnimationSharing
LogPluginManager: Mounting plugin CLionSourceCodeAccess
LogPluginManager: Mounting plugin CodeLiteSourceCodeAccess
LogPluginManager: Mounting plugin GitSourceControl
LogPluginManager: Mounting plugin KDevelopSourceCodeAccess
LogPluginManager: Mounting plugin NullSourceCodeAccess
LogPluginManager: Mounting plugin PerforceSourceControl
LogPluginManager: Mounting plugin PlasticSourceControl
LogPluginManager: Mounting plugin RiderSourceCodeAccess
LogPluginManager: Mounting plugin SubversionSourceControl
LogPluginManager: Mounting plugin UObjectPlugin
LogPluginManager: Mounting plugin VisualStudioCodeSourceCodeAccess
LogPluginManager: Mounting plugin VisualStudioSourceCodeAccess
LogPluginManager: Mounting plugin XCodeSourceCodeAccess
LogPluginManager: Mounting plugin AssetManagerEditor
LogPluginManager: Mounting plugin CryptoKeys
LogPluginManager: Mounting plugin CurveEditorTools
LogPluginManager: Mounting plugin DataValidation
LogPluginManager: Mounting plugin EditorScriptingUtilities
LogPluginManager: Mounting plugin FacialAnimation
LogPluginManager: Mounting plugin GameplayTagsEditor
LogPluginManager: Mounting plugin GeometryMode
LogPluginManager: Mounting plugin MacGraphicsSwitching
LogPluginManager: Mounting plugin MaterialAnalyzer
LogPluginManager: Mounting plugin MobileLauncherProfileWizard
LogPluginManager: Mounting plugin PluginBrowser
LogPluginManager: Mounting plugin SpeedTreeImporter
LogPluginManager: Mounting plugin DatasmithContent
LogPluginManager: Mounting plugin VariantManagerContent
LogPluginManager: Mounting plugin AlembicImporter
LogPluginManager: Mounting plugin AutomationUtils
LogPluginManager: Mounting plugin BackChannel
LogPluginManager: Mounting plugin ChaosCloth
LogPluginManager: Mounting plugin ChaosClothEditor
LogPluginManager: Mounting plugin ChaosEditor
LogPluginManager: Mounting plugin ChaosNiagara
LogPluginManager: Mounting plugin ChaosSolverPlugin
LogPluginManager: Mounting plugin CharacterAI
LogPluginManager: Mounting plugin GeometryCache
LogPluginManager: Mounting plugin GeometryCollectionPlugin
LogPluginManager: Mounting plugin GeometryProcessing
LogPluginManager: Mounting plugin PlanarCut
LogPluginManager: Mounting plugin PlatformCrypto
LogPluginManager: Mounting plugin ProxyLODPlugin
LogPluginManager: Mounting plugin SkeletalReduction
LogPluginManager: Mounting plugin Niagara
LogPluginManager: Mounting plugin MagicLeap
LogPluginManager: Mounting plugin MagicLeapLightEstimation
LogPluginManager: Mounting plugin MagicLeapMedia
LogPluginManager: Mounting plugin MagicLeapPassableWorld
LogPluginManager: Mounting plugin MLSDK
LogPluginManager: Mounting plugin AndroidMedia
LogPluginManager: Mounting plugin AvfMedia
LogPluginManager: Mounting plugin ImgMedia
LogPluginManager: Mounting plugin MediaCompositing
LogPluginManager: Mounting plugin MediaPlayerEditor
LogPluginManager: Mounting plugin WebMMedia
LogPluginManager: Mounting plugin WmfMedia
LogPluginManager: Mounting plugin MeshPainting
LogPluginManager: Mounting plugin TcpMessaging
LogPluginManager: Mounting plugin UdpMessaging
LogPluginManager: Mounting plugin ActorSequence
LogPluginManager: Mounting plugin LevelSequenceEditor
LogPluginManager: Mounting plugin MatineeToLevelSequence
LogPluginManager: Mounting plugin MovieRenderPipeline
LogPluginManager: Mounting plugin TemplateSequence
LogPluginManager: Mounting plugin NetcodeUnitTest
LogPluginManager: Mounting plugin NUTUnrealEngine4
LogPluginManager: Mounting plugin OnlineSubsystemGooglePlay
LogPluginManager: Mounting plugin OnlineSubsystemIOS
LogPluginManager: Mounting plugin OnlineSubsystem
LogPluginManager: Mounting plugin OnlineSubsystemNull
LogPluginManager: Mounting plugin OnlineSubsystemUtils
LogPluginManager: Mounting plugin LauncherChunkInstaller
LogPluginManager: Mounting plugin AndroidDeviceProfileSelector
LogPluginManager: Mounting plugin AndroidMoviePlayer
LogPluginManager: Mounting plugin AndroidPermission
LogPluginManager: Mounting plugin AppleImageUtils
LogPluginManager: Mounting plugin AppleMoviePlayer
LogPluginManager: Mounting plugin ArchVisCharacter
LogPluginManager: Mounting plugin AssetTags
LogPluginManager: Mounting plugin AudioCapture
LogPluginManager: Mounting plugin CableComponent
LogPluginManager: Mounting plugin CustomMeshComponent
LogPluginManager: Mounting plugin EditableMesh
LogPluginManager: Mounting plugin ExampleDeviceProfileSelector
LogPluginManager: Mounting plugin GoogleCloudMessaging
LogPluginManager: Mounting plugin GooglePAD
LogPluginManager: Mounting plugin IOSDeviceProfileSelector
LogPluginManager: Mounting plugin LinuxDeviceProfileSelector
LogPluginManager: Mounting plugin LocationServicesBPLibrary
LogPluginManager: Mounting plugin MobilePatchingUtils
LogPluginManager: Mounting plugin OculusVR
LogPluginManager: Mounting plugin PhysXVehicles
LogPluginManager: Mounting plugin PostSplashScreen
LogPluginManager: Mounting plugin ProceduralMeshComponent
LogPluginManager: Mounting plugin RuntimePhysXCooking
LogPluginManager: Mounting plugin SignificanceManager
LogPluginManager: Mounting plugin SoundFields
LogPluginManager: Mounting plugin SteamVR
LogPluginManager: Mounting plugin Synthesis
LogPluginManager: Mounting plugin WebMMoviePlayer
LogPluginManager: Mounting plugin WindowsMoviePlayer
LogPluginManager: Mounting plugin ScreenshotTools
LogInit: Using libcurl 7.55.1-DEV
LogInit:  - built for x86_64-pc-win32
LogInit:  - supports SSL with OpenSSL/1.1.1
LogInit:  - supports HTTP deflate (compression) using libz 1.2.8
LogInit:  - other features:
LogInit:      CURL_VERSION_SSL
LogInit:      CURL_VERSION_LIBZ
LogInit:      CURL_VERSION_IPV6
LogInit:      CURL_VERSION_ASYNCHDNS
LogInit:      CURL_VERSION_LARGEFILE
LogInit:      CURL_VERSION_IDN
LogInit:  CurlRequestOptions (configurable via config and command line):
LogInit:  - bVerifyPeer = true  - Libcurl will verify peer certificate
LogInit:  - bUseHttpProxy = false  - Libcurl will NOT use HTTP proxy
LogInit:  - bDontReuseConnections = false  - Libcurl will reuse connections
LogInit:  - MaxHostConnections = 16  - Libcurl will limit the number of connections to a host
LogInit:  - LocalHostAddr = Default
LogInit:  - BufferSize = 65536
LogOnline: OSS: Creating online subsystem instance for: NULL
LogInit: WinSock: version 1.1 (2.2), MaxSocks=32767, MaxUdp=65467
LogOnline: OSS: TryLoadSubsystemAndSetDefault: Loaded subsystem for module [NULL]
LogInit: Build: ++UE4+Release-4.25-CL-14469661
LogInit: Engine Version: 4.25.4-14469661+++UE4+Release-4.25
LogInit: Compatible Engine Version: 4.25.0-13144385+++UE4+Release-4.25
LogInit: Net CL: 13144385
LogInit: OS: Windows 10 (Release 2004) (), CPU: Intel(R) Core(TM) i7-9700F CPU @ 3.00GHz, GPU: NVIDIA GeForce RTX 2060 SUPER
LogInit: Compiled (64-bit): Oct 11 2020 08:10:49
LogInit: Compiled with Visual C++: 19.24.28315.00
LogInit: Build Configuration: Development
LogInit: Branch Name: ++UE4+Release-4.25
LogInit: Command Line: 
LogInit: Base Directory: C:/Program Files/Epic Games/UE_4.25/Engine/Binaries/Win64/
LogInit: Allocator: TBB
LogInit: Installed Engine Build: 1
LogDevObjectVersion: Number of dev versions registered: 26
LogDevObjectVersion:   Dev-Blueprints (B0D832E4-1F89-4F0D-ACCF-7EB736FD4AA2): 10
LogDevObjectVersion:   Dev-Build (E1C64328-A22C-4D53-A36C-8E866417BD8C): 0
LogDevObjectVersion:   Dev-Core (375EC13C-06E4-48FB-B500-84F0262A717E): 4
LogDevObjectVersion:   Dev-Editor (E4B068ED-F494-42E9-A231-DA0B2E46BB41): 38
LogDevObjectVersion:   Dev-Framework (CFFC743F-43B0-4480-9391-14DF171D2073): 37
LogDevObjectVersion:   Dev-Mobile (B02B49B5-BB20-44E9-A304-32B752E40360): 2
LogDevObjectVersion:   Dev-Networking (A4E4105C-59A1-49B5-A7C5-40C4547EDFEE): 0
LogDevObjectVersion:   Dev-Online (39C831C9-5AE6-47DC-9A44-9C173E1C8E7C): 0
LogDevObjectVersion:   Dev-Physics (78F01B33-EBEA-4F98-B9B4-84EACCB95AA2): 4
LogDevObjectVersion:   Dev-Platform (6631380F-2D4D-43E0-8009-CF276956A95A): 0
LogDevObjectVersion:   Dev-Rendering (12F88B9F-8875-4AFC-A67C-D90C383ABD29): 43
LogDevObjectVersion:   Dev-Sequencer (7B5AE74C-D270-4C10-A958-57980B212A5A): 12
LogDevObjectVersion:   Dev-VR (D7296918-1DD6-4BDD-9DE2-64A83CC13884): 3
LogDevObjectVersion:   Dev-LoadTimes (C2A15278-BFE7-4AFE-6C17-90FF531DF755): 1
LogDevObjectVersion:   Private-Geometry (6EACA3D4-40EC-4CC1-B786-8BED09428FC5): 3
LogDevObjectVersion:   Dev-AnimPhys (29E575DD-E0A3-4627-9D10-D276232CDCEA): 17
LogDevObjectVersion:   Dev-Anim (AF43A65D-7FD3-4947-9873-3E8ED9C1BB05): 7
LogDevObjectVersion:   Dev-ReflectionCapture (6B266CEC-1EC7-4B8F-A30B-E4D90942FC07): 1
LogDevObjectVersion:   Dev-Automation (0DF73D61-A23F-47EA-B727-89E90C41499A): 1
LogDevObjectVersion:   FortniteMain (601D1886-AC64-4F84-AA16-D3DE0DEAC7D6): 31
LogDevObjectVersion:   Dev-Enterprise (9DFFBCD6-494F-0158-E221-12823C92A888): 10
LogDevObjectVersion:   Dev-Niagara (F2AED0AC-9AFE-416F-8664-AA7FFA26D6FC): 1
LogDevObjectVersion:   Dev-Destruction (174F1F0B-B4C6-45A5-B13F-2EE8D0FB917D): 10
LogDevObjectVersion:   Dev-Physics-Ext (35F94A83-E258-406C-A318-09F59610247C): 37
LogDevObjectVersion:   Dev-PhysicsMaterial-Chaos (B68FC16E-8B1B-42E2-B453-215C058844FE): 1
LogDevObjectVersion:   Dev-CineCamera (B2E18506-4273-CFC2-A54E-F4BB758BBA07): 1
LogInit: Presizing for max 25165824 objects, including 0 objects not considered by GC, pre-allocating 0 bytes for permanent pool.
LogConfig: Applying CVar settings from Section [/Script/Engine.StreamingSettings] File [D:/Tencent/BananaProject/SkywardMuffinStarter/Saved/Config/Windows/Engine.ini]
LogConfig: Setting CVar [[s.MinBulkDataSizeForAsyncLoading:131072]]
LogConfig: Setting CVar [[s.AsyncLoadingThreadEnabled:0]]
LogConfig: Setting CVar [[s.EventDrivenLoaderEnabled:1]]
LogConfig: Setting CVar [[s.WarnIfTimeLimitExceeded:0]]
LogConfig: Setting CVar [[s.TimeLimitExceededMultiplier:1.5]]
LogConfig: Setting CVar [[s.TimeLimitExceededMinTime:0.005]]
LogConfig: Setting CVar [[s.UseBackgroundLevelStreaming:1]]
LogConfig: Setting CVar [[s.PriorityAsyncLoadingExtraTime:15.0]]
LogConfig: Setting CVar [[s.LevelStreamingActorsUpdateTimeLimit:5.0]]
LogConfig: Setting CVar [[s.PriorityLevelStreamingActorsUpdateExtraTime:5.0]]
LogConfig: Setting CVar [[s.LevelStreamingComponentsRegistrationGranularity:10]]
LogConfig: Setting CVar [[s.UnregisterComponentsTimeLimit:1.0]]
LogConfig: Setting CVar [[s.LevelStreamingComponentsUnregistrationGranularity:5]]
LogConfig: Setting CVar [[s.FlushStreamingOnExit:1]]
LogInit: Object subsystem initialized
LogConfig: Setting CVar [[con.DebugEarlyDefault:1]]
LogConfig: Setting CVar [[r.setres:1280x720]]
[2021.05.20-10.22.44:140][  0]LogConfig: Setting CVar [[r.VSync:0]]
[2021.05.20-10.22.44:140][  0]LogConfig: Setting CVar [[r.RHICmdBypass:0]]
[2021.05.20-10.22.44:140][  0]LogConfig: Applying CVar settings from Section [/Script/Engine.RendererSettings] File [D:/Tencent/BananaProject/SkywardMuffinStarter/Saved/Config/Windows/Engine.ini]
[2021.05.20-10.22.44:140][  0]LogConfig: Setting CVar [[r.GPUCrashDebugging:0]]
[2021.05.20-10.22.44:140][  0]LogConfig: Applying CVar settings from Section [/Script/Engine.RendererOverrideSettings] File [D:/Tencent/BananaProject/SkywardMuffinStarter/Saved/Config/Windows/Engine.ini]
[2021.05.20-10.22.44:140][  0]LogConfig: Applying CVar settings from Section [/Script/Engine.StreamingSettings] File [D:/Tencent/BananaProject/SkywardMuffinStarter/Saved/Config/Windows/Engine.ini]
[2021.05.20-10.22.44:140][  0]LogConfig: Setting CVar [[s.MinBulkDataSizeForAsyncLoading:131072]]
[2021.05.20-10.22.44:140][  0]LogConfig: Setting CVar [[s.AsyncLoadingThreadEnabled:0]]
[2021.05.20-10.22.44:140][  0]LogConfig: Setting CVar [[s.EventDrivenLoaderEnabled:1]]
[2021.05.20-10.22.44:140][  0]LogConfig: Setting CVar [[s.WarnIfTimeLimitExceeded:0]]
[2021.05.20-10.22.44:140][  0]LogConfig: Setting CVar [[s.TimeLimitExceededMultiplier:1.5]]
[2021.05.20-10.22.44:140][  0]LogConfig: Setting CVar [[s.TimeLimitExceededMinTime:0.005]]
[2021.05.20-10.22.44:140][  0]LogConfig: Setting CVar [[s.UseBackgroundLevelStreaming:1]]
[2021.05.20-10.22.44:140][  0]LogConfig: Setting CVar [[s.PriorityAsyncLoadingExtraTime:15.0]]
[2021.05.20-10.22.44:140][  0]LogConfig: Setting CVar [[s.LevelStreamingActorsUpdateTimeLimit:5.0]]
[2021.05.20-10.22.44:140][  0]LogConfig: Setting CVar [[s.PriorityLevelStreamingActorsUpdateExtraTime:5.0]]
[2021.05.20-10.22.44:140][  0]LogConfig: Setting CVar [[s.LevelStreamingComponentsRegistrationGranularity:10]]
[2021.05.20-10.22.44:140][  0]LogConfig: Setting CVar [[s.UnregisterComponentsTimeLimit:1.0]]
[2021.05.20-10.22.44:140][  0]LogConfig: Setting CVar [[s.LevelStreamingComponentsUnregistrationGranularity:5]]
[2021.05.20-10.22.44:140][  0]LogConfig: Setting CVar [[s.FlushStreamingOnExit:1]]
[2021.05.20-10.22.44:140][  0]LogConfig: Applying CVar settings from Section [/Script/Engine.GarbageCollectionSettings] File [D:/Tencent/BananaProject/SkywardMuffinStarter/Saved/Config/Windows/Engine.ini]
[2021.05.20-10.22.44:140][  0]LogConfig: Setting CVar [[gc.MaxObjectsNotConsideredByGC:1]]
[2021.05.20-10.22.44:140][  0]LogConfig: Setting CVar [[gc.SizeOfPermanentObjectPool:0]]
[2021.05.20-10.22.44:140][  0]LogConfig: Setting CVar [[gc.FlushStreamingOnGC:0]]
[2021.05.20-10.22.44:140][  0]LogConfig: Setting CVar [[gc.NumRetriesBeforeForcingGC:10]]
[2021.05.20-10.22.44:140][  0]LogConfig: Setting CVar [[gc.AllowParallelGC:1]]
[2021.05.20-10.22.44:140][  0]LogConfig: Setting CVar [[gc.TimeBetweenPurgingPendingKillObjects:61.1]]
[2021.05.20-10.22.44:140][  0]LogConfig: Setting CVar [[gc.MaxObjectsInEditor:25165824]]
[2021.05.20-10.22.44:140][  0]LogConfig: Setting CVar [[gc.IncrementalBeginDestroyEnabled:1]]
[2021.05.20-10.22.44:140][  0]LogConfig: Setting CVar [[gc.CreateGCClusters:1]]
[2021.05.20-10.22.44:140][  0]LogConfig: Setting CVar [[gc.MinGCClusterSize:5]]
[2021.05.20-10.22.44:140][  0]LogConfig: Setting CVar [[gc.ActorClusteringEnabled:0]]
[2021.05.20-10.22.44:140][  0]LogConfig: Setting CVar [[gc.BlueprintClusteringEnabled:0]]
[2021.05.20-10.22.44:140][  0]LogConfig: Setting CVar [[gc.UseDisregardForGCOnDedicatedServers:0]]
[2021.05.20-10.22.44:140][  0]LogConfig: Applying CVar settings from Section [/Script/Engine.NetworkSettings] File [D:/Tencent/BananaProject/SkywardMuffinStarter/Saved/Config/Windows/Engine.ini]
[2021.05.20-10.22.44:140][  0]LogConfig: Applying CVar settings from Section [/Script/UnrealEd.CookerSettings] File [D:/Tencent/BananaProject/SkywardMuffinStarter/Saved/Config/Windows/Engine.ini]
[2021.05.20-10.22.44:141][  0]LogConfig: Applying CVar settings from Section [ViewDistanceQuality@3] File [D:/Tencent/BananaProject/SkywardMuffinStarter/Saved/Config/Windows/Scalability.ini]
[2021.05.20-10.22.44:141][  0]LogConfig: Setting CVar [[r.SkeletalMeshLODBias:0]]
[2021.05.20-10.22.44:141][  0]LogConfig: Setting CVar [[r.ViewDistanceScale:1.0]]
[2021.05.20-10.22.44:141][  0]LogConfig: Applying CVar settings from Section [AntiAliasingQuality@3] File [D:/Tencent/BananaProject/SkywardMuffinStarter/Saved/Config/Windows/Scalability.ini]
[2021.05.20-10.22.44:141][  0]LogConfig: Setting CVar [[r.PostProcessAAQuality:4]]
[2021.05.20-10.22.44:141][  0]LogConfig: Applying CVar settings from Section [ShadowQuality@3] File [D:/Tencent/BananaProject/SkywardMuffinStarter/Saved/Config/Windows/Scalability.ini]
[2021.05.20-10.22.44:141][  0]LogConfig: Setting CVar [[r.LightFunctionQuality:1]]
[2021.05.20-10.22.44:141][  0]LogConfig: Setting CVar [[r.ShadowQuality:5]]
[2021.05.20-10.22.44:141][  0]LogConfig: Setting CVar [[r.Shadow.CSM.MaxCascades:10]]
[2021.05.20-10.22.44:141][  0]LogConfig: Setting CVar [[r.Shadow.MaxResolution:2048]]
[2021.05.20-10.22.44:141][  0]LogConfig: Setting CVar [[r.Shadow.MaxCSMResolution:2048]]
[2021.05.20-10.22.44:141][  0]LogConfig: Setting CVar [[r.Shadow.RadiusThreshold:0.01]]
[2021.05.20-10.22.44:141][  0]LogConfig: Setting CVar [[r.Shadow.DistanceScale:1.0]]
[2021.05.20-10.22.44:141][  0]LogConfig: Setting CVar [[r.Shadow.CSM.TransitionScale:1.0]]
[2021.05.20-10.22.44:141][  0]LogConfig: Setting CVar [[r.Shadow.PreShadowResolutionFactor:1.0]]
[2021.05.20-10.22.44:141][  0]LogConfig: Setting CVar [[r.DistanceFieldShadowing:1]]
[2021.05.20-10.22.44:141][  0]LogConfig: Setting CVar [[r.DistanceFieldAO:1]]
[2021.05.20-10.22.44:141][  0]LogConfig: Setting CVar [[r.AOQuality:2]]
[2021.05.20-10.22.44:141][  0]LogConfig: Setting CVar [[r.VolumetricFog:1]]
[2021.05.20-10.22.44:141][  0]LogConfig: Setting CVar [[r.VolumetricFog.GridPixelSize:8]]
[2021.05.20-10.22.44:141][  0]LogConfig: Setting CVar [[r.VolumetricFog.GridSizeZ:128]]
[2021.05.20-10.22.44:142][  0]LogConfig: Setting CVar [[r.VolumetricFog.HistoryMissSupersampleCount:4]]
[2021.05.20-10.22.44:142][  0]LogConfig: Setting CVar [[r.LightMaxDrawDistanceScale:1]]
[2021.05.20-10.22.44:142][  0]LogConfig: Setting CVar [[r.CapsuleShadows:1]]
[2021.05.20-10.22.44:142][  0]LogConfig: Applying CVar settings from Section [PostProcessQuality@3] File [D:/Tencent/BananaProject/SkywardMuffinStarter/Saved/Config/Windows/Scalability.ini]
[2021.05.20-10.22.44:142][  0]LogConfig: Setting CVar [[r.MotionBlurQuality:4]]
[2021.05.20-10.22.44:142][  0]LogConfig: Setting CVar [[r.AmbientOcclusionMipLevelFactor:0.4]]
[2021.05.20-10.22.44:142][  0]LogConfig: Setting CVar [[r.AmbientOcclusionMaxQuality:100]]
[2021.05.20-10.22.44:142][  0]LogConfig: Setting CVar [[r.AmbientOcclusionLevels:-1]]
[2021.05.20-10.22.44:142][  0]LogConfig: Setting CVar [[r.AmbientOcclusionRadiusScale:1.0]]
[2021.05.20-10.22.44:142][  0]LogConfig: Setting CVar [[r.DepthOfFieldQuality:2]]
[2021.05.20-10.22.44:142][  0]LogConfig: Setting CVar [[r.RenderTargetPoolMin:400]]
[2021.05.20-10.22.44:142][  0]LogConfig: Setting CVar [[r.LensFlareQuality:2]]
[2021.05.20-10.22.44:142][  0]LogConfig: Setting CVar [[r.SceneColorFringeQuality:1]]
[2021.05.20-10.22.44:142][  0]LogConfig: Setting CVar [[r.EyeAdaptationQuality:2]]
[2021.05.20-10.22.44:142][  0]LogConfig: Setting CVar [[r.BloomQuality:5]]
[2021.05.20-10.22.44:142][  0]LogConfig: Setting CVar [[r.FastBlurThreshold:100]]
[2021.05.20-10.22.44:142][  0]LogConfig: Setting CVar [[r.Upscale.Quality:3]]
[2021.05.20-10.22.44:142][  0]LogConfig: Setting CVar [[r.Tonemapper.GrainQuantization:1]]
[2021.05.20-10.22.44:142][  0]LogConfig: Setting CVar [[r.LightShaftQuality:1]]
[2021.05.20-10.22.44:142][  0]LogConfig: Setting CVar [[r.Filter.SizeScale:1]]
[2021.05.20-10.22.44:142][  0]LogConfig: Setting CVar [[r.Tonemapper.Quality:5]]
[2021.05.20-10.22.44:142][  0]LogConfig: Setting CVar [[r.DOF.Gather.AccumulatorQuality:1        ; higher gathering accumulator quality]]
[2021.05.20-10.22.44:142][  0]LogConfig: Setting CVar [[r.DOF.Gather.PostfilterMethod:1          ; Median3x3 postfilering method]]
[2021.05.20-10.22.44:142][  0]LogConfig: Setting CVar [[r.DOF.Gather.EnableBokehSettings:0       ; no bokeh simulation when gathering]]
[2021.05.20-10.22.44:142][  0]LogConfig: Setting CVar [[r.DOF.Gather.RingCount:4                 ; medium number of samples when gathering]]
[2021.05.20-10.22.44:142][  0]LogConfig: Setting CVar [[r.DOF.Scatter.ForegroundCompositing:1    ; additive foreground scattering]]
[2021.05.20-10.22.44:142][  0]LogConfig: Setting CVar [[r.DOF.Scatter.BackgroundCompositing:2    ; additive background scattering]]
[2021.05.20-10.22.44:142][  0]LogConfig: Setting CVar [[r.DOF.Scatter.EnableBokehSettings:1      ; bokeh simulation when scattering]]
[2021.05.20-10.22.44:142][  0]LogConfig: Setting CVar [[r.DOF.Scatter.MaxSpriteRatio:0.1         ; only a maximum of 10% of scattered bokeh]]
[2021.05.20-10.22.44:142][  0]LogConfig: Setting CVar [[r.DOF.Recombine.Quality:1                ; cheap slight out of focus]]
[2021.05.20-10.22.44:142][  0]LogConfig: Setting CVar [[r.DOF.Recombine.EnableBokehSettings:0    ; no bokeh simulation on slight out of focus]]
[2021.05.20-10.22.44:142][  0]LogConfig: Setting CVar [[r.DOF.TemporalAAQuality:1                ; more stable temporal accumulation]]
[2021.05.20-10.22.44:142][  0]LogConfig: Setting CVar [[r.DOF.Kernel.MaxForegroundRadius:0.025]]
[2021.05.20-10.22.44:142][  0]LogConfig: Setting CVar [[r.DOF.Kernel.MaxBackgroundRadius:0.025]]
[2021.05.20-10.22.44:142][  0]LogConfig: Applying CVar settings from Section [TextureQuality@3] File [D:/Tencent/BananaProject/SkywardMuffinStarter/Saved/Config/Windows/Scalability.ini]
[2021.05.20-10.22.44:142][  0]LogConfig: Setting CVar [[r.Streaming.MipBias:0]]
[2021.05.20-10.22.44:142][  0]LogConfig: Setting CVar [[r.Streaming.AmortizeCPUToGPUCopy:0]]
[2021.05.20-10.22.44:142][  0]LogConfig: Setting CVar [[r.Streaming.MaxNumTexturesToStreamPerFrame:0]]
[2021.05.20-10.22.44:142][  0]LogConfig: Setting CVar [[r.Streaming.Boost:1]]
[2021.05.20-10.22.44:142][  0]LogConfig: Setting CVar [[r.MaxAnisotropy:8]]
[2021.05.20-10.22.44:142][  0]LogConfig: Setting CVar [[r.VT.MaxAnisotropy:8]]
[2021.05.20-10.22.44:142][  0]LogConfig: Setting CVar [[r.Streaming.LimitPoolSizeToVRAM:0]]
[2021.05.20-10.22.44:142][  0]LogConfig: Setting CVar [[r.Streaming.PoolSize:1000]]
[2021.05.20-10.22.44:142][  0]LogConfig: Setting CVar [[r.Streaming.MaxEffectiveScreenSize:0]]
[2021.05.20-10.22.44:142][  0]LogConfig: Applying CVar settings from Section [EffectsQuality@3] File [D:/Tencent/BananaProject/SkywardMuffinStarter/Saved/Config/Windows/Scalability.ini]
[2021.05.20-10.22.44:142][  0]LogConfig: Setting CVar [[r.TranslucencyLightingVolumeDim:64]]
[2021.05.20-10.22.44:142][  0]LogConfig: Setting CVar [[r.RefractionQuality:2]]
[2021.05.20-10.22.44:142][  0]LogConfig: Setting CVar [[r.SSR.Quality:3]]
[2021.05.20-10.22.44:142][  0]LogConfig: Setting CVar [[r.SSR.HalfResSceneColor:0]]
[2021.05.20-10.22.44:142][  0]LogConfig: Setting CVar [[r.SceneColorFormat:4]]
[2021.05.20-10.22.44:142][  0]LogConfig: Setting CVar [[r.DetailMode:2]]
[2021.05.20-10.22.44:142][  0]LogConfig: Setting CVar [[r.TranslucencyVolumeBlur:1]]
[2021.05.20-10.22.44:142][  0]LogConfig: Setting CVar [[r.MaterialQualityLevel:1 ; High quality]]
[2021.05.20-10.22.44:142][  0]LogConfig: Setting CVar [[r.SSS.Scale:1]]
[2021.05.20-10.22.44:142][  0]LogConfig: Setting CVar [[r.SSS.SampleSet:2]]
[2021.05.20-10.22.44:142][  0]LogConfig: Setting CVar [[r.SSS.Quality:1]]
[2021.05.20-10.22.44:142][  0]LogConfig: Setting CVar [[r.SSS.HalfRes:0]]
[2021.05.20-10.22.44:142][  0]LogConfig: Setting CVar [[r.SSGI.Quality:3]]
[2021.05.20-10.22.44:142][  0]LogConfig: Setting CVar [[r.EmitterSpawnRateScale:1.0]]
[2021.05.20-10.22.44:142][  0]LogConfig: Setting CVar [[r.ParticleLightQuality:2]]
[2021.05.20-10.22.44:142][  0]LogConfig: Setting CVar [[r.SkyAtmosphere.AerialPerspectiveLUT.FastApplyOnOpaque:1 ; Always have FastSkyLUT 1 in this case to avoid wrong sky]]
[2021.05.20-10.22.44:142][  0]LogConfig: Setting CVar [[r.SkyAtmosphere.AerialPerspectiveLUT.SampleCountPerSlice:1]]
[2021.05.20-10.22.44:142][  0]LogConfig: Setting CVar [[r.SkyAtmosphere.AerialPerspectiveLUT.DepthResolution:16.0]]
[2021.05.20-10.22.44:142][  0]LogConfig: Setting CVar [[r.SkyAtmosphere.FastSkyLUT:1]]
[2021.05.20-10.22.44:142][  0]LogConfig: Setting CVar [[r.SkyAtmosphere.FastSkyLUT.SampleCountMin:4.0]]
[2021.05.20-10.22.44:142][  0]LogConfig: Setting CVar [[r.SkyAtmosphere.FastSkyLUT.SampleCountMax:32.0]]
[2021.05.20-10.22.44:142][  0]LogConfig: Setting CVar [[r.SkyAtmosphere.SampleCountMin:4.0]]
[2021.05.20-10.22.44:142][  0]LogConfig: Setting CVar [[r.SkyAtmosphere.SampleCountMax:32.0]]
[2021.05.20-10.22.44:142][  0]LogConfig: Setting CVar [[r.SkyAtmosphere.TransmittanceLUT.UseSmallFormat:0]]
[2021.05.20-10.22.44:142][  0]LogConfig: Setting CVar [[r.SkyAtmosphere.TransmittanceLUT.SampleCount:10.0]]
[2021.05.20-10.22.44:142][  0]LogConfig: Setting CVar [[r.SkyAtmosphere.MultiScatteringLUT.SampleCount:15.0]]
[2021.05.20-10.22.44:142][  0]LogConfig: Applying CVar settings from Section [FoliageQuality@3] File [D:/Tencent/BananaProject/SkywardMuffinStarter/Saved/Config/Windows/Scalability.ini]
[2021.05.20-10.22.44:142][  0]LogConfig: Setting CVar [[foliage.DensityScale:1.0]]
[2021.05.20-10.22.44:142][  0]LogConfig: Setting CVar [[grass.DensityScale:1.0]]
[2021.05.20-10.22.44:142][  0]LogConfig: Applying CVar settings from Section [ShadingQuality@3] File [D:/Tencent/BananaProject/SkywardMuffinStarter/Saved/Config/Windows/Scalability.ini]
[2021.05.20-10.22.44:142][  0]LogConfig: Setting CVar [[r.HairStrands.SkyLighting.SampleCount:16]]
[2021.05.20-10.22.44:142][  0]LogConfig: Setting CVar [[r.HairStrands.SkyLighting.JitterIntegration:0]]
[2021.05.20-10.22.44:142][  0]LogConfig: Setting CVar [[r.HairStrands.SkyAO.SampleCount:16]]
[2021.05.20-10.22.44:142][  0]LogConfig: Setting CVar [[r.HairStrands.DeepShadow.SuperSampling:0]]
[2021.05.20-10.22.44:142][  0]LogConfig: Setting CVar [[r.HairStrands.VisibilityPPLL:0]]
[2021.05.20-10.22.44:142][  0]LogConfig: Setting CVar [[r.HairStrands.RasterizationScale:0.5]]
[2021.05.20-10.22.44:142][  0]LogConfig: Setting CVar [[r.HairStrands.VelocityRasterizationScale:1]]
[2021.05.20-10.22.44:142][  0]LogInit: Selected Device Profile: [Windows]
[2021.05.20-10.22.44:142][  0]LogInit: Applying CVar settings loaded from the selected device profile: [Windows]
[2021.05.20-10.22.44:142][  0]LogHAL: Display: Platform has ~ 32 GB [34299363328 / 34359738368 / 32], which maps to Largest [LargestMinGB=32, LargerMinGB=12, DefaultMinGB=8, SmallerMinGB=6, SmallestMinGB=0)
[2021.05.20-10.22.44:142][  0]LogInit: Going up to parent DeviceProfile []
[2021.05.20-10.22.44:142][  0]LogConfig: Applying CVar settings from Section [ViewDistanceQuality@3] File [D:/Tencent/BananaProject/SkywardMuffinStarter/Saved/Config/Windows/Scalability.ini]
[2021.05.20-10.22.44:142][  0]LogConfig: Setting CVar [[r.SkeletalMeshLODBias:0]]
[2021.05.20-10.22.44:143][  0]LogConfig: Setting CVar [[r.ViewDistanceScale:1.0]]
[2021.05.20-10.22.44:143][  0]LogConfig: Applying CVar settings from Section [AntiAliasingQuality@3] File [D:/Tencent/BananaProject/SkywardMuffinStarter/Saved/Config/Windows/Scalability.ini]
[2021.05.20-10.22.44:143][  0]LogConfig: Setting CVar [[r.PostProcessAAQuality:4]]
[2021.05.20-10.22.44:143][  0]LogConfig: Applying CVar settings from Section [ShadowQuality@3] File [D:/Tencent/BananaProject/SkywardMuffinStarter/Saved/Config/Windows/Scalability.ini]
[2021.05.20-10.22.44:143][  0]LogConfig: Setting CVar [[r.LightFunctionQuality:1]]
[2021.05.20-10.22.44:143][  0]LogConfig: Setting CVar [[r.ShadowQuality:5]]
[2021.05.20-10.22.44:143][  0]LogConfig: Setting CVar [[r.Shadow.CSM.MaxCascades:10]]
[2021.05.20-10.22.44:143][  0]LogConfig: Setting CVar [[r.Shadow.MaxResolution:2048]]
[2021.05.20-10.22.44:143][  0]LogConfig: Setting CVar [[r.Shadow.MaxCSMResolution:2048]]
[2021.05.20-10.22.44:143][  0]LogConfig: Setting CVar [[r.Shadow.RadiusThreshold:0.01]]
[2021.05.20-10.22.44:143][  0]LogConfig: Setting CVar [[r.Shadow.DistanceScale:1.0]]
[2021.05.20-10.22.44:143][  0]LogConfig: Setting CVar [[r.Shadow.CSM.TransitionScale:1.0]]
[2021.05.20-10.22.44:143][  0]LogConfig: Setting CVar [[r.Shadow.PreShadowResolutionFactor:1.0]]
[2021.05.20-10.22.44:143][  0]LogConfig: Setting CVar [[r.DistanceFieldShadowing:1]]
[2021.05.20-10.22.44:143][  0]LogConfig: Setting CVar [[r.DistanceFieldAO:1]]
[2021.05.20-10.22.44:143][  0]LogConfig: Setting CVar [[r.AOQuality:2]]
[2021.05.20-10.22.44:143][  0]LogConfig: Setting CVar [[r.VolumetricFog:1]]
[2021.05.20-10.22.44:143][  0]LogConfig: Setting CVar [[r.VolumetricFog.GridPixelSize:8]]
[2021.05.20-10.22.44:143][  0]LogConfig: Setting CVar [[r.VolumetricFog.GridSizeZ:128]]
[2021.05.20-10.22.44:143][  0]LogConfig: Setting CVar [[r.VolumetricFog.HistoryMissSupersampleCount:4]]
[2021.05.20-10.22.44:143][  0]LogConfig: Setting CVar [[r.LightMaxDrawDistanceScale:1]]
[2021.05.20-10.22.44:143][  0]LogConfig: Setting CVar [[r.CapsuleShadows:1]]
[2021.05.20-10.22.44:143][  0]LogConfig: Applying CVar settings from Section [PostProcessQuality@3] File [D:/Tencent/BananaProject/SkywardMuffinStarter/Saved/Config/Windows/Scalability.ini]
[2021.05.20-10.22.44:143][  0]LogConfig: Setting CVar [[r.MotionBlurQuality:4]]
[2021.05.20-10.22.44:143][  0]LogConfig: Setting CVar [[r.AmbientOcclusionMipLevelFactor:0.4]]
[2021.05.20-10.22.44:143][  0]LogConfig: Setting CVar [[r.AmbientOcclusionMaxQuality:100]]
[2021.05.20-10.22.44:143][  0]LogConfig: Setting CVar [[r.AmbientOcclusionLevels:-1]]
[2021.05.20-10.22.44:143][  0]LogConfig: Setting CVar [[r.AmbientOcclusionRadiusScale:1.0]]
[2021.05.20-10.22.44:143][  0]LogConfig: Setting CVar [[r.DepthOfFieldQuality:2]]
[2021.05.20-10.22.44:143][  0]LogConfig: Setting CVar [[r.RenderTargetPoolMin:400]]
[2021.05.20-10.22.44:143][  0]LogConfig: Setting CVar [[r.LensFlareQuality:2]]
[2021.05.20-10.22.44:143][  0]LogConfig: Setting CVar [[r.SceneColorFringeQuality:1]]
[2021.05.20-10.22.44:143][  0]LogConfig: Setting CVar [[r.EyeAdaptationQuality:2]]
[2021.05.20-10.22.44:143][  0]LogConfig: Setting CVar [[r.BloomQuality:5]]
[2021.05.20-10.22.44:143][  0]LogConfig: Setting CVar [[r.FastBlurThreshold:100]]
[2021.05.20-10.22.44:143][  0]LogConfig: Setting CVar [[r.Upscale.Quality:3]]
[2021.05.20-10.22.44:143][  0]LogConfig: Setting CVar [[r.Tonemapper.GrainQuantization:1]]
[2021.05.20-10.22.44:143][  0]LogConfig: Setting CVar [[r.LightShaftQuality:1]]
[2021.05.20-10.22.44:143][  0]LogConfig: Setting CVar [[r.Filter.SizeScale:1]]
[2021.05.20-10.22.44:143][  0]LogConfig: Setting CVar [[r.Tonemapper.Quality:5]]
[2021.05.20-10.22.44:143][  0]LogConfig: Setting CVar [[r.DOF.Gather.AccumulatorQuality:1        ; higher gathering accumulator quality]]
[2021.05.20-10.22.44:143][  0]LogConfig: Setting CVar [[r.DOF.Gather.PostfilterMethod:1          ; Median3x3 postfilering method]]
[2021.05.20-10.22.44:143][  0]LogConfig: Setting CVar [[r.DOF.Gather.EnableBokehSettings:0       ; no bokeh simulation when gathering]]
[2021.05.20-10.22.44:143][  0]LogConfig: Setting CVar [[r.DOF.Gather.RingCount:4                 ; medium number of samples when gathering]]
[2021.05.20-10.22.44:143][  0]LogConfig: Setting CVar [[r.DOF.Scatter.ForegroundCompositing:1    ; additive foreground scattering]]
[2021.05.20-10.22.44:143][  0]LogConfig: Setting CVar [[r.DOF.Scatter.BackgroundCompositing:2    ; additive background scattering]]
[2021.05.20-10.22.44:143][  0]LogConfig: Setting CVar [[r.DOF.Scatter.EnableBokehSettings:1      ; bokeh simulation when scattering]]
[2021.05.20-10.22.44:143][  0]LogConfig: Setting CVar [[r.DOF.Scatter.MaxSpriteRatio:0.1         ; only a maximum of 10% of scattered bokeh]]
[2021.05.20-10.22.44:143][  0]LogConfig: Setting CVar [[r.DOF.Recombine.Quality:1                ; cheap slight out of focus]]
[2021.05.20-10.22.44:143][  0]LogConfig: Setting CVar [[r.DOF.Recombine.EnableBokehSettings:0    ; no bokeh simulation on slight out of focus]]
[2021.05.20-10.22.44:143][  0]LogConfig: Setting CVar [[r.DOF.TemporalAAQuality:1                ; more stable temporal accumulation]]
[2021.05.20-10.22.44:143][  0]LogConfig: Setting CVar [[r.DOF.Kernel.MaxForegroundRadius:0.025]]
[2021.05.20-10.22.44:143][  0]LogConfig: Setting CVar [[r.DOF.Kernel.MaxBackgroundRadius:0.025]]
[2021.05.20-10.22.44:143][  0]LogConfig: Applying CVar settings from Section [TextureQuality@3] File [D:/Tencent/BananaProject/SkywardMuffinStarter/Saved/Config/Windows/Scalability.ini]
[2021.05.20-10.22.44:143][  0]LogConfig: Setting CVar [[r.Streaming.MipBias:0]]
[2021.05.20-10.22.44:143][  0]LogConfig: Setting CVar [[r.Streaming.AmortizeCPUToGPUCopy:0]]
[2021.05.20-10.22.44:143][  0]LogConfig: Setting CVar [[r.Streaming.MaxNumTexturesToStreamPerFrame:0]]
[2021.05.20-10.22.44:143][  0]LogConfig: Setting CVar [[r.Streaming.Boost:1]]
[2021.05.20-10.22.44:143][  0]LogConfig: Setting CVar [[r.MaxAnisotropy:8]]
[2021.05.20-10.22.44:143][  0]LogConfig: Setting CVar [[r.VT.MaxAnisotropy:8]]
[2021.05.20-10.22.44:143][  0]LogConfig: Setting CVar [[r.Streaming.LimitPoolSizeToVRAM:0]]
[2021.05.20-10.22.44:143][  0]LogConfig: Setting CVar [[r.Streaming.PoolSize:1000]]
[2021.05.20-10.22.44:143][  0]LogConfig: Setting CVar [[r.Streaming.MaxEffectiveScreenSize:0]]
[2021.05.20-10.22.44:143][  0]LogConfig: Applying CVar settings from Section [EffectsQuality@3] File [D:/Tencent/BananaProject/SkywardMuffinStarter/Saved/Config/Windows/Scalability.ini]
[2021.05.20-10.22.44:143][  0]LogConfig: Setting CVar [[r.TranslucencyLightingVolumeDim:64]]
[2021.05.20-10.22.44:143][  0]LogConfig: Setting CVar [[r.RefractionQuality:2]]
[2021.05.20-10.22.44:143][  0]LogConfig: Setting CVar [[r.SSR.Quality:3]]
[2021.05.20-10.22.44:143][  0]LogConfig: Setting CVar [[r.SSR.HalfResSceneColor:0]]
[2021.05.20-10.22.44:143][  0]LogConfig: Setting CVar [[r.SceneColorFormat:4]]
[2021.05.20-10.22.44:143][  0]LogConfig: Setting CVar [[r.DetailMode:2]]
[2021.05.20-10.22.44:143][  0]LogConfig: Setting CVar [[r.TranslucencyVolumeBlur:1]]
[2021.05.20-10.22.44:143][  0]LogConfig: Setting CVar [[r.MaterialQualityLevel:1 ; High quality]]
[2021.05.20-10.22.44:143][  0]LogConfig: Setting CVar [[r.SSS.Scale:1]]
[2021.05.20-10.22.44:143][  0]LogConfig: Setting CVar [[r.SSS.SampleSet:2]]
[2021.05.20-10.22.44:143][  0]LogConfig: Setting CVar [[r.SSS.Quality:1]]
[2021.05.20-10.22.44:143][  0]LogConfig: Setting CVar [[r.SSS.HalfRes:0]]
[2021.05.20-10.22.44:143][  0]LogConfig: Setting CVar [[r.SSGI.Quality:3]]
[2021.05.20-10.22.44:143][  0]LogConfig: Setting CVar [[r.EmitterSpawnRateScale:1.0]]
[2021.05.20-10.22.44:143][  0]LogConfig: Setting CVar [[r.ParticleLightQuality:2]]
[2021.05.20-10.22.44:143][  0]LogConfig: Setting CVar [[r.SkyAtmosphere.AerialPerspectiveLUT.FastApplyOnOpaque:1 ; Always have FastSkyLUT 1 in this case to avoid wrong sky]]
[2021.05.20-10.22.44:143][  0]LogConfig: Setting CVar [[r.SkyAtmosphere.AerialPerspectiveLUT.SampleCountPerSlice:1]]
[2021.05.20-10.22.44:143][  0]LogConfig: Setting CVar [[r.SkyAtmosphere.AerialPerspectiveLUT.DepthResolution:16.0]]
[2021.05.20-10.22.44:143][  0]LogConfig: Setting CVar [[r.SkyAtmosphere.FastSkyLUT:1]]
[2021.05.20-10.22.44:143][  0]LogConfig: Setting CVar [[r.SkyAtmosphere.FastSkyLUT.SampleCountMin:4.0]]
[2021.05.20-10.22.44:143][  0]LogConfig: Setting CVar [[r.SkyAtmosphere.FastSkyLUT.SampleCountMax:32.0]]
[2021.05.20-10.22.44:143][  0]LogConfig: Setting CVar [[r.SkyAtmosphere.SampleCountMin:4.0]]
[2021.05.20-10.22.44:143][  0]LogConfig: Setting CVar [[r.SkyAtmosphere.SampleCountMax:32.0]]
[2021.05.20-10.22.44:143][  0]LogConfig: Setting CVar [[r.SkyAtmosphere.TransmittanceLUT.UseSmallFormat:0]]
[2021.05.20-10.22.44:143][  0]LogConfig: Setting CVar [[r.SkyAtmosphere.TransmittanceLUT.SampleCount:10.0]]
[2021.05.20-10.22.44:143][  0]LogConfig: Setting CVar [[r.SkyAtmosphere.MultiScatteringLUT.SampleCount:15.0]]
[2021.05.20-10.22.44:143][  0]LogConfig: Applying CVar settings from Section [FoliageQuality@3] File [D:/Tencent/BananaProject/SkywardMuffinStarter/Saved/Config/Windows/Scalability.ini]
[2021.05.20-10.22.44:143][  0]LogConfig: Setting CVar [[foliage.DensityScale:1.0]]
[2021.05.20-10.22.44:143][  0]LogConfig: Setting CVar [[grass.DensityScale:1.0]]
[2021.05.20-10.22.44:143][  0]LogConfig: Applying CVar settings from Section [ShadingQuality@3] File [D:/Tencent/BananaProject/SkywardMuffinStarter/Saved/Config/Windows/Scalability.ini]
[2021.05.20-10.22.44:143][  0]LogConfig: Setting CVar [[r.HairStrands.SkyLighting.SampleCount:16]]
[2021.05.20-10.22.44:143][  0]LogConfig: Setting CVar [[r.HairStrands.SkyLighting.JitterIntegration:0]]
[2021.05.20-10.22.44:143][  0]LogConfig: Setting CVar [[r.HairStrands.SkyAO.SampleCount:16]]
[2021.05.20-10.22.44:143][  0]LogConfig: Setting CVar [[r.HairStrands.DeepShadow.SuperSampling:0]]
[2021.05.20-10.22.44:144][  0]LogConfig: Setting CVar [[r.HairStrands.VisibilityPPLL:0]]
[2021.05.20-10.22.44:144][  0]LogConfig: Setting CVar [[r.HairStrands.RasterizationScale:0.5]]
[2021.05.20-10.22.44:144][  0]LogConfig: Setting CVar [[r.HairStrands.VelocityRasterizationScale:1]]
[2021.05.20-10.22.44:144][  0]LogConfig: Applying CVar settings from Section [Startup] File [../../../Engine/Config/ConsoleVariables.ini]
[2021.05.20-10.22.44:144][  0]LogConfig: Setting CVar [[net.UseAdaptiveNetUpdateFrequency:0]]
[2021.05.20-10.22.44:144][  0]LogConfig: Setting CVar [[p.chaos.AllowCreatePhysxBodies:1]]
[2021.05.20-10.22.44:144][  0]LogConfig: Setting CVar [[fx.SkipVectorVMBackendOptimizations:1]]
[2021.05.20-10.22.44:144][  0]LogConfig: Applying CVar settings from Section [ConsoleVariables] File [D:/Tencent/BananaProject/SkywardMuffinStarter/Saved/Config/Windows/Engine.ini]
[2021.05.20-10.22.44:144][  0]LogInit: Computer: DESKTOP-UODJMNG
[2021.05.20-10.22.44:144][  0]LogInit: User: AORUS
[2021.05.20-10.22.44:144][  0]LogInit: CPU Page size=4096, Cores=8
[2021.05.20-10.22.44:144][  0]LogInit: High frequency timer resolution =10.000000 MHz
[2021.05.20-10.22.44:144][  0]LogMemory: Memory total: Physical=31.9GB (32GB approx)
[2021.05.20-10.22.44:144][  0]LogMemory: Platform Memory Stats for Windows
[2021.05.20-10.22.44:144][  0]LogMemory: Process Physical Memory: 116.20 MB used, 116.21 MB peak
[2021.05.20-10.22.44:144][  0]LogMemory: Process Virtual Memory: 96.87 MB used, 96.87 MB peak
[2021.05.20-10.22.44:144][  0]LogMemory: Physical Memory: 9191.84 MB used,  23518.58 MB free, 32710.42 MB total
[2021.05.20-10.22.44:144][  0]LogMemory: Virtual Memory: 5168.87 MB used,  134212560.00 MB free, 134217728.00 MB total
[2021.05.20-10.22.44:149][  0]LogWindows: WindowsPlatformFeatures enabled
[2021.05.20-10.22.44:184][  0]LogInit: Physics initialised using underlying interface: PhysX
[2021.05.20-10.22.44:184][  0]LogInit: Using OS detected language (zh-CN).
[2021.05.20-10.22.44:184][  0]LogInit: Using OS detected locale (zh-CN).
[2021.05.20-10.22.44:187][  0]LogTextLocalizationManager: No specific localization for 'zh-CN' exists, so the 'zh-Hans' localization will be used.
[2021.05.20-10.22.44:264][  0]LogTextLocalizationResource: LocRes '../../../Engine/Content/Localization/Editor/zh/Editor.locres' could not be opened for reading!
[2021.05.20-10.22.44:264][  0]LogTextLocalizationResource: LocRes '../../../Engine/Content/Localization/EditorTutorials/zh/EditorTutorials.locres' could not be opened for reading!
[2021.05.20-10.22.44:264][  0]LogTextLocalizationResource: LocRes '../../../Engine/Content/Localization/Keywords/zh/Keywords.locres' could not be opened for reading!
[2021.05.20-10.22.44:264][  0]LogTextLocalizationResource: LocRes '../../../Engine/Content/Localization/Category/zh/Category.locres' could not be opened for reading!
[2021.05.20-10.22.44:264][  0]LogTextLocalizationResource: LocRes '../../../Engine/Content/Localization/ToolTips/zh/ToolTips.locres' could not be opened for reading!
[2021.05.20-10.22.44:264][  0]LogTextLocalizationResource: LocRes '../../../Engine/Content/Localization/PropertyNames/zh/PropertyNames.locres' could not be opened for reading!
[2021.05.20-10.22.44:264][  0]LogTextLocalizationResource: LocRes '../../../Engine/Content/Localization/Engine/zh/Engine.locres' could not be opened for reading!
[2021.05.20-10.22.44:264][  0]LogTextLocalizationResource: LocRes '../../../Engine/Plugins/Online/Android/OnlineSubsystemGooglePlay/Content/Localization/OnlineSubsystemGooglePlay/zh/OnlineSubsystemGooglePlay.locres' could not be opened for reading!
[2021.05.20-10.22.44:264][  0]LogTextLocalizationResource: LocRes '../../../Engine/Plugins/Online/IOS/OnlineSubsystemIOS/Content/Localization/OnlineSubsystemIOS/zh/OnlineSubsystemIOS.locres' could not be opened for reading!
[2021.05.20-10.22.44:264][  0]LogTextLocalizationResource: LocRes '../../../Engine/Plugins/Online/OnlineSubsystem/Content/Localization/OnlineSubsystem/zh/OnlineSubsystem.locres' could not be opened for reading!
[2021.05.20-10.22.44:264][  0]LogTextLocalizationResource: LocRes '../../../Engine/Plugins/Online/OnlineSubsystemUtils/Content/Localization/OnlineSubsystemUtils/zh/OnlineSubsystemUtils.locres' could not be opened for reading!
[2021.05.20-10.22.44:308][  0]LogInit: Setting process to per monitor DPI aware
[2021.05.20-10.22.44:327][  0]LogSlate: New Slate User Created.  User Index 0, Is Virtual User: 0
[2021.05.20-10.22.44:327][  0]LogSlate: Slate User Registered.  User Index 0, Is Virtual User: 0
[2021.05.20-10.22.44:430][  0]LogHMD: Failed to initialize OpenVR with code 110
[2021.05.20-10.22.44:430][  0]LogD3D11RHI: D3D11 min allowed feature level: 11_0
[2021.05.20-10.22.44:430][  0]LogD3D11RHI: D3D11 max allowed feature level: 11_0
[2021.05.20-10.22.44:430][  0]LogD3D11RHI: D3D11 adapters:
[2021.05.20-10.22.44:527][  0]LogD3D11RHI:    0. 'NVIDIA GeForce RTX 2060 SUPER' (Feature Level 11_0)
[2021.05.20-10.22.44:527][  0]LogD3D11RHI:       8031/0/16355 MB DedicatedVideo/DedicatedSystem/SharedSystem, Outputs:1, VendorId:0x10de
[2021.05.20-10.22.44:529][  0]LogD3D11RHI:    1. 'Microsoft Basic Render Driver' (Feature Level 11_0)
[2021.05.20-10.22.44:529][  0]LogD3D11RHI:       0/0/16355 MB DedicatedVideo/DedicatedSystem/SharedSystem, Outputs:0, VendorId:0x1414
[2021.05.20-10.22.44:529][  0]LogD3D11RHI: Chosen D3D11 Adapter: 0
[2021.05.20-10.22.44:534][  0]LogD3D11RHI: Creating new Direct3DDevice
[2021.05.20-10.22.44:534][  0]LogD3D11RHI:     GPU DeviceId: 0x1f06 (for the marketing name, search the web for "GPU Device Id")
[2021.05.20-10.22.44:534][  0]LogWindows: EnumDisplayDevices:
[2021.05.20-10.22.44:534][  0]LogWindows:    0. 'NVIDIA GeForce RTX 2060 SUPER' (P:1 D:1)
[2021.05.20-10.22.44:534][  0]LogWindows:    1. 'NVIDIA GeForce RTX 2060 SUPER' (P:0 D:0)
[2021.05.20-10.22.44:534][  0]LogWindows:    2. 'NVIDIA GeForce RTX 2060 SUPER' (P:0 D:0)
[2021.05.20-10.22.44:534][  0]LogWindows:    3. 'NVIDIA GeForce RTX 2060 SUPER' (P:0 D:0)
[2021.05.20-10.22.44:534][  0]LogWindows: DebugString: FoundDriverCount:4 
[2021.05.20-10.22.44:534][  0]LogD3D11RHI:     Adapter Name: NVIDIA GeForce RTX 2060 SUPER
[2021.05.20-10.22.44:534][  0]LogD3D11RHI:   Driver Version: 466.11 (internal:27.21.14.6611, unified:466.11)
[2021.05.20-10.22.44:534][  0]LogD3D11RHI:      Driver Date: 4-12-2021
[2021.05.20-10.22.44:534][  0]LogRHI: Texture pool is 5621 MB (70% of 8031 MB)
[2021.05.20-10.22.44:603][  0]LogD3D11RHI: RHI has support for 64 bit atomics
[2021.05.20-10.22.44:603][  0]LogD3D11RHI: Async texture creation enabled
[2021.05.20-10.22.44:603][  0]LogD3D11RHI: Array index from any shader is supported
[2021.05.20-10.22.44:627][  0]LogD3D11RHI: GPU Timing Frequency: 1000.000000 (Debug: 2 1)
[2021.05.20-10.22.44:846][  0]LogTargetPlatformManager: Display: Loaded TargetPlatform 'AllDesktop'
[2021.05.20-10.22.44:863][  0]LogTargetPlatformManager: Display: Loaded TargetPlatform 'Android'
[2021.05.20-10.22.44:863][  0]LogTargetPlatformManager: Display: Loaded TargetPlatform 'Android_ASTC'
[2021.05.20-10.22.44:863][  0]LogTargetPlatformManager: Display: Loaded TargetPlatform 'Android_DXT'
[2021.05.20-10.22.44:863][  0]LogTargetPlatformManager: Display: Loaded TargetPlatform 'Android_ETC2'
[2021.05.20-10.22.44:863][  0]LogTargetPlatformManager: Display: Loaded TargetPlatform 'AndroidClient'
[2021.05.20-10.22.44:863][  0]LogTargetPlatformManager: Display: Loaded TargetPlatform 'Android_ASTCClient'
[2021.05.20-10.22.44:863][  0]LogTargetPlatformManager: Display: Loaded TargetPlatform 'Android_DXTClient'
[2021.05.20-10.22.44:863][  0]LogTargetPlatformManager: Display: Loaded TargetPlatform 'Android_ETC2Client'
[2021.05.20-10.22.44:863][  0]LogTargetPlatformManager: Display: Loaded TargetPlatform 'Android_Multi'
[2021.05.20-10.22.44:863][  0]LogTargetPlatformManager: Display: Loaded TargetPlatform 'Android_MultiClient'
[2021.05.20-10.22.44:882][  0]LogTargetPlatformManager: Display: Loaded TargetPlatform 'IOSClient'
[2021.05.20-10.22.44:883][  0]LogTargetPlatformManager: Display: Loaded TargetPlatform 'IOS'
[2021.05.20-10.22.44:892][  0]LogTargetPlatformManager: Display: Loaded TargetPlatform 'Linux'
[2021.05.20-10.22.44:899][  0]LogTargetPlatformManager: Display: Loaded TargetPlatform 'LinuxNoEditor'
[2021.05.20-10.22.44:907][  0]LogTargetPlatformManager: Display: Loaded TargetPlatform 'LinuxClient'
[2021.05.20-10.22.44:915][  0]LogTargetPlatformManager: Display: Loaded TargetPlatform 'LinuxServer'
[2021.05.20-10.22.44:923][  0]LogTargetPlatformManager: Display: Loaded TargetPlatform 'LinuxAArch64NoEditor'
[2021.05.20-10.22.44:931][  0]LogTargetPlatformManager: Display: Loaded TargetPlatform 'LinuxAArch64Client'
[2021.05.20-10.22.44:938][  0]LogTargetPlatformManager: Display: Loaded TargetPlatform 'LinuxAArch64Server'
[2021.05.20-10.22.44:963][  0]LogTargetPlatformManager: Display: Loaded TargetPlatform 'Lumin'
[2021.05.20-10.22.44:963][  0]LogTargetPlatformManager: Display: Loaded TargetPlatform 'LuminClient'
[2021.05.20-10.22.44:977][  0]LogTargetPlatformManager: Display: Loaded TargetPlatform 'TVOSClient'
[2021.05.20-10.22.44:977][  0]LogTargetPlatformManager: Display: Loaded TargetPlatform 'TVOS'
[2021.05.20-10.22.44:984][  0]LogTargetPlatformManager: Display: Loaded TargetPlatform 'WindowsNoEditor'
[2021.05.20-10.22.44:993][  0]LogTargetPlatformManager: Display: Loaded TargetPlatform 'Windows'
[2021.05.20-10.22.45:001][  0]LogTargetPlatformManager: Display: Loaded TargetPlatform 'WindowsClient'
[2021.05.20-10.22.45:009][  0]LogTargetPlatformManager: Display: Loaded TargetPlatform 'WindowsServer'
[2021.05.20-10.22.45:009][  0]LogTargetPlatformManager: Display: Building Assets For Windows
[2021.05.20-10.22.45:015][  0]LogAudioDebug: Display: Lib vorbis DLL was dynamically loaded.
[2021.05.20-10.22.45:061][  0]LogShaderCompilers: Guid format shader working directory is 1 characters bigger than the processId version (D:/Tencent/BananaProject/SkywardMuffinStarter/Intermediate/Shaders/WorkingDirectory/2292/).
[2021.05.20-10.22.45:061][  0]LogShaderCompilers: Cleaned the shader compiler working directory 'C:/Users/AORUS/AppData/Local/Temp/UnrealShaderWorkingDir/914DD09E4D5CC37371336DB79E004D48/'.
[2021.05.20-10.22.45:061][  0]LogXGEController: Cleaning working directory: C:/Users/AORUS/AppData/Local/Temp/UnrealXGEWorkingDir/
[2021.05.20-10.22.45:061][  0]LogXGEController: Cannot use XGE Controller as Incredibuild is not installed on this machine.
[2021.05.20-10.22.45:061][  0]LogShaderCompilers: Cannot use XGE Shader Compiler as Incredibuild is not installed on this machine.
[2021.05.20-10.22.45:061][  0]LogShaderCompilers: Display: Using Local Shader Compiler.
[2021.05.20-10.22.45:696][  0]LogDerivedDataCache: Display: Max Cache Size: 512 MB
[2021.05.20-10.22.45:736][  0]LogDerivedDataCache: Loaded boot cache 0.04s 75MB C:/Users/AORUS/AppData/Local/UnrealEngine/4.25/DerivedDataCache/Boot.ddc.
[2021.05.20-10.22.45:736][  0]LogDerivedDataCache: Display: Loaded Boot cache: C:/Users/AORUS/AppData/Local/UnrealEngine/4.25/DerivedDataCache/Boot.ddc
[2021.05.20-10.22.45:737][  0]LogDerivedDataCache: FDerivedDataBackendGraph:  Pak pak cache file D:/Tencent/BananaProject/SkywardMuffinStarter/DerivedDataCache/DDC.ddp not found, will not use a pak cache.
[2021.05.20-10.22.45:737][  0]LogDerivedDataCache: Unable to find inner node Pak for hierarchical cache Hierarchy.
[2021.05.20-10.22.45:737][  0]LogDerivedDataCache: FDerivedDataBackendGraph:  CompressedPak pak cache file D:/Tencent/BananaProject/SkywardMuffinStarter/DerivedDataCache/Compressed.ddp not found, will not use a pak cache.
[2021.05.20-10.22.45:737][  0]LogDerivedDataCache: Unable to find inner node CompressedPak for hierarchical cache Hierarchy.
[2021.05.20-10.22.45:745][  0]LogDerivedDataCache: Display: Pak cache opened for reading ../../../Engine/DerivedDataCache/Compressed.ddp.
[2021.05.20-10.22.45:745][  0]LogDerivedDataCache: FDerivedDataBackendGraph:  EnterprisePak pak cache file ../../../Enterprise/DerivedDataCache/Compressed.ddp not found, will not use a pak cache.
[2021.05.20-10.22.45:745][  0]LogDerivedDataCache: Unable to find inner node EnterprisePak for hierarchical cache Hierarchy.
[2021.05.20-10.22.45:746][  0]LogDerivedDataCache: Using Local data cache path C:/Users/AORUS/AppData/Local/UnrealEngine/Common/DerivedDataCache: Writable
[2021.05.20-10.22.45:746][  0]LogDerivedDataCache: Shared data cache path not found in *engine.ini, will not use an Shared cache.
[2021.05.20-10.22.45:746][  0]LogDerivedDataCache: Unable to find inner node Shared for hierarchical cache Hierarchy.
[2021.05.20-10.22.45:787][  0]LogSlate: Using FreeType 2.10.0
[2021.05.20-10.22.45:787][  0]LogSlate: SlateFontServices - WITH_FREETYPE: 1, WITH_HARFBUZZ: 1
[2021.05.20-10.22.45:810][  0]LogAssetRegistry: FAssetRegistry took 0.0023 seconds to start up
[2021.05.20-10.22.45:988][  0]LogInit: Selected Device Profile: [Windows]
[2021.05.20-10.22.46:082][  0]LogMeshReduction: Using QuadricMeshReduction for automatic static mesh reduction
[2021.05.20-10.22.46:082][  0]LogMeshReduction: Using SimplygonMeshReduction for automatic skeletal mesh reduction
[2021.05.20-10.22.46:082][  0]LogMeshReduction: Using ProxyLODMeshReduction for automatic mesh merging
[2021.05.20-10.22.46:082][  0]LogMeshReduction: No distributed automatic mesh merging module available
[2021.05.20-10.22.46:082][  0]LogMeshMerging: No distributed automatic mesh merging module available
[2021.05.20-10.22.46:094][  0]LogNetVersion: SkywardMuffin 1.0.0, NetCL: 13144385, EngineNetVer: 14, GameNetVer: 0 (Checksum: 11024291)
[2021.05.20-10.22.46:447][  0]LogAISub: UAISubsystem::UAISubsystem AISubsystem (0000020E628205C0), frame # 0
[2021.05.20-10.22.46:447][  0]LogAISub: UAISubsystem::UAISubsystem AIPerceptionSystem (0000020E6276D1C0), frame # 0
[2021.05.20-10.22.46:448][  0]LogAISub: UAISubsystem::UAISubsystem EnvQueryManager (0000020E627BDE00), frame # 0
[2021.05.20-10.22.46:495][  0]LogPackageLocalizationCache: Processed 19 localized package path(s) for 2 prioritized culture(s) in 0.043158 seconds
[2021.05.20-10.22.46:498][  0]LogUObjectArray: 15917 objects as part of root set at end of initial load.
[2021.05.20-10.22.46:498][  0]LogUObjectAllocator: 3965568 out of 0 bytes used by permanent object pool.
[2021.05.20-10.22.46:498][  0]LogUObjectArray: CloseDisregardForGC: 0/0 objects in disregard for GC pool
[2021.05.20-10.22.46:761][  0]LogTcpMessaging: Initializing TcpMessaging bridge
[2021.05.20-10.22.46:764][  0]LogUdpMessaging: Initializing bridge on interface 0.0.0.0:0 to multicast group 230.0.0.1:6666.
[2021.05.20-10.22.46:827][  0]SourceControl: 源码管理已禁用
[2021.05.20-10.22.46:827][  0]SourceControl: 源码管理已禁用
[2021.05.20-10.22.46:829][  0]SourceControl: 源码管理已禁用
[2021.05.20-10.22.46:832][  0]SourceControl: 源码管理已禁用
[2021.05.20-10.22.46:837][  0]SourceControl: 源码管理已禁用
[2021.05.20-10.22.47:026][  0]LogAndroidPermission: UAndroidPermissionCallbackProxy::GetInstance
[2021.05.20-10.22.47:041][  0]LogAudioCaptureCore: Display: No Audio Capture implementations found. Audio input will be silent.
[2021.05.20-10.22.47:041][  0]LogAudioCaptureCore: Display: No Audio Capture implementations found. Audio input will be silent.
[2021.05.20-10.22.47:077][  0]LogOcInput: OculusInput pre-init called
[2021.05.20-10.22.47:086][  0]LogWindows: Failed to load 'OVRPlugin.dll' (GetLastError=126)
[2021.05.20-10.22.47:086][  0]LogWindows: File 'OVRPlugin.dll' does not exist
[2021.05.20-10.22.47:131][  0]LogEngine: Initializing Engine...
[2021.05.20-10.22.47:132][  0]LogHMD: Failed to initialize OpenVR with code 110
[2021.05.20-10.22.47:132][  0]LogMagicLeap: Warning: VR disabled because ZI is not enabled.  To enable, in the editor, Edit -> Project Settings -> Plugins -> Magic Leap Plugin -> Enable Zero Iteration
[2021.05.20-10.22.47:133][  0]LogStats: UGameplayTagsManager::InitializeManager -  0.000 s
[2021.05.20-10.22.47:218][  0]LogInit: Initializing FReadOnlyCVARCache
[2021.05.20-10.22.47:223][  0]LogAIModule: Creating AISystem for world Untitled
[2021.05.20-10.22.47:223][  0]LogAISub: UAISubsystem::UAISubsystem EnvQueryManager (0000020E6832FC00), frame # 0
[2021.05.20-10.22.47:223][  0]LogAISub: UAISubsystem::UAISubsystem AIPerceptionSystem (0000020E683AF100), frame # 0
[2021.05.20-10.22.47:235][  0]LogAudioMixer: Display: Audio Mixer Platform Settings:
[2021.05.20-10.22.47:235][  0]LogAudioMixer: Display: 	Sample Rate:						  48000
[2021.05.20-10.22.47:235][  0]LogAudioMixer: Display: 	Callback Buffer Frame Size Requested: 1024
[2021.05.20-10.22.47:235][  0]LogAudioMixer: Display: 	Callback Buffer Frame Size To Use:	  1024
[2021.05.20-10.22.47:235][  0]LogAudioMixer: Display: 	Number of buffers to queue:			  2
[2021.05.20-10.22.47:235][  0]LogAudioMixer: Display: 	Max Channels (voices):				  32
[2021.05.20-10.22.47:235][  0]LogAudioMixer: Display: 	Number of Async Source Workers:		  0
[2021.05.20-10.22.47:235][  0]LogAudio: Display: AudioDevice MaxSources: 32
[2021.05.20-10.22.47:236][  0]LogAudio: Display: Using built-in audio occlusion.
[2021.05.20-10.22.47:236][  0]LogAudioMixer: Display: Initializing audio mixer.
[2021.05.20-10.22.47:243][  0]LogAudioMixer: Display: 0: FrontLeft
[2021.05.20-10.22.47:243][  0]LogAudioMixer: Display: 1: FrontRight
[2021.05.20-10.22.47:271][  0]LogAudioMixer: Display: Using Audio Device 扬声器 (Realtek(R) Audio)
[2021.05.20-10.22.47:273][  0]LogAudioMixer: Display: Initializing Sound Submixes...
[2021.05.20-10.22.47:274][  0]LogAudioMixer: Display: Creating Master Submix 'MasterSubmixDefault'
[2021.05.20-10.22.47:274][  0]LogAudioMixer: Display: Creating Master Submix 'MasterReverbSubmixDefault'
[2021.05.20-10.22.47:275][  0]LogAudioMixer: Display: Creating Master Submix 'MasterEQSubmixDefault'
[2021.05.20-10.22.47:275][  0]LogInit: FAudioDevice initialized.
[2021.05.20-10.22.47:275][  0]LogNetVersion: Set ProjectVersion to 1.0.0.0. Version Checksum will be recalculated on next use.
[2021.05.20-10.22.47:348][  0]LogDerivedDataCache: Saved boot cache 0.07s 75MB C:/Users/AORUS/AppData/Local/UnrealEngine/4.25/DerivedDataCache/Boot.ddc.
[2021.05.20-10.22.47:348][  0]LogInit: Texture streaming: Enabled
[2021.05.20-10.22.47:360][  0]LogEngineSessionManager: EngineSessionManager initialized
[2021.05.20-10.22.47:360][  0]LogEditorSessionSummary: Verbose: Initializing EditorSessionSummaryWriter for editor session tracking
[2021.05.20-10.22.47:361][  0]LogEditorSessionSummary: EditorSessionSummaryWriter initialized
[2021.05.20-10.22.47:384][  0]LogInit: Transaction tracking system initialized
[2021.05.20-10.22.47:400][  0]BlueprintLog: New page: 编辑器加载
[2021.05.20-10.22.47:450][  0]LocalizationService: 本地化服务已禁用
[2021.05.20-10.22.47:564][  0]LogCook: Display: Max memory allowance for cook 16384mb min free memory 0mb
[2021.05.20-10.22.47:564][  0]LogCook: Display: Mobile HDR setting 1
[2021.05.20-10.22.47:584][  0]LogFileCache: Scanning file cache for directory 'D:/Tencent/BananaProject/SkywardMuffinStarter/Content/' took 0.00s
[2021.05.20-10.22.47:864][  0]SourceControl: 源码管理已禁用
[2021.05.20-10.22.47:864][  0]LogUnrealEdMisc: Loading editor; pre map load, took 4.839
[2021.05.20-10.22.47:864][  0]Cmd: MAP LOAD FILE="D:/Tencent/BananaProject/SkywardMuffinStarter/Content/SkywardMuffin/Maps/TutorialMap.umap" TEMPLATE=0 SHOWPROGRESS=1 FEATURELEVEL=3
[2021.05.20-10.22.47:864][  0]LightingResults: New page: 光照构建
[2021.05.20-10.22.47:865][  0]LogWorld: UWorld::CleanupWorld for Untitled, bSessionEnded=true, bCleanupResources=true
[2021.05.20-10.22.47:865][  0]LogSlate: InvalidateAllWidgets triggered.  All widgets were invalidated
[2021.05.20-10.22.47:865][  0]MapCheck: New page: 地图检测
[2021.05.20-10.22.47:865][  0]LightingResults: New page: 光照构建
[2021.05.20-10.22.47:876][  0]LogAISub: UAISubsystem::~UAISubsystem EnvQueryManager (0000020E6832FC00), frame # 0
[2021.05.20-10.22.47:876][  0]LogAISub: UAISubsystem::~UAISubsystem AIPerceptionSystem (0000020E683AF100), frame # 0
[2021.05.20-10.22.47:877][  0]LogUObjectHash: Compacting FUObjectHashTables data took   0.53ms
[2021.05.20-10.22.47:963][  0]LogPhysicsCore: Warning: PHYSX: (D:\Build\++Fortnite\Sync\Engine\Source\ThirdParty\PhysX3\PhysX_3.4\Source\PhysXCooking\src\convex\QuickHullConvexHullLib.cpp 937) eINTERNAL_ERROR : QuickHullConvexHullLib::findSimplex: Simplex input points appers to be coplanar.
[2021.05.20-10.22.47:964][  0]LogPhysicsCore: Warning: PHYSX: (D:\Build\++Fortnite\Sync\Engine\Source\ThirdParty\PhysX3\PhysX_3.4\Source\PhysXCooking\src\convex\QuickHullConvexHullLib.cpp 937) eINTERNAL_ERROR : QuickHullConvexHullLib::findSimplex: Simplex input points appers to be coplanar.
[2021.05.20-10.22.47:964][  0]LogPhysics: Warning: Failed to cook convex: /Game/SkywardMuffin/Meshes/SM_Plane.SM_Plane 0 (FlipX:0). The remaining elements will not get cooked.
[2021.05.20-10.22.47:964][  0]LogPhysicsCore: Warning: PHYSX: (D:\Build\++Fortnite\Sync\Engine\Source\ThirdParty\PhysX3\PhysX_3.4\Source\PhysXCooking\src\convex\QuickHullConvexHullLib.cpp 937) eINTERNAL_ERROR : QuickHullConvexHullLib::findSimplex: Simplex input points appers to be coplanar.
[2021.05.20-10.22.47:964][  0]LogPhysicsCore: Warning: PHYSX: (D:\Build\++Fortnite\Sync\Engine\Source\ThirdParty\PhysX3\PhysX_3.4\Source\PhysXCooking\src\convex\QuickHullConvexHullLib.cpp 937) eINTERNAL_ERROR : QuickHullConvexHullLib::findSimplex: Simplex input points appers to be coplanar.
[2021.05.20-10.22.47:964][  0]LogPhysics: Warning: Failed to cook convex: /Game/SkywardMuffin/Meshes/SM_Plane.SM_Plane 0 (FlipX:1). The remaining elements will not get cooked.
[2021.05.20-10.22.47:964][  0]LogPhysics: Warning: Attempt to build physics data for /Game/SkywardMuffin/Meshes/SM_Plane.SM_Plane:BodySetup_0 when we are unable to.
[2021.05.20-10.22.47:966][  0]LogAIModule: Creating AISystem for world TutorialMap
[2021.05.20-10.22.47:966][  0]LogAISub: UAISubsystem::UAISubsystem EnvQueryManager (0000020E5B82BE00), frame # 0
[2021.05.20-10.22.47:966][  0]LogAISub: UAISubsystem::UAISubsystem AIPerceptionSystem (0000020E67DA2340), frame # 0
[2021.05.20-10.22.47:969][  0]LogEditorServer: Finished looking for orphan Actors (0.000 secs)
[2021.05.20-10.22.47:978][  0]LogUObjectHash: Compacting FUObjectHashTables data took   0.72ms
[2021.05.20-10.22.47:978][  0]Cmd: MAP CHECKDEP NOCLEARLOG
[2021.05.20-10.22.47:979][  0]MapCheck: 地图检测完成：0个错误、0个警告、完成用时0.108毫秒。
[2021.05.20-10.22.47:979][  0]LogFileHelpers: Loading map 'TutorialMap' took 0.115
[2021.05.20-10.22.47:980][  0]LogUnrealEdMisc: Total Editor Startup Time, took 4.954
[2021.05.20-10.22.48:093][  0]LogSlate: Updating window title bar state: overlay mode, drag disabled, window buttons hidden, title bar hidden
[2021.05.20-10.22.48:098][  0]LogSlate: Updating window title bar state: overlay mode, drag disabled, window buttons hidden, title bar hidden
[2021.05.20-10.22.48:103][  0]LogSlate: Updating window title bar state: overlay mode, drag disabled, window buttons hidden, title bar hidden
[2021.05.20-10.22.48:108][  0]LogSlate: Updating window title bar state: overlay mode, drag disabled, window buttons hidden, title bar hidden
[2021.05.20-10.22.48:113][  0]LogCollectionManager: Loaded 0 collections in 0.001285 seconds
[2021.05.20-10.22.48:123][  0]LogFileCache: Scanning file cache for directory 'D:/Tencent/BananaProject/SkywardMuffinStarter/Saved/Collections/' took 0.00s
[2021.05.20-10.22.48:123][  0]LogFileCache: Scanning file cache for directory 'D:/Tencent/BananaProject/SkywardMuffinStarter/Content/Developers/AORUS/Collections/' took 0.00s
[2021.05.20-10.22.48:123][  0]LogFileCache: Scanning file cache for directory 'D:/Tencent/BananaProject/SkywardMuffinStarter/Content/Collections/' took 0.00s
[2021.05.20-10.22.48:123][  0]LogContentBrowser: Native class hierarchy populated in 0.0067 seconds. Added 3427 classes and 821 folders.
[2021.05.20-10.22.48:124][  0]LogContentBrowser: Native class hierarchy updated for 'WidgetCarousel' in 0.0002 seconds. Added 0 classes and 0 folders.
[2021.05.20-10.22.48:158][  0]LogContentBrowser: Native class hierarchy updated for 'AddContentDialog' in 0.0002 seconds. Added 0 classes and 0 folders.
[2021.05.20-10.22.48:159][  0]LogContentBrowser: Native class hierarchy updated for 'SceneOutliner' in 0.0002 seconds. Added 2 classes and 0 folders.
[2021.05.20-10.22.48:225][  0]LogSlate: Took 0.000156 seconds to synchronously load lazily loaded font '../../../Engine/Content/Slate/Fonts/Roboto-Regular.ttf' (155K)
[2021.05.20-10.22.48:226][  0]LogSlate: Took 0.001095 seconds to synchronously load lazily loaded font '../../../Engine/Content/Slate/Fonts/DroidSansFallback.ttf' (3848K)
[2021.05.20-10.22.48:227][  0]LogSlate: Took 0.000074 seconds to synchronously load lazily loaded font '../../../Engine/Content/Slate/Fonts/Roboto-Bold.ttf' (160K)
[2021.05.20-10.22.48:229][  0]LogSlate: Took 0.000090 seconds to synchronously load lazily loaded font '../../../Engine/Content/Editor/Slate/Fonts/FontAwesome.ttf' (139K)
[2021.05.20-10.22.48:276][  0]LogRenderer: Reallocating scene render targets to support 1208x536 Format 10 NumSamples 1 (Frame:1).
[2021.05.20-10.22.48:356][  0]LogContentBrowser: Native class hierarchy updated for 'HierarchicalLODOutliner' in 0.0002 seconds. Added 0 classes and 0 folders.
[2021.05.20-10.22.48:356][  0]LogLoad: (Engine Initialization) Total time: 5.33 seconds
[2021.05.20-10.22.48:356][  0]LogLoad: (Engine Initialization) Total Blueprint compile time: 0.00 seconds
[2021.05.20-10.22.48:391][  0]LogAssetRegistry: Asset discovery search completed in 2.5808 seconds
[2021.05.20-10.22.48:394][  0]LogCollectionManager: Fixed up redirectors for 0 collections in 0.000002 seconds (updated 0 objects)
[2021.05.20-10.22.48:395][  0]LogContentStreaming: Texture pool size now 1000 MB
[2021.05.20-10.22.48:415][  0]LogSlate: Took 0.000109 seconds to synchronously load lazily loaded font '../../../Engine/Content/Slate/Fonts/Roboto-Light.ttf' (167K)
[2021.05.20-10.38.57:868][  8]LogTemp: Repeating last play command: 选中的视口
[2021.05.20-10.38.57:873][  8]LogPlayLevel: PlayLevel: No blueprints needed recompiling
[2021.05.20-10.38.57:873][  8]PIE: New page: PIE会话：TutorialMap（2021年5月21日 上午2:38:57）
[2021.05.20-10.38.57:874][  8]LogOnline: OSS: Creating online subsystem instance for: NULL
[2021.05.20-10.38.57:875][  8]LogOnline: OSS: TryLoadSubsystemAndSetDefault: Loaded subsystem for module [NULL]
[2021.05.20-10.38.57:875][  8]LogPlayLevel: Creating play world package: /Game/SkywardMuffin/Maps/UEDPIE_0_TutorialMap
[2021.05.20-10.38.57:877][  8]LogPlayLevel: PIE: StaticDuplicateObject took: (0.002474s)
[2021.05.20-10.38.57:878][  8]LogAIModule: Creating AISystem for world TutorialMap
[2021.05.20-10.38.57:878][  8]LogAISub: UAISubsystem::UAISubsystem EnvQueryManager (0000020E0BA76000), frame # 3008
[2021.05.20-10.38.57:878][  8]LogAISub: UAISubsystem::UAISubsystem AIPerceptionSystem (0000020E5BA52480), frame # 3008
[2021.05.20-10.38.57:878][  8]LogPlayLevel: PIE: World Init took: (0.001030s)
[2021.05.20-10.38.57:878][  8]LogPlayLevel: PIE: Created PIE world by copying editor world from /Game/SkywardMuffin/Maps/TutorialMap.TutorialMap to /Game/SkywardMuffin/Maps/UEDPIE_0_TutorialMap.TutorialMap (0.003633s)
[2021.05.20-10.38.57:886][  8]LogUObjectHash: Compacting FUObjectHashTables data took   0.54ms
[2021.05.20-10.38.57:888][  8]LogAudioMixer: Display: Audio Mixer Platform Settings:
[2021.05.20-10.38.57:888][  8]LogAudioMixer: Display: 	Sample Rate:						  48000
[2021.05.20-10.38.57:888][  8]LogAudioMixer: Display: 	Callback Buffer Frame Size Requested: 1024
[2021.05.20-10.38.57:888][  8]LogAudioMixer: Display: 	Callback Buffer Frame Size To Use:	  1024
[2021.05.20-10.38.57:888][  8]LogAudioMixer: Display: 	Number of buffers to queue:			  2
[2021.05.20-10.38.57:888][  8]LogAudioMixer: Display: 	Max Channels (voices):				  32
[2021.05.20-10.38.57:888][  8]LogAudioMixer: Display: 	Number of Async Source Workers:		  0
[2021.05.20-10.38.57:888][  8]LogAudio: Display: AudioDevice MaxSources: 32
[2021.05.20-10.38.57:889][  8]LogAudio: Display: Using built-in audio occlusion.
[2021.05.20-10.38.57:889][  8]LogAudioMixer: Display: Initializing audio mixer.
[2021.05.20-10.38.57:891][  8]LogAudioMixer: Display: 0: FrontLeft
[2021.05.20-10.38.57:891][  8]LogAudioMixer: Display: 1: FrontRight
[2021.05.20-10.38.57:908][  8]LogAudioMixer: Display: Using Audio Device 扬声器 (Realtek(R) Audio)
[2021.05.20-10.38.57:908][  8]LogAudioMixer: Display: Initializing Sound Submixes...
[2021.05.20-10.38.57:908][  8]LogAudioMixer: Display: Creating Master Submix 'MasterSubmixDefault'
[2021.05.20-10.38.57:908][  8]LogAudioMixer: Display: Creating Master Submix 'MasterReverbSubmixDefault'
[2021.05.20-10.38.57:908][  8]LogAudioMixer: Display: Creating Master Submix 'MasterEQSubmixDefault'
[2021.05.20-10.38.57:918][  8]LogInit: FAudioDevice initialized.
[2021.05.20-10.38.57:926][  8]LogLoad: Game class is 'GM_Tutorial_C'
[2021.05.20-10.38.57:927][  8]LogWorld: Bringing World /Game/SkywardMuffin/Maps/UEDPIE_0_TutorialMap.TutorialMap up for play (max tick rate 0) at 2021.05.20-18.38.57
[2021.05.20-10.38.57:927][  8]LogWorld: Bringing up level for play took: 0.000502
[2021.05.20-10.38.57:927][  8]LogOnline: OSS: Creating online subsystem instance for: :Context_1
[2021.05.20-10.38.57:929][  8]LogContentBrowser: Native class hierarchy updated for 'MovieSceneCapture' in 0.0003 seconds. Added 20 classes and 0 folders.
[2021.05.20-10.38.57:930][  8]LogPhysics: Warning: PopulatePhysXGeometryAndTransform(Convex): ConvexElem is missing ConvexMesh
[2021.05.20-10.38.57:930][  8]LogPhysics: Warning: ForeachShape(Convex): ScaledElem[0] invalid
[2021.05.20-10.38.57:931][  8]LogPhysics: Warning: PopulatePhysXGeometryAndTransform(Convex): ConvexElem is missing ConvexMesh
[2021.05.20-10.38.57:931][  8]LogPhysics: Warning: ForeachShape(Convex): ScaledElem[0] invalid
[2021.05.20-10.38.57:931][  8]LogPhysics: Warning: PopulatePhysXGeometryAndTransform(Convex): ConvexElem is missing ConvexMesh
[2021.05.20-10.38.57:931][  8]LogPhysics: Warning: ForeachShape(Convex): ScaledElem[0] invalid
[2021.05.20-10.38.57:931][  8]LogPhysics: Warning: PopulatePhysXGeometryAndTransform(Convex): ConvexElem is missing ConvexMesh
[2021.05.20-10.38.57:931][  8]LogPhysics: Warning: ForeachShape(Convex): ScaledElem[0] invalid
[2021.05.20-10.38.57:931][  8]LogPhysics: Warning: PopulatePhysXGeometryAndTransform(Convex): ConvexElem is missing ConvexMesh
[2021.05.20-10.38.57:931][  8]LogPhysics: Warning: ForeachShape(Convex): ScaledElem[0] invalid
[2021.05.20-10.38.57:932][  8]LogPhysics: Warning: PopulatePhysXGeometryAndTransform(Convex): ConvexElem is missing ConvexMesh
[2021.05.20-10.38.57:932][  8]LogPhysics: Warning: ForeachShape(Convex): ScaledElem[0] invalid
[2021.05.20-10.38.57:932][  8]Cmd: ShowFlag.Tonemapper 0
[2021.05.20-10.38.57:932][  8]ShowFlag.Tonemapper = "0"
[2021.05.20-10.38.57:932][  8]PIE: 登陆的服务器
[2021.05.20-10.38.57:934][  8]PIE: PIE总开始时间：0.062秒。
[2021.05.20-10.39.02:810][592]LogPhysics: Warning: PopulatePhysXGeometryAndTransform(Convex): ConvexElem is missing ConvexMesh
[2021.05.20-10.39.02:810][592]LogPhysics: Warning: ForeachShape(Convex): ScaledElem[0] invalid
[2021.05.20-10.39.02:811][592]LogPhysics: Warning: PopulatePhysXGeometryAndTransform(Convex): ConvexElem is missing ConvexMesh
[2021.05.20-10.39.02:811][592]LogPhysics: Warning: ForeachShape(Convex): ScaledElem[0] invalid
[2021.05.20-10.39.04:435][787]LogPhysics: Warning: PopulatePhysXGeometryAndTransform(Convex): ConvexElem is missing ConvexMesh
[2021.05.20-10.39.04:435][787]LogPhysics: Warning: ForeachShape(Convex): ScaledElem[0] invalid
[2021.05.20-10.39.04:436][787]LogPhysics: Warning: PopulatePhysXGeometryAndTransform(Convex): ConvexElem is missing ConvexMesh
[2021.05.20-10.39.04:436][787]LogPhysics: Warning: ForeachShape(Convex): ScaledElem[0] invalid
[2021.05.20-10.39.05:102][867]LogPhysics: Warning: PopulatePhysXGeometryAndTransform(Convex): ConvexElem is missing ConvexMesh
[2021.05.20-10.39.05:102][867]LogPhysics: Warning: ForeachShape(Convex): ScaledElem[0] invalid
[2021.05.20-10.39.05:103][867]LogPhysics: Warning: PopulatePhysXGeometryAndTransform(Convex): ConvexElem is missing ConvexMesh
[2021.05.20-10.39.05:103][867]LogPhysics: Warning: ForeachShape(Convex): ScaledElem[0] invalid
[2021.05.20-10.39.07:019][ 97]LogPhysics: Warning: PopulatePhysXGeometryAndTransform(Convex): ConvexElem is missing ConvexMesh
[2021.05.20-10.39.07:019][ 97]LogPhysics: Warning: ForeachShape(Convex): ScaledElem[0] invalid
[2021.05.20-10.39.07:019][ 97]LogPhysics: Warning: PopulatePhysXGeometryAndTransform(Convex): ConvexElem is missing ConvexMesh
[2021.05.20-10.39.07:019][ 97]LogPhysics: Warning: ForeachShape(Convex): ScaledElem[0] invalid
[2021.05.20-10.39.07:495][154]LogPhysics: Warning: PopulatePhysXGeometryAndTransform(Convex): ConvexElem is missing ConvexMesh
[2021.05.20-10.39.07:495][154]LogPhysics: Warning: ForeachShape(Convex): ScaledElem[0] invalid
[2021.05.20-10.39.07:495][154]LogPhysics: Warning: PopulatePhysXGeometryAndTransform(Convex): ConvexElem is missing ConvexMesh
[2021.05.20-10.39.07:495][154]LogPhysics: Warning: ForeachShape(Convex): ScaledElem[0] invalid
[2021.05.20-10.39.08:153][233]LogPhysics: Warning: PopulatePhysXGeometryAndTransform(Convex): ConvexElem is missing ConvexMesh
[2021.05.20-10.39.08:153][233]LogPhysics: Warning: ForeachShape(Convex): ScaledElem[0] invalid
[2021.05.20-10.39.08:153][233]LogPhysics: Warning: PopulatePhysXGeometryAndTransform(Convex): ConvexElem is missing ConvexMesh
[2021.05.20-10.39.08:153][233]LogPhysics: Warning: ForeachShape(Convex): ScaledElem[0] invalid
[2021.05.20-10.39.08:962][330]LogPhysics: Warning: PopulatePhysXGeometryAndTransform(Convex): ConvexElem is missing ConvexMesh
[2021.05.20-10.39.08:962][330]LogPhysics: Warning: ForeachShape(Convex): ScaledElem[0] invalid
[2021.05.20-10.39.08:962][330]LogPhysics: Warning: PopulatePhysXGeometryAndTransform(Convex): ConvexElem is missing ConvexMesh
[2021.05.20-10.39.08:962][330]LogPhysics: Warning: ForeachShape(Convex): ScaledElem[0] invalid
[2021.05.20-10.39.09:978][452]LogPhysics: Warning: PopulatePhysXGeometryAndTransform(Convex): ConvexElem is missing ConvexMesh
[2021.05.20-10.39.09:978][452]LogPhysics: Warning: ForeachShape(Convex): ScaledElem[0] invalid
[2021.05.20-10.39.09:979][452]LogPhysics: Warning: PopulatePhysXGeometryAndTransform(Convex): ConvexElem is missing ConvexMesh
[2021.05.20-10.39.09:979][452]LogPhysics: Warning: ForeachShape(Convex): ScaledElem[0] invalid
[2021.05.20-10.39.10:646][532]LogPhysics: Warning: PopulatePhysXGeometryAndTransform(Convex): ConvexElem is missing ConvexMesh
[2021.05.20-10.39.10:646][532]LogPhysics: Warning: ForeachShape(Convex): ScaledElem[0] invalid
[2021.05.20-10.39.10:647][532]LogPhysics: Warning: PopulatePhysXGeometryAndTransform(Convex): ConvexElem is missing ConvexMesh
[2021.05.20-10.39.10:647][532]LogPhysics: Warning: ForeachShape(Convex): ScaledElem[0] invalid
[2021.05.20-10.39.11:628][650]LogPhysics: Warning: PopulatePhysXGeometryAndTransform(Convex): ConvexElem is missing ConvexMesh
[2021.05.20-10.39.11:628][650]LogPhysics: Warning: ForeachShape(Convex): ScaledElem[0] invalid
[2021.05.20-10.39.11:629][650]LogPhysics: Warning: PopulatePhysXGeometryAndTransform(Convex): ConvexElem is missing ConvexMesh
[2021.05.20-10.39.11:629][650]LogPhysics: Warning: ForeachShape(Convex): ScaledElem[0] invalid
[2021.05.20-10.39.12:137][711]LogPhysics: Warning: PopulatePhysXGeometryAndTransform(Convex): ConvexElem is missing ConvexMesh
[2021.05.20-10.39.12:137][711]LogPhysics: Warning: ForeachShape(Convex): ScaledElem[0] invalid
[2021.05.20-10.39.12:137][711]LogPhysics: Warning: PopulatePhysXGeometryAndTransform(Convex): ConvexElem is missing ConvexMesh
[2021.05.20-10.39.12:137][711]LogPhysics: Warning: ForeachShape(Convex): ScaledElem[0] invalid
[2021.05.20-10.39.12:712][780]LogPhysics: Warning: PopulatePhysXGeometryAndTransform(Convex): ConvexElem is missing ConvexMesh
[2021.05.20-10.39.12:712][780]LogPhysics: Warning: ForeachShape(Convex): ScaledElem[0] invalid
[2021.05.20-10.39.12:712][780]LogPhysics: Warning: PopulatePhysXGeometryAndTransform(Convex): ConvexElem is missing ConvexMesh
[2021.05.20-10.39.12:712][780]LogPhysics: Warning: ForeachShape(Convex): ScaledElem[0] invalid
[2021.05.20-10.39.13:363][858]LogPhysics: Warning: PopulatePhysXGeometryAndTransform(Convex): ConvexElem is missing ConvexMesh
[2021.05.20-10.39.13:363][858]LogPhysics: Warning: ForeachShape(Convex): ScaledElem[0] invalid
[2021.05.20-10.39.13:364][858]LogPhysics: Warning: PopulatePhysXGeometryAndTransform(Convex): ConvexElem is missing ConvexMesh
[2021.05.20-10.39.13:364][858]LogPhysics: Warning: ForeachShape(Convex): ScaledElem[0] invalid
[2021.05.20-10.39.14:195][958]LogPhysics: Warning: PopulatePhysXGeometryAndTransform(Convex): ConvexElem is missing ConvexMesh
[2021.05.20-10.39.14:195][958]LogPhysics: Warning: ForeachShape(Convex): ScaledElem[0] invalid
[2021.05.20-10.39.14:195][958]LogPhysics: Warning: PopulatePhysXGeometryAndTransform(Convex): ConvexElem is missing ConvexMesh
[2021.05.20-10.39.14:195][958]LogPhysics: Warning: ForeachShape(Convex): ScaledElem[0] invalid
[2021.05.20-10.39.14:937][ 47]LogPhysics: Warning: PopulatePhysXGeometryAndTransform(Convex): ConvexElem is missing ConvexMesh
[2021.05.20-10.39.14:937][ 47]LogPhysics: Warning: ForeachShape(Convex): ScaledElem[0] invalid
[2021.05.20-10.39.14:938][ 47]LogPhysics: Warning: PopulatePhysXGeometryAndTransform(Convex): ConvexElem is missing ConvexMesh
[2021.05.20-10.39.14:938][ 47]LogPhysics: Warning: ForeachShape(Convex): ScaledElem[0] invalid
[2021.05.20-10.39.15:604][127]LogPhysics: Warning: PopulatePhysXGeometryAndTransform(Convex): ConvexElem is missing ConvexMesh
[2021.05.20-10.39.15:604][127]LogPhysics: Warning: ForeachShape(Convex): ScaledElem[0] invalid
[2021.05.20-10.39.15:604][127]LogPhysics: Warning: PopulatePhysXGeometryAndTransform(Convex): ConvexElem is missing ConvexMesh
[2021.05.20-10.39.15:604][127]LogPhysics: Warning: ForeachShape(Convex): ScaledElem[0] invalid
[2021.05.20-10.39.16:104][187]LogPhysics: Warning: PopulatePhysXGeometryAndTransform(Convex): ConvexElem is missing ConvexMesh
[2021.05.20-10.39.16:104][187]LogPhysics: Warning: ForeachShape(Convex): ScaledElem[0] invalid
[2021.05.20-10.39.16:104][187]LogPhysics: Warning: PopulatePhysXGeometryAndTransform(Convex): ConvexElem is missing ConvexMesh
[2021.05.20-10.39.16:104][187]LogPhysics: Warning: ForeachShape(Convex): ScaledElem[0] invalid
[2021.05.20-10.39.16:679][256]LogPhysics: Warning: PopulatePhysXGeometryAndTransform(Convex): ConvexElem is missing ConvexMesh
[2021.05.20-10.39.16:679][256]LogPhysics: Warning: ForeachShape(Convex): ScaledElem[0] invalid
[2021.05.20-10.39.16:679][256]LogPhysics: Warning: PopulatePhysXGeometryAndTransform(Convex): ConvexElem is missing ConvexMesh
[2021.05.20-10.39.16:679][256]LogPhysics: Warning: ForeachShape(Convex): ScaledElem[0] invalid
[2021.05.20-10.39.17:846][396]LogPhysics: Warning: PopulatePhysXGeometryAndTransform(Convex): ConvexElem is missing ConvexMesh
[2021.05.20-10.39.17:846][396]LogPhysics: Warning: ForeachShape(Convex): ScaledElem[0] invalid
[2021.05.20-10.39.17:846][396]LogPhysics: Warning: PopulatePhysXGeometryAndTransform(Convex): ConvexElem is missing ConvexMesh
[2021.05.20-10.39.17:846][396]LogPhysics: Warning: ForeachShape(Convex): ScaledElem[0] invalid
[2021.05.20-10.39.18:582][484]LogPhysics: Warning: PopulatePhysXGeometryAndTransform(Convex): ConvexElem is missing ConvexMesh
[2021.05.20-10.39.18:582][484]LogPhysics: Warning: ForeachShape(Convex): ScaledElem[0] invalid
[2021.05.20-10.39.18:582][484]LogPhysics: Warning: PopulatePhysXGeometryAndTransform(Convex): ConvexElem is missing ConvexMesh
[2021.05.20-10.39.18:582][484]LogPhysics: Warning: ForeachShape(Convex): ScaledElem[0] invalid
[2021.05.20-10.39.19:887][641]LogPhysics: Warning: PopulatePhysXGeometryAndTransform(Convex): ConvexElem is missing ConvexMesh
[2021.05.20-10.39.19:887][641]LogPhysics: Warning: ForeachShape(Convex): ScaledElem[0] invalid
[2021.05.20-10.39.19:888][641]LogPhysics: Warning: PopulatePhysXGeometryAndTransform(Convex): ConvexElem is missing ConvexMesh
[2021.05.20-10.39.19:888][641]LogPhysics: Warning: ForeachShape(Convex): ScaledElem[0] invalid
[2021.05.20-10.39.20:579][724]LogPhysics: Warning: PopulatePhysXGeometryAndTransform(Convex): ConvexElem is missing ConvexMesh
[2021.05.20-10.39.20:579][724]LogPhysics: Warning: ForeachShape(Convex): ScaledElem[0] invalid
[2021.05.20-10.39.20:580][724]LogPhysics: Warning: PopulatePhysXGeometryAndTransform(Convex): ConvexElem is missing ConvexMesh
[2021.05.20-10.39.20:580][724]LogPhysics: Warning: ForeachShape(Convex): ScaledElem[0] invalid
[2021.05.20-10.39.21:246][804]LogPhysics: Warning: PopulatePhysXGeometryAndTransform(Convex): ConvexElem is missing ConvexMesh
[2021.05.20-10.39.21:246][804]LogPhysics: Warning: ForeachShape(Convex): ScaledElem[0] invalid
[2021.05.20-10.39.21:246][804]LogPhysics: Warning: PopulatePhysXGeometryAndTransform(Convex): ConvexElem is missing ConvexMesh
[2021.05.20-10.39.21:246][804]LogPhysics: Warning: ForeachShape(Convex): ScaledElem[0] invalid
[2021.05.20-10.39.22:321][933]LogPhysics: Warning: PopulatePhysXGeometryAndTransform(Convex): ConvexElem is missing ConvexMesh
[2021.05.20-10.39.22:321][933]LogPhysics: Warning: ForeachShape(Convex): ScaledElem[0] invalid
[2021.05.20-10.39.22:322][933]LogPhysics: Warning: PopulatePhysXGeometryAndTransform(Convex): ConvexElem is missing ConvexMesh
[2021.05.20-10.39.22:322][933]LogPhysics: Warning: ForeachShape(Convex): ScaledElem[0] invalid
[2021.05.20-10.39.23:679][ 96]LogPhysics: Warning: PopulatePhysXGeometryAndTransform(Convex): ConvexElem is missing ConvexMesh
[2021.05.20-10.39.23:679][ 96]LogPhysics: Warning: ForeachShape(Convex): ScaledElem[0] invalid
[2021.05.20-10.39.23:680][ 96]LogPhysics: Warning: PopulatePhysXGeometryAndTransform(Convex): ConvexElem is missing ConvexMesh
[2021.05.20-10.39.23:680][ 96]LogPhysics: Warning: ForeachShape(Convex): ScaledElem[0] invalid
[2021.05.20-10.39.24:239][163]LogPhysics: Warning: PopulatePhysXGeometryAndTransform(Convex): ConvexElem is missing ConvexMesh
[2021.05.20-10.39.24:239][163]LogPhysics: Warning: ForeachShape(Convex): ScaledElem[0] invalid
[2021.05.20-10.39.24:239][163]LogPhysics: Warning: PopulatePhysXGeometryAndTransform(Convex): ConvexElem is missing ConvexMesh
[2021.05.20-10.39.24:239][163]LogPhysics: Warning: ForeachShape(Convex): ScaledElem[0] invalid
[2021.05.20-10.39.24:887][241]LogPhysics: Warning: PopulatePhysXGeometryAndTransform(Convex): ConvexElem is missing ConvexMesh
[2021.05.20-10.39.24:887][241]LogPhysics: Warning: ForeachShape(Convex): ScaledElem[0] invalid
[2021.05.20-10.39.24:888][241]LogPhysics: Warning: PopulatePhysXGeometryAndTransform(Convex): ConvexElem is missing ConvexMesh
[2021.05.20-10.39.24:888][241]LogPhysics: Warning: ForeachShape(Convex): ScaledElem[0] invalid
[2021.05.20-10.39.25:605][327]LogPhysics: Warning: PopulatePhysXGeometryAndTransform(Convex): ConvexElem is missing ConvexMesh
[2021.05.20-10.39.25:605][327]LogPhysics: Warning: ForeachShape(Convex): ScaledElem[0] invalid
[2021.05.20-10.39.25:605][327]LogPhysics: Warning: PopulatePhysXGeometryAndTransform(Convex): ConvexElem is missing ConvexMesh
[2021.05.20-10.39.25:605][327]LogPhysics: Warning: ForeachShape(Convex): ScaledElem[0] invalid
[2021.05.20-10.39.26:771][467]LogPhysics: Warning: PopulatePhysXGeometryAndTransform(Convex): ConvexElem is missing ConvexMesh
[2021.05.20-10.39.26:771][467]LogPhysics: Warning: ForeachShape(Convex): ScaledElem[0] invalid
[2021.05.20-10.39.26:772][467]LogPhysics: Warning: PopulatePhysXGeometryAndTransform(Convex): ConvexElem is missing ConvexMesh
[2021.05.20-10.39.26:772][467]LogPhysics: Warning: ForeachShape(Convex): ScaledElem[0] invalid
[2021.05.20-10.39.33:396][262]LogPhysics: Warning: PopulatePhysXGeometryAndTransform(Convex): ConvexElem is missing ConvexMesh
[2021.05.20-10.39.33:396][262]LogPhysics: Warning: ForeachShape(Convex): ScaledElem[0] invalid
[2021.05.20-10.39.33:397][262]LogPhysics: Warning: PopulatePhysXGeometryAndTransform(Convex): ConvexElem is missing ConvexMesh
[2021.05.20-10.39.33:397][262]LogPhysics: Warning: ForeachShape(Convex): ScaledElem[0] invalid
[2021.05.20-10.39.33:397][262]LogPhysics: Warning: PopulatePhysXGeometryAndTransform(Convex): ConvexElem is missing ConvexMesh
[2021.05.20-10.39.33:397][262]LogPhysics: Warning: ForeachShape(Convex): ScaledElem[0] invalid
[2021.05.20-10.39.33:397][262]LogPhysics: Warning: PopulatePhysXGeometryAndTransform(Convex): ConvexElem is missing ConvexMesh
[2021.05.20-10.39.33:397][262]LogPhysics: Warning: ForeachShape(Convex): ScaledElem[0] invalid
[2021.05.20-10.39.33:398][262]LogPhysics: Warning: PopulatePhysXGeometryAndTransform(Convex): ConvexElem is missing ConvexMesh
[2021.05.20-10.39.33:398][262]LogPhysics: Warning: ForeachShape(Convex): ScaledElem[0] invalid
[2021.05.20-10.39.33:398][262]LogPhysics: Warning: PopulatePhysXGeometryAndTransform(Convex): ConvexElem is missing ConvexMesh
[2021.05.20-10.39.33:398][262]LogPhysics: Warning: ForeachShape(Convex): ScaledElem[0] invalid
[2021.05.20-10.39.33:398][262]LogPhysics: Warning: PopulatePhysXGeometryAndTransform(Convex): ConvexElem is missing ConvexMesh
[2021.05.20-10.39.33:398][262]LogPhysics: Warning: ForeachShape(Convex): ScaledElem[0] invalid
[2021.05.20-10.39.35:432][506]LogPhysics: Warning: PopulatePhysXGeometryAndTransform(Convex): ConvexElem is missing ConvexMesh
[2021.05.20-10.39.35:432][506]LogPhysics: Warning: ForeachShape(Convex): ScaledElem[0] invalid
[2021.05.20-10.39.35:433][506]LogPhysics: Warning: PopulatePhysXGeometryAndTransform(Convex): ConvexElem is missing ConvexMesh
[2021.05.20-10.39.35:433][506]LogPhysics: Warning: ForeachShape(Convex): ScaledElem[0] invalid
[2021.05.20-10.39.41:540][236]LogSlate: Updating window title bar state: overlay mode, drag disabled, window buttons hidden, title bar hidden
[2021.05.20-10.39.41:540][236]LogWorld: BeginTearingDown for /Game/SkywardMuffin/Maps/UEDPIE_0_TutorialMap
[2021.05.20-10.39.41:540][236]LogWorld: UWorld::CleanupWorld for TutorialMap, bSessionEnded=true, bCleanupResources=true
[2021.05.20-10.39.41:540][236]LogSlate: InvalidateAllWidgets triggered.  All widgets were invalidated
[2021.05.20-10.39.41:544][236]LogPlayLevel: Display: Shutting down PIE online subsystems
[2021.05.20-10.39.41:545][236]LogSlate: InvalidateAllWidgets triggered.  All widgets were invalidated
[2021.05.20-10.39.41:567][236]LogSlate: Updating window title bar state: overlay mode, drag disabled, window buttons hidden, title bar hidden
[2021.05.20-10.39.41:570][236]LogAISub: UAISubsystem::~UAISubsystem AIPerceptionSystem (0000020E5BA52480), frame # 8236
[2021.05.20-10.39.41:570][236]LogAISub: UAISubsystem::~UAISubsystem EnvQueryManager (0000020E0BA76000), frame # 8236
[2021.05.20-10.39.41:571][236]LogUObjectHash: Compacting FUObjectHashTables data took   0.57ms
[2021.05.20-10.39.41:623][242]LogPlayLevel: Display: Destroying online subsystem :Context_1
[2021.05.20-10.39.42:224][314]LogEditorViewport: Clicking on Actor (LMB): StaticMeshActor (Background)
[2021.05.20-10.40.08:207][591]LogSlate: Took 0.000120 seconds to synchronously load lazily loaded font '../../../Engine/Content/Slate/Fonts/Roboto-Light.ttf' (167K)
[2021.05.20-11.33.27:837][133]LogWindowsTextInputMethodSystem: Display: IME system now deactivated.
