Log file open, 05/20/21 19:58:36
LogInit: Display: Running engine for game: SkywardMuffin
LogPlatformFile: Not using cached read wrapper
LogTaskGraph: Started task graph with 5 named threads and 26 total threads with 3 sets of task threads.
LogStats: Stats thread started at 0.763585
LogD3D11RHI: Loaded GFSDK_Aftermath_Lib.x64.dll
LogICUInternationalization: ICU TimeZone Detection - Raw Offset: +8:00, Platform Override: ''
LogPluginManager: Mounting plugin Paper2D
LogPluginManager: Mounting plugin AISupport
LogPluginManager: Mounting plugin LightPropagationVolume
LogPluginManager: Mounting plugin CameraShakePreviewer
LogPluginManager: Mounting plugin ActorLayerUtilities
LogPluginManager: Mounting plugin AnimationSharing
LogPluginManager: Mounting plugin CLionSourceCodeAccess
LogPluginManager: Mounting plugin CodeLiteSourceCodeAccess
LogPluginManager: Mounting plugin GitSourceControl
LogPluginManager: Mounting plugin KDevelopSourceCodeAccess
LogPluginManager: Mounting plugin NullSourceCodeAccess
LogPluginManager: Mounting plugin PerforceSourceControl
LogPluginManager: Mounting plugin PlasticSourceControl
LogPluginManager: Mounting plugin RiderSourceCodeAccess
LogPluginManager: Mounting plugin SubversionSourceControl
LogPluginManager: Mounting plugin UObjectPlugin
LogPluginManager: Mounting plugin VisualStudioCodeSourceCodeAccess
LogPluginManager: Mounting plugin VisualStudioSourceCodeAccess
LogPluginManager: Mounting plugin XCodeSourceCodeAccess
LogPluginManager: Mounting plugin AssetManagerEditor
LogPluginManager: Mounting plugin CryptoKeys
LogPluginManager: Mounting plugin CurveEditorTools
LogPluginManager: Mounting plugin DataValidation
LogPluginManager: Mounting plugin EditorScriptingUtilities
LogPluginManager: Mounting plugin FacialAnimation
LogPluginManager: Mounting plugin GameplayTagsEditor
LogPluginManager: Mounting plugin GeometryMode
LogPluginManager: Mounting plugin MacGraphicsSwitching
LogPluginManager: Mounting plugin MaterialAnalyzer
LogPluginManager: Mounting plugin MobileLauncherProfileWizard
LogPluginManager: Mounting plugin PluginBrowser
LogPluginManager: Mounting plugin SpeedTreeImporter
LogPluginManager: Mounting plugin DatasmithContent
LogPluginManager: Mounting plugin VariantManagerContent
LogPluginManager: Mounting plugin AlembicImporter
LogPluginManager: Mounting plugin AutomationUtils
LogPluginManager: Mounting plugin BackChannel
LogPluginManager: Mounting plugin ChaosCloth
LogPluginManager: Mounting plugin ChaosClothEditor
LogPluginManager: Mounting plugin ChaosEditor
LogPluginManager: Mounting plugin ChaosNiagara
LogPluginManager: Mounting plugin ChaosSolverPlugin
LogPluginManager: Mounting plugin CharacterAI
LogPluginManager: Mounting plugin GeometryCache
LogPluginManager: Mounting plugin GeometryCollectionPlugin
LogPluginManager: Mounting plugin GeometryProcessing
LogPluginManager: Mounting plugin PlanarCut
LogPluginManager: Mounting plugin PlatformCrypto
LogPluginManager: Mounting plugin ProxyLODPlugin
LogPluginManager: Mounting plugin SkeletalReduction
LogPluginManager: Mounting plugin Niagara
LogPluginManager: Mounting plugin MagicLeap
LogPluginManager: Mounting plugin MagicLeapLightEstimation
LogPluginManager: Mounting plugin MagicLeapMedia
LogPluginManager: Mounting plugin MagicLeapPassableWorld
LogPluginManager: Mounting plugin MLSDK
LogPluginManager: Mounting plugin AndroidMedia
LogPluginManager: Mounting plugin AvfMedia
LogPluginManager: Mounting plugin ImgMedia
LogPluginManager: Mounting plugin MediaCompositing
LogPluginManager: Mounting plugin MediaPlayerEditor
LogPluginManager: Mounting plugin WebMMedia
LogPluginManager: Mounting plugin WmfMedia
LogPluginManager: Mounting plugin MeshPainting
LogPluginManager: Mounting plugin TcpMessaging
LogPluginManager: Mounting plugin UdpMessaging
LogPluginManager: Mounting plugin ActorSequence
LogPluginManager: Mounting plugin LevelSequenceEditor
LogPluginManager: Mounting plugin MatineeToLevelSequence
LogPluginManager: Mounting plugin MovieRenderPipeline
LogPluginManager: Mounting plugin TemplateSequence
LogPluginManager: Mounting plugin NetcodeUnitTest
LogPluginManager: Mounting plugin NUTUnrealEngine4
LogPluginManager: Mounting plugin OnlineSubsystemGooglePlay
LogPluginManager: Mounting plugin OnlineSubsystemIOS
LogPluginManager: Mounting plugin OnlineSubsystem
LogPluginManager: Mounting plugin OnlineSubsystemNull
LogPluginManager: Mounting plugin OnlineSubsystemUtils
LogPluginManager: Mounting plugin LauncherChunkInstaller
LogPluginManager: Mounting plugin AndroidDeviceProfileSelector
LogPluginManager: Mounting plugin AndroidMoviePlayer
LogPluginManager: Mounting plugin AndroidPermission
LogPluginManager: Mounting plugin AppleImageUtils
LogPluginManager: Mounting plugin AppleMoviePlayer
LogPluginManager: Mounting plugin ArchVisCharacter
LogPluginManager: Mounting plugin AssetTags
LogPluginManager: Mounting plugin AudioCapture
LogPluginManager: Mounting plugin CableComponent
LogPluginManager: Mounting plugin CustomMeshComponent
LogPluginManager: Mounting plugin EditableMesh
LogPluginManager: Mounting plugin ExampleDeviceProfileSelector
LogPluginManager: Mounting plugin GoogleCloudMessaging
LogPluginManager: Mounting plugin GooglePAD
LogPluginManager: Mounting plugin IOSDeviceProfileSelector
LogPluginManager: Mounting plugin LinuxDeviceProfileSelector
LogPluginManager: Mounting plugin LocationServicesBPLibrary
LogPluginManager: Mounting plugin MobilePatchingUtils
LogPluginManager: Mounting plugin OculusVR
LogPluginManager: Mounting plugin PhysXVehicles
LogPluginManager: Mounting plugin PostSplashScreen
LogPluginManager: Mounting plugin ProceduralMeshComponent
LogPluginManager: Mounting plugin RuntimePhysXCooking
LogPluginManager: Mounting plugin SignificanceManager
LogPluginManager: Mounting plugin SoundFields
LogPluginManager: Mounting plugin SteamVR
LogPluginManager: Mounting plugin Synthesis
LogPluginManager: Mounting plugin WebMMoviePlayer
LogPluginManager: Mounting plugin WindowsMoviePlayer
LogPluginManager: Mounting plugin ScreenshotTools
LogInit: Using libcurl 7.55.1-DEV
LogInit:  - built for x86_64-pc-win32
LogInit:  - supports SSL with OpenSSL/1.1.1
LogInit:  - supports HTTP deflate (compression) using libz 1.2.8
LogInit:  - other features:
LogInit:      CURL_VERSION_SSL
LogInit:      CURL_VERSION_LIBZ
LogInit:      CURL_VERSION_IPV6
LogInit:      CURL_VERSION_ASYNCHDNS
LogInit:      CURL_VERSION_LARGEFILE
LogInit:      CURL_VERSION_IDN
LogInit:  CurlRequestOptions (configurable via config and command line):
LogInit:  - bVerifyPeer = true  - Libcurl will verify peer certificate
LogInit:  - bUseHttpProxy = false  - Libcurl will NOT use HTTP proxy
LogInit:  - bDontReuseConnections = false  - Libcurl will reuse connections
LogInit:  - MaxHostConnections = 16  - Libcurl will limit the number of connections to a host
LogInit:  - LocalHostAddr = Default
LogInit:  - BufferSize = 65536
LogOnline: OSS: Creating online subsystem instance for: NULL
LogInit: WinSock: version 1.1 (2.2), MaxSocks=32767, MaxUdp=65467
LogOnline: OSS: TryLoadSubsystemAndSetDefault: Loaded subsystem for module [NULL]
LogInit: Build: ++UE4+Release-4.25-CL-14469661
LogInit: Engine Version: 4.25.4-14469661+++UE4+Release-4.25
LogInit: Compatible Engine Version: 4.25.0-13144385+++UE4+Release-4.25
LogInit: Net CL: 13144385
LogInit: OS: Windows 10 (Release 2004) (), CPU: Intel(R) Core(TM) i7-9700F CPU @ 3.00GHz, GPU: NVIDIA GeForce RTX 2060 SUPER
LogInit: Compiled (64-bit): Oct 11 2020 08:10:49
LogInit: Compiled with Visual C++: 19.24.28315.00
LogInit: Build Configuration: Development
LogInit: Branch Name: ++UE4+Release-4.25
LogInit: Command Line: 
LogInit: Base Directory: C:/Program Files/Epic Games/UE_4.25/Engine/Binaries/Win64/
LogInit: Allocator: TBB
LogInit: Installed Engine Build: 1
LogDevObjectVersion: Number of dev versions registered: 26
LogDevObjectVersion:   Dev-Blueprints (B0D832E4-1F89-4F0D-ACCF-7EB736FD4AA2): 10
LogDevObjectVersion:   Dev-Build (E1C64328-A22C-4D53-A36C-8E866417BD8C): 0
LogDevObjectVersion:   Dev-Core (375EC13C-06E4-48FB-B500-84F0262A717E): 4
LogDevObjectVersion:   Dev-Editor (E4B068ED-F494-42E9-A231-DA0B2E46BB41): 38
LogDevObjectVersion:   Dev-Framework (CFFC743F-43B0-4480-9391-14DF171D2073): 37
LogDevObjectVersion:   Dev-Mobile (B02B49B5-BB20-44E9-A304-32B752E40360): 2
LogDevObjectVersion:   Dev-Networking (A4E4105C-59A1-49B5-A7C5-40C4547EDFEE): 0
LogDevObjectVersion:   Dev-Online (39C831C9-5AE6-47DC-9A44-9C173E1C8E7C): 0
LogDevObjectVersion:   Dev-Physics (78F01B33-EBEA-4F98-B9B4-84EACCB95AA2): 4
LogDevObjectVersion:   Dev-Platform (6631380F-2D4D-43E0-8009-CF276956A95A): 0
LogDevObjectVersion:   Dev-Rendering (12F88B9F-8875-4AFC-A67C-D90C383ABD29): 43
LogDevObjectVersion:   Dev-Sequencer (7B5AE74C-D270-4C10-A958-57980B212A5A): 12
LogDevObjectVersion:   Dev-VR (D7296918-1DD6-4BDD-9DE2-64A83CC13884): 3
LogDevObjectVersion:   Dev-LoadTimes (C2A15278-BFE7-4AFE-6C17-90FF531DF755): 1
LogDevObjectVersion:   Private-Geometry (6EACA3D4-40EC-4CC1-B786-8BED09428FC5): 3
LogDevObjectVersion:   Dev-AnimPhys (29E575DD-E0A3-4627-9D10-D276232CDCEA): 17
LogDevObjectVersion:   Dev-Anim (AF43A65D-7FD3-4947-9873-3E8ED9C1BB05): 7
LogDevObjectVersion:   Dev-ReflectionCapture (6B266CEC-1EC7-4B8F-A30B-E4D90942FC07): 1
LogDevObjectVersion:   Dev-Automation (0DF73D61-A23F-47EA-B727-89E90C41499A): 1
LogDevObjectVersion:   FortniteMain (601D1886-AC64-4F84-AA16-D3DE0DEAC7D6): 31
LogDevObjectVersion:   Dev-Enterprise (9DFFBCD6-494F-0158-E221-12823C92A888): 10
LogDevObjectVersion:   Dev-Niagara (F2AED0AC-9AFE-416F-8664-AA7FFA26D6FC): 1
LogDevObjectVersion:   Dev-Destruction (174F1F0B-B4C6-45A5-B13F-2EE8D0FB917D): 10
LogDevObjectVersion:   Dev-Physics-Ext (35F94A83-E258-406C-A318-09F59610247C): 37
LogDevObjectVersion:   Dev-PhysicsMaterial-Chaos (B68FC16E-8B1B-42E2-B453-215C058844FE): 1
LogDevObjectVersion:   Dev-CineCamera (B2E18506-4273-CFC2-A54E-F4BB758BBA07): 1
LogInit: Presizing for max 25165824 objects, including 0 objects not considered by GC, pre-allocating 0 bytes for permanent pool.
LogConfig: Applying CVar settings from Section [/Script/Engine.StreamingSettings] File [D:/Tencent/BananaProject/SkywardMuffinStarter/Saved/Config/Windows/Engine.ini]
LogConfig: Setting CVar [[s.MinBulkDataSizeForAsyncLoading:131072]]
LogConfig: Setting CVar [[s.AsyncLoadingThreadEnabled:0]]
LogConfig: Setting CVar [[s.EventDrivenLoaderEnabled:1]]
LogConfig: Setting CVar [[s.WarnIfTimeLimitExceeded:0]]
LogConfig: Setting CVar [[s.TimeLimitExceededMultiplier:1.5]]
LogConfig: Setting CVar [[s.TimeLimitExceededMinTime:0.005]]
LogConfig: Setting CVar [[s.UseBackgroundLevelStreaming:1]]
LogConfig: Setting CVar [[s.PriorityAsyncLoadingExtraTime:15.0]]
LogConfig: Setting CVar [[s.LevelStreamingActorsUpdateTimeLimit:5.0]]
LogConfig: Setting CVar [[s.PriorityLevelStreamingActorsUpdateExtraTime:5.0]]
LogConfig: Setting CVar [[s.LevelStreamingComponentsRegistrationGranularity:10]]
LogConfig: Setting CVar [[s.UnregisterComponentsTimeLimit:1.0]]
LogConfig: Setting CVar [[s.LevelStreamingComponentsUnregistrationGranularity:5]]
LogConfig: Setting CVar [[s.FlushStreamingOnExit:1]]
LogInit: Object subsystem initialized
LogConfig: Setting CVar [[con.DebugEarlyDefault:1]]
LogConfig: Setting CVar [[r.setres:1280x720]]
[2021.05.20-11.58.37:184][  0]LogConfig: Setting CVar [[r.VSync:0]]
[2021.05.20-11.58.37:184][  0]LogConfig: Setting CVar [[r.RHICmdBypass:0]]
[2021.05.20-11.58.37:184][  0]LogConfig: Applying CVar settings from Section [/Script/Engine.RendererSettings] File [D:/Tencent/BananaProject/SkywardMuffinStarter/Saved/Config/Windows/Engine.ini]
[2021.05.20-11.58.37:184][  0]LogConfig: Setting CVar [[r.GPUCrashDebugging:0]]
[2021.05.20-11.58.37:184][  0]LogConfig: Applying CVar settings from Section [/Script/Engine.RendererOverrideSettings] File [D:/Tencent/BananaProject/SkywardMuffinStarter/Saved/Config/Windows/Engine.ini]
[2021.05.20-11.58.37:184][  0]LogConfig: Applying CVar settings from Section [/Script/Engine.StreamingSettings] File [D:/Tencent/BananaProject/SkywardMuffinStarter/Saved/Config/Windows/Engine.ini]
[2021.05.20-11.58.37:184][  0]LogConfig: Setting CVar [[s.MinBulkDataSizeForAsyncLoading:131072]]
[2021.05.20-11.58.37:184][  0]LogConfig: Setting CVar [[s.AsyncLoadingThreadEnabled:0]]
[2021.05.20-11.58.37:184][  0]LogConfig: Setting CVar [[s.EventDrivenLoaderEnabled:1]]
[2021.05.20-11.58.37:184][  0]LogConfig: Setting CVar [[s.WarnIfTimeLimitExceeded:0]]
[2021.05.20-11.58.37:184][  0]LogConfig: Setting CVar [[s.TimeLimitExceededMultiplier:1.5]]
[2021.05.20-11.58.37:184][  0]LogConfig: Setting CVar [[s.TimeLimitExceededMinTime:0.005]]
[2021.05.20-11.58.37:184][  0]LogConfig: Setting CVar [[s.UseBackgroundLevelStreaming:1]]
[2021.05.20-11.58.37:185][  0]LogConfig: Setting CVar [[s.PriorityAsyncLoadingExtraTime:15.0]]
[2021.05.20-11.58.37:185][  0]LogConfig: Setting CVar [[s.LevelStreamingActorsUpdateTimeLimit:5.0]]
[2021.05.20-11.58.37:185][  0]LogConfig: Setting CVar [[s.PriorityLevelStreamingActorsUpdateExtraTime:5.0]]
[2021.05.20-11.58.37:185][  0]LogConfig: Setting CVar [[s.LevelStreamingComponentsRegistrationGranularity:10]]
[2021.05.20-11.58.37:185][  0]LogConfig: Setting CVar [[s.UnregisterComponentsTimeLimit:1.0]]
[2021.05.20-11.58.37:185][  0]LogConfig: Setting CVar [[s.LevelStreamingComponentsUnregistrationGranularity:5]]
[2021.05.20-11.58.37:185][  0]LogConfig: Setting CVar [[s.FlushStreamingOnExit:1]]
[2021.05.20-11.58.37:185][  0]LogConfig: Applying CVar settings from Section [/Script/Engine.GarbageCollectionSettings] File [D:/Tencent/BananaProject/SkywardMuffinStarter/Saved/Config/Windows/Engine.ini]
[2021.05.20-11.58.37:185][  0]LogConfig: Setting CVar [[gc.MaxObjectsNotConsideredByGC:1]]
[2021.05.20-11.58.37:185][  0]LogConfig: Setting CVar [[gc.SizeOfPermanentObjectPool:0]]
[2021.05.20-11.58.37:185][  0]LogConfig: Setting CVar [[gc.FlushStreamingOnGC:0]]
[2021.05.20-11.58.37:185][  0]LogConfig: Setting CVar [[gc.NumRetriesBeforeForcingGC:10]]
[2021.05.20-11.58.37:185][  0]LogConfig: Setting CVar [[gc.AllowParallelGC:1]]
[2021.05.20-11.58.37:185][  0]LogConfig: Setting CVar [[gc.TimeBetweenPurgingPendingKillObjects:61.1]]
[2021.05.20-11.58.37:185][  0]LogConfig: Setting CVar [[gc.MaxObjectsInEditor:25165824]]
[2021.05.20-11.58.37:185][  0]LogConfig: Setting CVar [[gc.IncrementalBeginDestroyEnabled:1]]
[2021.05.20-11.58.37:185][  0]LogConfig: Setting CVar [[gc.CreateGCClusters:1]]
[2021.05.20-11.58.37:185][  0]LogConfig: Setting CVar [[gc.MinGCClusterSize:5]]
[2021.05.20-11.58.37:185][  0]LogConfig: Setting CVar [[gc.ActorClusteringEnabled:0]]
[2021.05.20-11.58.37:185][  0]LogConfig: Setting CVar [[gc.BlueprintClusteringEnabled:0]]
[2021.05.20-11.58.37:185][  0]LogConfig: Setting CVar [[gc.UseDisregardForGCOnDedicatedServers:0]]
[2021.05.20-11.58.37:185][  0]LogConfig: Applying CVar settings from Section [/Script/Engine.NetworkSettings] File [D:/Tencent/BananaProject/SkywardMuffinStarter/Saved/Config/Windows/Engine.ini]
[2021.05.20-11.58.37:185][  0]LogConfig: Applying CVar settings from Section [/Script/UnrealEd.CookerSettings] File [D:/Tencent/BananaProject/SkywardMuffinStarter/Saved/Config/Windows/Engine.ini]
[2021.05.20-11.58.37:188][  0]LogConfig: Applying CVar settings from Section [ViewDistanceQuality@3] File [D:/Tencent/BananaProject/SkywardMuffinStarter/Saved/Config/Windows/Scalability.ini]
[2021.05.20-11.58.37:188][  0]LogConfig: Setting CVar [[r.SkeletalMeshLODBias:0]]
[2021.05.20-11.58.37:188][  0]LogConfig: Setting CVar [[r.ViewDistanceScale:1.0]]
[2021.05.20-11.58.37:188][  0]LogConfig: Applying CVar settings from Section [AntiAliasingQuality@3] File [D:/Tencent/BananaProject/SkywardMuffinStarter/Saved/Config/Windows/Scalability.ini]
[2021.05.20-11.58.37:188][  0]LogConfig: Setting CVar [[r.PostProcessAAQuality:4]]
[2021.05.20-11.58.37:188][  0]LogConfig: Applying CVar settings from Section [ShadowQuality@3] File [D:/Tencent/BananaProject/SkywardMuffinStarter/Saved/Config/Windows/Scalability.ini]
[2021.05.20-11.58.37:188][  0]LogConfig: Setting CVar [[r.LightFunctionQuality:1]]
[2021.05.20-11.58.37:188][  0]LogConfig: Setting CVar [[r.ShadowQuality:5]]
[2021.05.20-11.58.37:188][  0]LogConfig: Setting CVar [[r.Shadow.CSM.MaxCascades:10]]
[2021.05.20-11.58.37:188][  0]LogConfig: Setting CVar [[r.Shadow.MaxResolution:2048]]
[2021.05.20-11.58.37:188][  0]LogConfig: Setting CVar [[r.Shadow.MaxCSMResolution:2048]]
[2021.05.20-11.58.37:188][  0]LogConfig: Setting CVar [[r.Shadow.RadiusThreshold:0.01]]
[2021.05.20-11.58.37:188][  0]LogConfig: Setting CVar [[r.Shadow.DistanceScale:1.0]]
[2021.05.20-11.58.37:188][  0]LogConfig: Setting CVar [[r.Shadow.CSM.TransitionScale:1.0]]
[2021.05.20-11.58.37:188][  0]LogConfig: Setting CVar [[r.Shadow.PreShadowResolutionFactor:1.0]]
[2021.05.20-11.58.37:188][  0]LogConfig: Setting CVar [[r.DistanceFieldShadowing:1]]
[2021.05.20-11.58.37:188][  0]LogConfig: Setting CVar [[r.DistanceFieldAO:1]]
[2021.05.20-11.58.37:188][  0]LogConfig: Setting CVar [[r.AOQuality:2]]
[2021.05.20-11.58.37:188][  0]LogConfig: Setting CVar [[r.VolumetricFog:1]]
[2021.05.20-11.58.37:188][  0]LogConfig: Setting CVar [[r.VolumetricFog.GridPixelSize:8]]
[2021.05.20-11.58.37:188][  0]LogConfig: Setting CVar [[r.VolumetricFog.GridSizeZ:128]]
[2021.05.20-11.58.37:188][  0]LogConfig: Setting CVar [[r.VolumetricFog.HistoryMissSupersampleCount:4]]
[2021.05.20-11.58.37:188][  0]LogConfig: Setting CVar [[r.LightMaxDrawDistanceScale:1]]
[2021.05.20-11.58.37:188][  0]LogConfig: Setting CVar [[r.CapsuleShadows:1]]
[2021.05.20-11.58.37:188][  0]LogConfig: Applying CVar settings from Section [PostProcessQuality@3] File [D:/Tencent/BananaProject/SkywardMuffinStarter/Saved/Config/Windows/Scalability.ini]
[2021.05.20-11.58.37:188][  0]LogConfig: Setting CVar [[r.MotionBlurQuality:4]]
[2021.05.20-11.58.37:188][  0]LogConfig: Setting CVar [[r.AmbientOcclusionMipLevelFactor:0.4]]
[2021.05.20-11.58.37:188][  0]LogConfig: Setting CVar [[r.AmbientOcclusionMaxQuality:100]]
[2021.05.20-11.58.37:188][  0]LogConfig: Setting CVar [[r.AmbientOcclusionLevels:-1]]
[2021.05.20-11.58.37:188][  0]LogConfig: Setting CVar [[r.AmbientOcclusionRadiusScale:1.0]]
[2021.05.20-11.58.37:188][  0]LogConfig: Setting CVar [[r.DepthOfFieldQuality:2]]
[2021.05.20-11.58.37:188][  0]LogConfig: Setting CVar [[r.RenderTargetPoolMin:400]]
[2021.05.20-11.58.37:188][  0]LogConfig: Setting CVar [[r.LensFlareQuality:2]]
[2021.05.20-11.58.37:188][  0]LogConfig: Setting CVar [[r.SceneColorFringeQuality:1]]
[2021.05.20-11.58.37:188][  0]LogConfig: Setting CVar [[r.EyeAdaptationQuality:2]]
[2021.05.20-11.58.37:188][  0]LogConfig: Setting CVar [[r.BloomQuality:5]]
[2021.05.20-11.58.37:188][  0]LogConfig: Setting CVar [[r.FastBlurThreshold:100]]
[2021.05.20-11.58.37:188][  0]LogConfig: Setting CVar [[r.Upscale.Quality:3]]
[2021.05.20-11.58.37:188][  0]LogConfig: Setting CVar [[r.Tonemapper.GrainQuantization:1]]
[2021.05.20-11.58.37:188][  0]LogConfig: Setting CVar [[r.LightShaftQuality:1]]
[2021.05.20-11.58.37:188][  0]LogConfig: Setting CVar [[r.Filter.SizeScale:1]]
[2021.05.20-11.58.37:188][  0]LogConfig: Setting CVar [[r.Tonemapper.Quality:5]]
[2021.05.20-11.58.37:188][  0]LogConfig: Setting CVar [[r.DOF.Gather.AccumulatorQuality:1        ; higher gathering accumulator quality]]
[2021.05.20-11.58.37:188][  0]LogConfig: Setting CVar [[r.DOF.Gather.PostfilterMethod:1          ; Median3x3 postfilering method]]
[2021.05.20-11.58.37:188][  0]LogConfig: Setting CVar [[r.DOF.Gather.EnableBokehSettings:0       ; no bokeh simulation when gathering]]
[2021.05.20-11.58.37:188][  0]LogConfig: Setting CVar [[r.DOF.Gather.RingCount:4                 ; medium number of samples when gathering]]
[2021.05.20-11.58.37:188][  0]LogConfig: Setting CVar [[r.DOF.Scatter.ForegroundCompositing:1    ; additive foreground scattering]]
[2021.05.20-11.58.37:188][  0]LogConfig: Setting CVar [[r.DOF.Scatter.BackgroundCompositing:2    ; additive background scattering]]
[2021.05.20-11.58.37:188][  0]LogConfig: Setting CVar [[r.DOF.Scatter.EnableBokehSettings:1      ; bokeh simulation when scattering]]
[2021.05.20-11.58.37:189][  0]LogConfig: Setting CVar [[r.DOF.Scatter.MaxSpriteRatio:0.1         ; only a maximum of 10% of scattered bokeh]]
[2021.05.20-11.58.37:189][  0]LogConfig: Setting CVar [[r.DOF.Recombine.Quality:1                ; cheap slight out of focus]]
[2021.05.20-11.58.37:189][  0]LogConfig: Setting CVar [[r.DOF.Recombine.EnableBokehSettings:0    ; no bokeh simulation on slight out of focus]]
[2021.05.20-11.58.37:189][  0]LogConfig: Setting CVar [[r.DOF.TemporalAAQuality:1                ; more stable temporal accumulation]]
[2021.05.20-11.58.37:189][  0]LogConfig: Setting CVar [[r.DOF.Kernel.MaxForegroundRadius:0.025]]
[2021.05.20-11.58.37:189][  0]LogConfig: Setting CVar [[r.DOF.Kernel.MaxBackgroundRadius:0.025]]
[2021.05.20-11.58.37:189][  0]LogConfig: Applying CVar settings from Section [TextureQuality@3] File [D:/Tencent/BananaProject/SkywardMuffinStarter/Saved/Config/Windows/Scalability.ini]
[2021.05.20-11.58.37:189][  0]LogConfig: Setting CVar [[r.Streaming.MipBias:0]]
[2021.05.20-11.58.37:189][  0]LogConfig: Setting CVar [[r.Streaming.AmortizeCPUToGPUCopy:0]]
[2021.05.20-11.58.37:189][  0]LogConfig: Setting CVar [[r.Streaming.MaxNumTexturesToStreamPerFrame:0]]
[2021.05.20-11.58.37:189][  0]LogConfig: Setting CVar [[r.Streaming.Boost:1]]
[2021.05.20-11.58.37:189][  0]LogConfig: Setting CVar [[r.MaxAnisotropy:8]]
[2021.05.20-11.58.37:189][  0]LogConfig: Setting CVar [[r.VT.MaxAnisotropy:8]]
[2021.05.20-11.58.37:189][  0]LogConfig: Setting CVar [[r.Streaming.LimitPoolSizeToVRAM:0]]
[2021.05.20-11.58.37:189][  0]LogConfig: Setting CVar [[r.Streaming.PoolSize:1000]]
[2021.05.20-11.58.37:189][  0]LogConfig: Setting CVar [[r.Streaming.MaxEffectiveScreenSize:0]]
[2021.05.20-11.58.37:189][  0]LogConfig: Applying CVar settings from Section [EffectsQuality@3] File [D:/Tencent/BananaProject/SkywardMuffinStarter/Saved/Config/Windows/Scalability.ini]
[2021.05.20-11.58.37:189][  0]LogConfig: Setting CVar [[r.TranslucencyLightingVolumeDim:64]]
[2021.05.20-11.58.37:189][  0]LogConfig: Setting CVar [[r.RefractionQuality:2]]
[2021.05.20-11.58.37:189][  0]LogConfig: Setting CVar [[r.SSR.Quality:3]]
[2021.05.20-11.58.37:189][  0]LogConfig: Setting CVar [[r.SSR.HalfResSceneColor:0]]
[2021.05.20-11.58.37:189][  0]LogConfig: Setting CVar [[r.SceneColorFormat:4]]
[2021.05.20-11.58.37:189][  0]LogConfig: Setting CVar [[r.DetailMode:2]]
[2021.05.20-11.58.37:189][  0]LogConfig: Setting CVar [[r.TranslucencyVolumeBlur:1]]
[2021.05.20-11.58.37:189][  0]LogConfig: Setting CVar [[r.MaterialQualityLevel:1 ; High quality]]
[2021.05.20-11.58.37:189][  0]LogConfig: Setting CVar [[r.SSS.Scale:1]]
[2021.05.20-11.58.37:189][  0]LogConfig: Setting CVar [[r.SSS.SampleSet:2]]
[2021.05.20-11.58.37:189][  0]LogConfig: Setting CVar [[r.SSS.Quality:1]]
[2021.05.20-11.58.37:189][  0]LogConfig: Setting CVar [[r.SSS.HalfRes:0]]
[2021.05.20-11.58.37:189][  0]LogConfig: Setting CVar [[r.SSGI.Quality:3]]
[2021.05.20-11.58.37:189][  0]LogConfig: Setting CVar [[r.EmitterSpawnRateScale:1.0]]
[2021.05.20-11.58.37:189][  0]LogConfig: Setting CVar [[r.ParticleLightQuality:2]]
[2021.05.20-11.58.37:189][  0]LogConfig: Setting CVar [[r.SkyAtmosphere.AerialPerspectiveLUT.FastApplyOnOpaque:1 ; Always have FastSkyLUT 1 in this case to avoid wrong sky]]
[2021.05.20-11.58.37:189][  0]LogConfig: Setting CVar [[r.SkyAtmosphere.AerialPerspectiveLUT.SampleCountPerSlice:1]]
[2021.05.20-11.58.37:189][  0]LogConfig: Setting CVar [[r.SkyAtmosphere.AerialPerspectiveLUT.DepthResolution:16.0]]
[2021.05.20-11.58.37:189][  0]LogConfig: Setting CVar [[r.SkyAtmosphere.FastSkyLUT:1]]
[2021.05.20-11.58.37:189][  0]LogConfig: Setting CVar [[r.SkyAtmosphere.FastSkyLUT.SampleCountMin:4.0]]
[2021.05.20-11.58.37:189][  0]LogConfig: Setting CVar [[r.SkyAtmosphere.FastSkyLUT.SampleCountMax:32.0]]
[2021.05.20-11.58.37:189][  0]LogConfig: Setting CVar [[r.SkyAtmosphere.SampleCountMin:4.0]]
[2021.05.20-11.58.37:189][  0]LogConfig: Setting CVar [[r.SkyAtmosphere.SampleCountMax:32.0]]
[2021.05.20-11.58.37:189][  0]LogConfig: Setting CVar [[r.SkyAtmosphere.TransmittanceLUT.UseSmallFormat:0]]
[2021.05.20-11.58.37:189][  0]LogConfig: Setting CVar [[r.SkyAtmosphere.TransmittanceLUT.SampleCount:10.0]]
[2021.05.20-11.58.37:189][  0]LogConfig: Setting CVar [[r.SkyAtmosphere.MultiScatteringLUT.SampleCount:15.0]]
[2021.05.20-11.58.37:189][  0]LogConfig: Applying CVar settings from Section [FoliageQuality@3] File [D:/Tencent/BananaProject/SkywardMuffinStarter/Saved/Config/Windows/Scalability.ini]
[2021.05.20-11.58.37:189][  0]LogConfig: Setting CVar [[foliage.DensityScale:1.0]]
[2021.05.20-11.58.37:189][  0]LogConfig: Setting CVar [[grass.DensityScale:1.0]]
[2021.05.20-11.58.37:189][  0]LogConfig: Applying CVar settings from Section [ShadingQuality@3] File [D:/Tencent/BananaProject/SkywardMuffinStarter/Saved/Config/Windows/Scalability.ini]
[2021.05.20-11.58.37:189][  0]LogConfig: Setting CVar [[r.HairStrands.SkyLighting.SampleCount:16]]
[2021.05.20-11.58.37:189][  0]LogConfig: Setting CVar [[r.HairStrands.SkyLighting.JitterIntegration:0]]
[2021.05.20-11.58.37:189][  0]LogConfig: Setting CVar [[r.HairStrands.SkyAO.SampleCount:16]]
[2021.05.20-11.58.37:189][  0]LogConfig: Setting CVar [[r.HairStrands.DeepShadow.SuperSampling:0]]
[2021.05.20-11.58.37:189][  0]LogConfig: Setting CVar [[r.HairStrands.VisibilityPPLL:0]]
[2021.05.20-11.58.37:189][  0]LogConfig: Setting CVar [[r.HairStrands.RasterizationScale:0.5]]
[2021.05.20-11.58.37:189][  0]LogConfig: Setting CVar [[r.HairStrands.VelocityRasterizationScale:1]]
[2021.05.20-11.58.37:190][  0]LogInit: Selected Device Profile: [Windows]
[2021.05.20-11.58.37:190][  0]LogInit: Applying CVar settings loaded from the selected device profile: [Windows]
[2021.05.20-11.58.37:191][  0]LogHAL: Display: Platform has ~ 32 GB [34299363328 / 34359738368 / 32], which maps to Largest [LargestMinGB=32, LargerMinGB=12, DefaultMinGB=8, SmallerMinGB=6, SmallestMinGB=0)
[2021.05.20-11.58.37:191][  0]LogInit: Going up to parent DeviceProfile []
[2021.05.20-11.58.37:191][  0]LogConfig: Applying CVar settings from Section [ViewDistanceQuality@3] File [D:/Tencent/BananaProject/SkywardMuffinStarter/Saved/Config/Windows/Scalability.ini]
[2021.05.20-11.58.37:191][  0]LogConfig: Setting CVar [[r.SkeletalMeshLODBias:0]]
[2021.05.20-11.58.37:191][  0]LogConfig: Setting CVar [[r.ViewDistanceScale:1.0]]
[2021.05.20-11.58.37:191][  0]LogConfig: Applying CVar settings from Section [AntiAliasingQuality@3] File [D:/Tencent/BananaProject/SkywardMuffinStarter/Saved/Config/Windows/Scalability.ini]
[2021.05.20-11.58.37:191][  0]LogConfig: Setting CVar [[r.PostProcessAAQuality:4]]
[2021.05.20-11.58.37:191][  0]LogConfig: Applying CVar settings from Section [ShadowQuality@3] File [D:/Tencent/BananaProject/SkywardMuffinStarter/Saved/Config/Windows/Scalability.ini]
[2021.05.20-11.58.37:191][  0]LogConfig: Setting CVar [[r.LightFunctionQuality:1]]
[2021.05.20-11.58.37:191][  0]LogConfig: Setting CVar [[r.ShadowQuality:5]]
[2021.05.20-11.58.37:191][  0]LogConfig: Setting CVar [[r.Shadow.CSM.MaxCascades:10]]
[2021.05.20-11.58.37:191][  0]LogConfig: Setting CVar [[r.Shadow.MaxResolution:2048]]
[2021.05.20-11.58.37:191][  0]LogConfig: Setting CVar [[r.Shadow.MaxCSMResolution:2048]]
[2021.05.20-11.58.37:191][  0]LogConfig: Setting CVar [[r.Shadow.RadiusThreshold:0.01]]
[2021.05.20-11.58.37:191][  0]LogConfig: Setting CVar [[r.Shadow.DistanceScale:1.0]]
[2021.05.20-11.58.37:191][  0]LogConfig: Setting CVar [[r.Shadow.CSM.TransitionScale:1.0]]
[2021.05.20-11.58.37:191][  0]LogConfig: Setting CVar [[r.Shadow.PreShadowResolutionFactor:1.0]]
[2021.05.20-11.58.37:191][  0]LogConfig: Setting CVar [[r.DistanceFieldShadowing:1]]
[2021.05.20-11.58.37:191][  0]LogConfig: Setting CVar [[r.DistanceFieldAO:1]]
[2021.05.20-11.58.37:191][  0]LogConfig: Setting CVar [[r.AOQuality:2]]
[2021.05.20-11.58.37:191][  0]LogConfig: Setting CVar [[r.VolumetricFog:1]]
[2021.05.20-11.58.37:191][  0]LogConfig: Setting CVar [[r.VolumetricFog.GridPixelSize:8]]
[2021.05.20-11.58.37:191][  0]LogConfig: Setting CVar [[r.VolumetricFog.GridSizeZ:128]]
[2021.05.20-11.58.37:191][  0]LogConfig: Setting CVar [[r.VolumetricFog.HistoryMissSupersampleCount:4]]
[2021.05.20-11.58.37:191][  0]LogConfig: Setting CVar [[r.LightMaxDrawDistanceScale:1]]
[2021.05.20-11.58.37:191][  0]LogConfig: Setting CVar [[r.CapsuleShadows:1]]
[2021.05.20-11.58.37:191][  0]LogConfig: Applying CVar settings from Section [PostProcessQuality@3] File [D:/Tencent/BananaProject/SkywardMuffinStarter/Saved/Config/Windows/Scalability.ini]
[2021.05.20-11.58.37:191][  0]LogConfig: Setting CVar [[r.MotionBlurQuality:4]]
[2021.05.20-11.58.37:191][  0]LogConfig: Setting CVar [[r.AmbientOcclusionMipLevelFactor:0.4]]
[2021.05.20-11.58.37:191][  0]LogConfig: Setting CVar [[r.AmbientOcclusionMaxQuality:100]]
[2021.05.20-11.58.37:191][  0]LogConfig: Setting CVar [[r.AmbientOcclusionLevels:-1]]
[2021.05.20-11.58.37:191][  0]LogConfig: Setting CVar [[r.AmbientOcclusionRadiusScale:1.0]]
[2021.05.20-11.58.37:191][  0]LogConfig: Setting CVar [[r.DepthOfFieldQuality:2]]
[2021.05.20-11.58.37:191][  0]LogConfig: Setting CVar [[r.RenderTargetPoolMin:400]]
[2021.05.20-11.58.37:191][  0]LogConfig: Setting CVar [[r.LensFlareQuality:2]]
[2021.05.20-11.58.37:191][  0]LogConfig: Setting CVar [[r.SceneColorFringeQuality:1]]
[2021.05.20-11.58.37:191][  0]LogConfig: Setting CVar [[r.EyeAdaptationQuality:2]]
[2021.05.20-11.58.37:191][  0]LogConfig: Setting CVar [[r.BloomQuality:5]]
[2021.05.20-11.58.37:191][  0]LogConfig: Setting CVar [[r.FastBlurThreshold:100]]
[2021.05.20-11.58.37:191][  0]LogConfig: Setting CVar [[r.Upscale.Quality:3]]
[2021.05.20-11.58.37:191][  0]LogConfig: Setting CVar [[r.Tonemapper.GrainQuantization:1]]
[2021.05.20-11.58.37:191][  0]LogConfig: Setting CVar [[r.LightShaftQuality:1]]
[2021.05.20-11.58.37:191][  0]LogConfig: Setting CVar [[r.Filter.SizeScale:1]]
[2021.05.20-11.58.37:191][  0]LogConfig: Setting CVar [[r.Tonemapper.Quality:5]]
[2021.05.20-11.58.37:191][  0]LogConfig: Setting CVar [[r.DOF.Gather.AccumulatorQuality:1        ; higher gathering accumulator quality]]
[2021.05.20-11.58.37:191][  0]LogConfig: Setting CVar [[r.DOF.Gather.PostfilterMethod:1          ; Median3x3 postfilering method]]
[2021.05.20-11.58.37:191][  0]LogConfig: Setting CVar [[r.DOF.Gather.EnableBokehSettings:0       ; no bokeh simulation when gathering]]
[2021.05.20-11.58.37:191][  0]LogConfig: Setting CVar [[r.DOF.Gather.RingCount:4                 ; medium number of samples when gathering]]
[2021.05.20-11.58.37:191][  0]LogConfig: Setting CVar [[r.DOF.Scatter.ForegroundCompositing:1    ; additive foreground scattering]]
[2021.05.20-11.58.37:191][  0]LogConfig: Setting CVar [[r.DOF.Scatter.BackgroundCompositing:2    ; additive background scattering]]
[2021.05.20-11.58.37:191][  0]LogConfig: Setting CVar [[r.DOF.Scatter.EnableBokehSettings:1      ; bokeh simulation when scattering]]
[2021.05.20-11.58.37:191][  0]LogConfig: Setting CVar [[r.DOF.Scatter.MaxSpriteRatio:0.1         ; only a maximum of 10% of scattered bokeh]]
[2021.05.20-11.58.37:191][  0]LogConfig: Setting CVar [[r.DOF.Recombine.Quality:1                ; cheap slight out of focus]]
[2021.05.20-11.58.37:191][  0]LogConfig: Setting CVar [[r.DOF.Recombine.EnableBokehSettings:0    ; no bokeh simulation on slight out of focus]]
[2021.05.20-11.58.37:191][  0]LogConfig: Setting CVar [[r.DOF.TemporalAAQuality:1                ; more stable temporal accumulation]]
[2021.05.20-11.58.37:191][  0]LogConfig: Setting CVar [[r.DOF.Kernel.MaxForegroundRadius:0.025]]
[2021.05.20-11.58.37:191][  0]LogConfig: Setting CVar [[r.DOF.Kernel.MaxBackgroundRadius:0.025]]
[2021.05.20-11.58.37:191][  0]LogConfig: Applying CVar settings from Section [TextureQuality@3] File [D:/Tencent/BananaProject/SkywardMuffinStarter/Saved/Config/Windows/Scalability.ini]
[2021.05.20-11.58.37:191][  0]LogConfig: Setting CVar [[r.Streaming.MipBias:0]]
[2021.05.20-11.58.37:191][  0]LogConfig: Setting CVar [[r.Streaming.AmortizeCPUToGPUCopy:0]]
[2021.05.20-11.58.37:191][  0]LogConfig: Setting CVar [[r.Streaming.MaxNumTexturesToStreamPerFrame:0]]
[2021.05.20-11.58.37:191][  0]LogConfig: Setting CVar [[r.Streaming.Boost:1]]
[2021.05.20-11.58.37:191][  0]LogConfig: Setting CVar [[r.MaxAnisotropy:8]]
[2021.05.20-11.58.37:191][  0]LogConfig: Setting CVar [[r.VT.MaxAnisotropy:8]]
[2021.05.20-11.58.37:191][  0]LogConfig: Setting CVar [[r.Streaming.LimitPoolSizeToVRAM:0]]
[2021.05.20-11.58.37:191][  0]LogConfig: Setting CVar [[r.Streaming.PoolSize:1000]]
[2021.05.20-11.58.37:191][  0]LogConfig: Setting CVar [[r.Streaming.MaxEffectiveScreenSize:0]]
[2021.05.20-11.58.37:191][  0]LogConfig: Applying CVar settings from Section [EffectsQuality@3] File [D:/Tencent/BananaProject/SkywardMuffinStarter/Saved/Config/Windows/Scalability.ini]
[2021.05.20-11.58.37:191][  0]LogConfig: Setting CVar [[r.TranslucencyLightingVolumeDim:64]]
[2021.05.20-11.58.37:191][  0]LogConfig: Setting CVar [[r.RefractionQuality:2]]
[2021.05.20-11.58.37:191][  0]LogConfig: Setting CVar [[r.SSR.Quality:3]]
[2021.05.20-11.58.37:191][  0]LogConfig: Setting CVar [[r.SSR.HalfResSceneColor:0]]
[2021.05.20-11.58.37:191][  0]LogConfig: Setting CVar [[r.SceneColorFormat:4]]
[2021.05.20-11.58.37:191][  0]LogConfig: Setting CVar [[r.DetailMode:2]]
[2021.05.20-11.58.37:191][  0]LogConfig: Setting CVar [[r.TranslucencyVolumeBlur:1]]
[2021.05.20-11.58.37:191][  0]LogConfig: Setting CVar [[r.MaterialQualityLevel:1 ; High quality]]
[2021.05.20-11.58.37:191][  0]LogConfig: Setting CVar [[r.SSS.Scale:1]]
[2021.05.20-11.58.37:191][  0]LogConfig: Setting CVar [[r.SSS.SampleSet:2]]
[2021.05.20-11.58.37:191][  0]LogConfig: Setting CVar [[r.SSS.Quality:1]]
[2021.05.20-11.58.37:191][  0]LogConfig: Setting CVar [[r.SSS.HalfRes:0]]
[2021.05.20-11.58.37:191][  0]LogConfig: Setting CVar [[r.SSGI.Quality:3]]
[2021.05.20-11.58.37:191][  0]LogConfig: Setting CVar [[r.EmitterSpawnRateScale:1.0]]
[2021.05.20-11.58.37:191][  0]LogConfig: Setting CVar [[r.ParticleLightQuality:2]]
[2021.05.20-11.58.37:191][  0]LogConfig: Setting CVar [[r.SkyAtmosphere.AerialPerspectiveLUT.FastApplyOnOpaque:1 ; Always have FastSkyLUT 1 in this case to avoid wrong sky]]
[2021.05.20-11.58.37:191][  0]LogConfig: Setting CVar [[r.SkyAtmosphere.AerialPerspectiveLUT.SampleCountPerSlice:1]]
[2021.05.20-11.58.37:191][  0]LogConfig: Setting CVar [[r.SkyAtmosphere.AerialPerspectiveLUT.DepthResolution:16.0]]
[2021.05.20-11.58.37:191][  0]LogConfig: Setting CVar [[r.SkyAtmosphere.FastSkyLUT:1]]
[2021.05.20-11.58.37:191][  0]LogConfig: Setting CVar [[r.SkyAtmosphere.FastSkyLUT.SampleCountMin:4.0]]
[2021.05.20-11.58.37:191][  0]LogConfig: Setting CVar [[r.SkyAtmosphere.FastSkyLUT.SampleCountMax:32.0]]
[2021.05.20-11.58.37:191][  0]LogConfig: Setting CVar [[r.SkyAtmosphere.SampleCountMin:4.0]]
[2021.05.20-11.58.37:191][  0]LogConfig: Setting CVar [[r.SkyAtmosphere.SampleCountMax:32.0]]
[2021.05.20-11.58.37:191][  0]LogConfig: Setting CVar [[r.SkyAtmosphere.TransmittanceLUT.UseSmallFormat:0]]
[2021.05.20-11.58.37:191][  0]LogConfig: Setting CVar [[r.SkyAtmosphere.TransmittanceLUT.SampleCount:10.0]]
[2021.05.20-11.58.37:191][  0]LogConfig: Setting CVar [[r.SkyAtmosphere.MultiScatteringLUT.SampleCount:15.0]]
[2021.05.20-11.58.37:191][  0]LogConfig: Applying CVar settings from Section [FoliageQuality@3] File [D:/Tencent/BananaProject/SkywardMuffinStarter/Saved/Config/Windows/Scalability.ini]
[2021.05.20-11.58.37:191][  0]LogConfig: Setting CVar [[foliage.DensityScale:1.0]]
[2021.05.20-11.58.37:191][  0]LogConfig: Setting CVar [[grass.DensityScale:1.0]]
[2021.05.20-11.58.37:191][  0]LogConfig: Applying CVar settings from Section [ShadingQuality@3] File [D:/Tencent/BananaProject/SkywardMuffinStarter/Saved/Config/Windows/Scalability.ini]
[2021.05.20-11.58.37:191][  0]LogConfig: Setting CVar [[r.HairStrands.SkyLighting.SampleCount:16]]
[2021.05.20-11.58.37:191][  0]LogConfig: Setting CVar [[r.HairStrands.SkyLighting.JitterIntegration:0]]
[2021.05.20-11.58.37:191][  0]LogConfig: Setting CVar [[r.HairStrands.SkyAO.SampleCount:16]]
[2021.05.20-11.58.37:191][  0]LogConfig: Setting CVar [[r.HairStrands.DeepShadow.SuperSampling:0]]
[2021.05.20-11.58.37:191][  0]LogConfig: Setting CVar [[r.HairStrands.VisibilityPPLL:0]]
[2021.05.20-11.58.37:191][  0]LogConfig: Setting CVar [[r.HairStrands.RasterizationScale:0.5]]
[2021.05.20-11.58.37:191][  0]LogConfig: Setting CVar [[r.HairStrands.VelocityRasterizationScale:1]]
[2021.05.20-11.58.37:191][  0]LogConfig: Applying CVar settings from Section [Startup] File [../../../Engine/Config/ConsoleVariables.ini]
[2021.05.20-11.58.37:192][  0]LogConfig: Setting CVar [[net.UseAdaptiveNetUpdateFrequency:0]]
[2021.05.20-11.58.37:192][  0]LogConfig: Setting CVar [[p.chaos.AllowCreatePhysxBodies:1]]
[2021.05.20-11.58.37:192][  0]LogConfig: Setting CVar [[fx.SkipVectorVMBackendOptimizations:1]]
[2021.05.20-11.58.37:192][  0]LogConfig: Applying CVar settings from Section [ConsoleVariables] File [D:/Tencent/BananaProject/SkywardMuffinStarter/Saved/Config/Windows/Engine.ini]
[2021.05.20-11.58.37:193][  0]LogInit: Computer: DESKTOP-UODJMNG
[2021.05.20-11.58.37:193][  0]LogInit: User: AORUS
[2021.05.20-11.58.37:193][  0]LogInit: CPU Page size=4096, Cores=8
[2021.05.20-11.58.37:193][  0]LogInit: High frequency timer resolution =10.000000 MHz
[2021.05.20-11.58.37:193][  0]LogMemory: Memory total: Physical=31.9GB (32GB approx)
[2021.05.20-11.58.37:193][  0]LogMemory: Platform Memory Stats for Windows
[2021.05.20-11.58.37:193][  0]LogMemory: Process Physical Memory: 113.85 MB used, 113.85 MB peak
[2021.05.20-11.58.37:193][  0]LogMemory: Process Virtual Memory: 95.98 MB used, 95.98 MB peak
[2021.05.20-11.58.37:193][  0]LogMemory: Physical Memory: 5126.88 MB used,  27583.54 MB free, 32710.42 MB total
[2021.05.20-11.58.37:193][  0]LogMemory: Virtual Memory: 5148.98 MB used,  134212576.00 MB free, 134217728.00 MB total
[2021.05.20-11.58.37:198][  0]LogWindows: WindowsPlatformFeatures enabled
[2021.05.20-11.58.37:490][  0]LogInit: Physics initialised using underlying interface: PhysX
[2021.05.20-11.58.37:492][  0]LogInit: Using OS detected language (zh-CN).
[2021.05.20-11.58.37:492][  0]LogInit: Using OS detected locale (zh-CN).
[2021.05.20-11.58.37:508][  0]LogTextLocalizationManager: No specific localization for 'zh-CN' exists, so the 'zh-Hans' localization will be used.
[2021.05.20-11.58.37:699][  0]LogTextLocalizationResource: LocRes '../../../Engine/Content/Localization/Editor/zh/Editor.locres' could not be opened for reading!
[2021.05.20-11.58.37:699][  0]LogTextLocalizationResource: LocRes '../../../Engine/Content/Localization/EditorTutorials/zh/EditorTutorials.locres' could not be opened for reading!
[2021.05.20-11.58.37:699][  0]LogTextLocalizationResource: LocRes '../../../Engine/Content/Localization/Keywords/zh/Keywords.locres' could not be opened for reading!
[2021.05.20-11.58.37:699][  0]LogTextLocalizationResource: LocRes '../../../Engine/Content/Localization/Category/zh/Category.locres' could not be opened for reading!
[2021.05.20-11.58.37:699][  0]LogTextLocalizationResource: LocRes '../../../Engine/Content/Localization/ToolTips/zh/ToolTips.locres' could not be opened for reading!
[2021.05.20-11.58.37:699][  0]LogTextLocalizationResource: LocRes '../../../Engine/Content/Localization/PropertyNames/zh/PropertyNames.locres' could not be opened for reading!
[2021.05.20-11.58.37:699][  0]LogTextLocalizationResource: LocRes '../../../Engine/Content/Localization/Engine/zh/Engine.locres' could not be opened for reading!
[2021.05.20-11.58.37:699][  0]LogTextLocalizationResource: LocRes '../../../Engine/Plugins/Online/Android/OnlineSubsystemGooglePlay/Content/Localization/OnlineSubsystemGooglePlay/zh/OnlineSubsystemGooglePlay.locres' could not be opened for reading!
[2021.05.20-11.58.37:700][  0]LogTextLocalizationResource: LocRes '../../../Engine/Plugins/Online/IOS/OnlineSubsystemIOS/Content/Localization/OnlineSubsystemIOS/zh/OnlineSubsystemIOS.locres' could not be opened for reading!
[2021.05.20-11.58.37:700][  0]LogTextLocalizationResource: LocRes '../../../Engine/Plugins/Online/OnlineSubsystem/Content/Localization/OnlineSubsystem/zh/OnlineSubsystem.locres' could not be opened for reading!
[2021.05.20-11.58.37:700][  0]LogTextLocalizationResource: LocRes '../../../Engine/Plugins/Online/OnlineSubsystemUtils/Content/Localization/OnlineSubsystemUtils/zh/OnlineSubsystemUtils.locres' could not be opened for reading!
[2021.05.20-11.58.37:744][  0]LogInit: Setting process to per monitor DPI aware
[2021.05.20-11.58.37:824][  0]LogSlate: New Slate User Created.  User Index 0, Is Virtual User: 0
[2021.05.20-11.58.37:824][  0]LogSlate: Slate User Registered.  User Index 0, Is Virtual User: 0
[2021.05.20-11.58.40:130][  0]LogHMD: Failed to initialize OpenVR with code 110
[2021.05.20-11.58.40:130][  0]LogD3D11RHI: D3D11 min allowed feature level: 11_0
[2021.05.20-11.58.40:130][  0]LogD3D11RHI: D3D11 max allowed feature level: 11_0
[2021.05.20-11.58.40:130][  0]LogD3D11RHI: D3D11 adapters:
[2021.05.20-11.58.40:227][  0]LogD3D11RHI:    0. 'NVIDIA GeForce RTX 2060 SUPER' (Feature Level 11_0)
[2021.05.20-11.58.40:227][  0]LogD3D11RHI:       8031/0/16355 MB DedicatedVideo/DedicatedSystem/SharedSystem, Outputs:1, VendorId:0x10de
[2021.05.20-11.58.40:229][  0]LogD3D11RHI:    1. 'Microsoft Basic Render Driver' (Feature Level 11_0)
[2021.05.20-11.58.40:229][  0]LogD3D11RHI:       0/0/16355 MB DedicatedVideo/DedicatedSystem/SharedSystem, Outputs:0, VendorId:0x1414
[2021.05.20-11.58.40:229][  0]LogD3D11RHI: Chosen D3D11 Adapter: 0
[2021.05.20-11.58.40:235][  0]LogD3D11RHI: Creating new Direct3DDevice
[2021.05.20-11.58.40:235][  0]LogD3D11RHI:     GPU DeviceId: 0x1f06 (for the marketing name, search the web for "GPU Device Id")
[2021.05.20-11.58.40:235][  0]LogWindows: EnumDisplayDevices:
[2021.05.20-11.58.40:235][  0]LogWindows:    0. 'NVIDIA GeForce RTX 2060 SUPER' (P:1 D:1)
[2021.05.20-11.58.40:235][  0]LogWindows:    1. 'NVIDIA GeForce RTX 2060 SUPER' (P:0 D:0)
[2021.05.20-11.58.40:235][  0]LogWindows:    2. 'NVIDIA GeForce RTX 2060 SUPER' (P:0 D:0)
[2021.05.20-11.58.40:235][  0]LogWindows:    3. 'NVIDIA GeForce RTX 2060 SUPER' (P:0 D:0)
[2021.05.20-11.58.40:236][  0]LogWindows: DebugString: FoundDriverCount:4 
[2021.05.20-11.58.40:236][  0]LogD3D11RHI:     Adapter Name: NVIDIA GeForce RTX 2060 SUPER
[2021.05.20-11.58.40:236][  0]LogD3D11RHI:   Driver Version: 466.11 (internal:27.21.14.6611, unified:466.11)
[2021.05.20-11.58.40:236][  0]LogD3D11RHI:      Driver Date: 4-12-2021
[2021.05.20-11.58.40:236][  0]LogRHI: Texture pool is 5621 MB (70% of 8031 MB)
[2021.05.20-11.58.40:302][  0]LogD3D11RHI: RHI has support for 64 bit atomics
[2021.05.20-11.58.40:303][  0]LogD3D11RHI: Async texture creation enabled
[2021.05.20-11.58.40:303][  0]LogD3D11RHI: Array index from any shader is supported
[2021.05.20-11.58.40:340][  0]LogD3D11RHI: GPU Timing Frequency: 1000.000000 (Debug: 2 1)
[2021.05.20-11.58.40:642][  0]LogTargetPlatformManager: Display: Loaded TargetPlatform 'AllDesktop'
[2021.05.20-11.58.40:662][  0]LogTargetPlatformManager: Display: Loaded TargetPlatform 'Android'
[2021.05.20-11.58.40:663][  0]LogTargetPlatformManager: Display: Loaded TargetPlatform 'Android_ASTC'
[2021.05.20-11.58.40:663][  0]LogTargetPlatformManager: Display: Loaded TargetPlatform 'Android_DXT'
[2021.05.20-11.58.40:663][  0]LogTargetPlatformManager: Display: Loaded TargetPlatform 'Android_ETC2'
[2021.05.20-11.58.40:663][  0]LogTargetPlatformManager: Display: Loaded TargetPlatform 'AndroidClient'
[2021.05.20-11.58.40:663][  0]LogTargetPlatformManager: Display: Loaded TargetPlatform 'Android_ASTCClient'
[2021.05.20-11.58.40:663][  0]LogTargetPlatformManager: Display: Loaded TargetPlatform 'Android_DXTClient'
[2021.05.20-11.58.40:663][  0]LogTargetPlatformManager: Display: Loaded TargetPlatform 'Android_ETC2Client'
[2021.05.20-11.58.40:663][  0]LogTargetPlatformManager: Display: Loaded TargetPlatform 'Android_Multi'
[2021.05.20-11.58.40:663][  0]LogTargetPlatformManager: Display: Loaded TargetPlatform 'Android_MultiClient'
[2021.05.20-11.58.40:690][  0]LogTargetPlatformManager: Display: Loaded TargetPlatform 'IOSClient'
[2021.05.20-11.58.40:690][  0]LogTargetPlatformManager: Display: Loaded TargetPlatform 'IOS'
[2021.05.20-11.58.40:701][  0]LogTargetPlatformManager: Display: Loaded TargetPlatform 'Linux'
[2021.05.20-11.58.40:711][  0]LogTargetPlatformManager: Display: Loaded TargetPlatform 'LinuxNoEditor'
[2021.05.20-11.58.40:722][  0]LogTargetPlatformManager: Display: Loaded TargetPlatform 'LinuxClient'
[2021.05.20-11.58.40:731][  0]LogTargetPlatformManager: Display: Loaded TargetPlatform 'LinuxServer'
[2021.05.20-11.58.40:741][  0]LogTargetPlatformManager: Display: Loaded TargetPlatform 'LinuxAArch64NoEditor'
[2021.05.20-11.58.40:751][  0]LogTargetPlatformManager: Display: Loaded TargetPlatform 'LinuxAArch64Client'
[2021.05.20-11.58.40:762][  0]LogTargetPlatformManager: Display: Loaded TargetPlatform 'LinuxAArch64Server'
[2021.05.20-11.58.40:789][  0]LogTargetPlatformManager: Display: Loaded TargetPlatform 'Lumin'
[2021.05.20-11.58.40:789][  0]LogTargetPlatformManager: Display: Loaded TargetPlatform 'LuminClient'
[2021.05.20-11.58.40:804][  0]LogTargetPlatformManager: Display: Loaded TargetPlatform 'TVOSClient'
[2021.05.20-11.58.40:804][  0]LogTargetPlatformManager: Display: Loaded TargetPlatform 'TVOS'
[2021.05.20-11.58.40:813][  0]LogTargetPlatformManager: Display: Loaded TargetPlatform 'WindowsNoEditor'
[2021.05.20-11.58.40:823][  0]LogTargetPlatformManager: Display: Loaded TargetPlatform 'Windows'
[2021.05.20-11.58.40:832][  0]LogTargetPlatformManager: Display: Loaded TargetPlatform 'WindowsClient'
[2021.05.20-11.58.40:841][  0]LogTargetPlatformManager: Display: Loaded TargetPlatform 'WindowsServer'
[2021.05.20-11.58.40:841][  0]LogTargetPlatformManager: Display: Building Assets For Windows
[2021.05.20-11.58.40:884][  0]LogAudioDebug: Display: Lib vorbis DLL was dynamically loaded.
[2021.05.20-11.58.41:014][  0]LogShaderCompilers: Guid format shader working directory is 1 characters bigger than the processId version (D:/Tencent/BananaProject/SkywardMuffinStarter/Intermediate/Shaders/WorkingDirectory/6476/).
[2021.05.20-11.58.41:014][  0]LogShaderCompilers: Cleaned the shader compiler working directory 'C:/Users/AORUS/AppData/Local/Temp/UnrealShaderWorkingDir/A20CF8484637B31A9828D39D6FD06E53/'.
[2021.05.20-11.58.41:015][  0]LogXGEController: Cleaning working directory: C:/Users/AORUS/AppData/Local/Temp/UnrealXGEWorkingDir/
[2021.05.20-11.58.41:015][  0]LogXGEController: Cannot use XGE Controller as Incredibuild is not installed on this machine.
[2021.05.20-11.58.41:015][  0]LogShaderCompilers: Cannot use XGE Shader Compiler as Incredibuild is not installed on this machine.
[2021.05.20-11.58.41:015][  0]LogShaderCompilers: Display: Using Local Shader Compiler.
[2021.05.20-11.58.43:768][  0]LogDerivedDataCache: Display: Max Cache Size: 512 MB
[2021.05.20-11.58.43:949][  0]LogDerivedDataCache: Loaded boot cache 0.18s 75MB C:/Users/AORUS/AppData/Local/UnrealEngine/4.25/DerivedDataCache/Boot.ddc.
[2021.05.20-11.58.43:949][  0]LogDerivedDataCache: Display: Loaded Boot cache: C:/Users/AORUS/AppData/Local/UnrealEngine/4.25/DerivedDataCache/Boot.ddc
[2021.05.20-11.58.43:949][  0]LogDerivedDataCache: FDerivedDataBackendGraph:  Pak pak cache file D:/Tencent/BananaProject/SkywardMuffinStarter/DerivedDataCache/DDC.ddp not found, will not use a pak cache.
[2021.05.20-11.58.43:949][  0]LogDerivedDataCache: Unable to find inner node Pak for hierarchical cache Hierarchy.
[2021.05.20-11.58.43:949][  0]LogDerivedDataCache: FDerivedDataBackendGraph:  CompressedPak pak cache file D:/Tencent/BananaProject/SkywardMuffinStarter/DerivedDataCache/Compressed.ddp not found, will not use a pak cache.
[2021.05.20-11.58.43:949][  0]LogDerivedDataCache: Unable to find inner node CompressedPak for hierarchical cache Hierarchy.
[2021.05.20-11.58.43:967][  0]LogDerivedDataCache: Display: Pak cache opened for reading ../../../Engine/DerivedDataCache/Compressed.ddp.
[2021.05.20-11.58.43:967][  0]LogDerivedDataCache: FDerivedDataBackendGraph:  EnterprisePak pak cache file ../../../Enterprise/DerivedDataCache/Compressed.ddp not found, will not use a pak cache.
[2021.05.20-11.58.43:967][  0]LogDerivedDataCache: Unable to find inner node EnterprisePak for hierarchical cache Hierarchy.
[2021.05.20-11.58.43:969][  0]LogDerivedDataCache: Using Local data cache path C:/Users/AORUS/AppData/Local/UnrealEngine/Common/DerivedDataCache: Writable
[2021.05.20-11.58.43:969][  0]LogDerivedDataCache: Shared data cache path not found in *engine.ini, will not use an Shared cache.
[2021.05.20-11.58.43:969][  0]LogDerivedDataCache: Unable to find inner node Shared for hierarchical cache Hierarchy.
[2021.05.20-11.58.44:019][  0]LogSlate: Using FreeType 2.10.0
[2021.05.20-11.58.44:032][  0]LogSlate: SlateFontServices - WITH_FREETYPE: 1, WITH_HARFBUZZ: 1
[2021.05.20-11.58.44:067][  0]LogAssetRegistry: FAssetRegistry took 0.0035 seconds to start up
[2021.05.20-11.58.44:328][  0]LogInit: Selected Device Profile: [Windows]
[2021.05.20-11.58.44:579][  0]LogMeshReduction: Using QuadricMeshReduction for automatic static mesh reduction
[2021.05.20-11.58.44:579][  0]LogMeshReduction: Using SimplygonMeshReduction for automatic skeletal mesh reduction
[2021.05.20-11.58.44:579][  0]LogMeshReduction: Using ProxyLODMeshReduction for automatic mesh merging
[2021.05.20-11.58.44:579][  0]LogMeshReduction: No distributed automatic mesh merging module available
[2021.05.20-11.58.44:580][  0]LogMeshMerging: No distributed automatic mesh merging module available
[2021.05.20-11.58.44:637][  0]LogNetVersion: SkywardMuffin 1.0.0, NetCL: 13144385, EngineNetVer: 14, GameNetVer: 0 (Checksum: 11024291)
[2021.05.20-11.58.45:830][  0]LogAISub: UAISubsystem::UAISubsystem AISubsystem (00000275F64BE900), frame # 0
[2021.05.20-11.58.45:830][  0]LogAISub: UAISubsystem::UAISubsystem AIPerceptionSystem (00000275F6388680), frame # 0
[2021.05.20-11.58.45:833][  0]LogAISub: UAISubsystem::UAISubsystem EnvQueryManager (00000275F639DC00), frame # 0
[2021.05.20-11.58.45:916][  0]LogPackageLocalizationCache: Processed 19 localized package path(s) for 2 prioritized culture(s) in 0.055194 seconds
[2021.05.20-11.58.45:920][  0]LogUObjectArray: 15917 objects as part of root set at end of initial load.
[2021.05.20-11.58.45:920][  0]LogUObjectAllocator: 3965568 out of 0 bytes used by permanent object pool.
[2021.05.20-11.58.45:920][  0]LogUObjectArray: CloseDisregardForGC: 0/0 objects in disregard for GC pool
[2021.05.20-11.58.46:879][  0]LogTcpMessaging: Initializing TcpMessaging bridge
[2021.05.20-11.58.46:887][  0]LogUdpMessaging: Initializing bridge on interface 0.0.0.0:0 to multicast group 230.0.0.1:6666.
[2021.05.20-11.58.47:044][  0]SourceControl: 源码管理已禁用
[2021.05.20-11.58.47:044][  0]SourceControl: 源码管理已禁用
[2021.05.20-11.58.47:056][  0]SourceControl: 源码管理已禁用
[2021.05.20-11.58.47:063][  0]SourceControl: 源码管理已禁用
[2021.05.20-11.58.47:072][  0]SourceControl: 源码管理已禁用
[2021.05.20-11.58.47:506][  0]LogAndroidPermission: UAndroidPermissionCallbackProxy::GetInstance
[2021.05.20-11.58.47:530][  0]LogAudioCaptureCore: Display: No Audio Capture implementations found. Audio input will be silent.
[2021.05.20-11.58.47:530][  0]LogAudioCaptureCore: Display: No Audio Capture implementations found. Audio input will be silent.
[2021.05.20-11.58.47:614][  0]LogOcInput: OculusInput pre-init called
[2021.05.20-11.58.47:631][  0]LogWindows: Failed to load 'OVRPlugin.dll' (GetLastError=126)
[2021.05.20-11.58.47:631][  0]LogWindows: File 'OVRPlugin.dll' does not exist
[2021.05.20-11.58.47:762][  0]LogEngine: Initializing Engine...
[2021.05.20-11.58.47:763][  0]LogHMD: Failed to initialize OpenVR with code 110
[2021.05.20-11.58.47:763][  0]LogMagicLeap: Warning: VR disabled because ZI is not enabled.  To enable, in the editor, Edit -> Project Settings -> Plugins -> Magic Leap Plugin -> Enable Zero Iteration
[2021.05.20-11.58.47:766][  0]LogStats: UGameplayTagsManager::InitializeManager -  0.001 s
[2021.05.20-11.58.48:043][  0]LogInit: Initializing FReadOnlyCVARCache
[2021.05.20-11.58.48:077][  0]LogAIModule: Creating AISystem for world Untitled
[2021.05.20-11.58.48:077][  0]LogAISub: UAISubsystem::UAISubsystem EnvQueryManager (00000275FD49BC00), frame # 0
[2021.05.20-11.58.48:077][  0]LogAISub: UAISubsystem::UAISubsystem AIPerceptionSystem (00000275FD4F1D00), frame # 0
[2021.05.20-11.58.48:087][  0]LogAudioMixer: Display: Audio Mixer Platform Settings:
[2021.05.20-11.58.48:087][  0]LogAudioMixer: Display: 	Sample Rate:						  48000
[2021.05.20-11.58.48:087][  0]LogAudioMixer: Display: 	Callback Buffer Frame Size Requested: 1024
[2021.05.20-11.58.48:087][  0]LogAudioMixer: Display: 	Callback Buffer Frame Size To Use:	  1024
[2021.05.20-11.58.48:087][  0]LogAudioMixer: Display: 	Number of buffers to queue:			  2
[2021.05.20-11.58.48:087][  0]LogAudioMixer: Display: 	Max Channels (voices):				  32
[2021.05.20-11.58.48:087][  0]LogAudioMixer: Display: 	Number of Async Source Workers:		  0
[2021.05.20-11.58.48:087][  0]LogAudio: Display: AudioDevice MaxSources: 32
[2021.05.20-11.58.48:088][  0]LogAudio: Display: Using built-in audio occlusion.
[2021.05.20-11.58.48:088][  0]LogAudioMixer: Display: Initializing audio mixer.
[2021.05.20-11.58.48:107][  0]LogAudioMixer: Display: 0: FrontLeft
[2021.05.20-11.58.48:107][  0]LogAudioMixer: Display: 1: FrontRight
[2021.05.20-11.58.48:137][  0]LogAudioMixer: Display: Using Audio Device 扬声器 (Realtek(R) Audio)
[2021.05.20-11.58.48:138][  0]LogAudioMixer: Display: Initializing Sound Submixes...
[2021.05.20-11.58.48:159][  0]LogAudioMixer: Display: Creating Master Submix 'MasterSubmixDefault'
[2021.05.20-11.58.48:159][  0]LogAudioMixer: Display: Creating Master Submix 'MasterReverbSubmixDefault'
[2021.05.20-11.58.48:160][  0]LogAudioMixer: Display: Creating Master Submix 'MasterEQSubmixDefault'
[2021.05.20-11.58.48:161][  0]LogInit: FAudioDevice initialized.
[2021.05.20-11.58.48:161][  0]LogNetVersion: Set ProjectVersion to 1.0.0.0. Version Checksum will be recalculated on next use.
[2021.05.20-11.58.48:226][  0]LogDerivedDataCache: Saved boot cache 0.06s 75MB C:/Users/AORUS/AppData/Local/UnrealEngine/4.25/DerivedDataCache/Boot.ddc.
[2021.05.20-11.58.48:226][  0]LogInit: Texture streaming: Enabled
[2021.05.20-11.58.48:261][  0]LogEngineSessionManager: EngineSessionManager initialized
[2021.05.20-11.58.48:261][  0]LogEngineSessionManager: EngineSessionManager sent abnormal shutdown report. Type=AbnormalShutdown, SessionId={EBF39B2C-4BED-A540-6CA7-0C8FD0981FA5}
[2021.05.20-11.58.48:261][  0]LogEditorSessionSummary: Verbose: Initializing EditorSessionSummaryWriter for editor session tracking
[2021.05.20-11.58.48:262][  0]LogEditorSessionSummary: EditorSessionSummaryWriter initialized
[2021.05.20-11.58.48:296][  0]LogInit: Transaction tracking system initialized
[2021.05.20-11.58.48:341][  0]BlueprintLog: New page: 编辑器加载
[2021.05.20-11.58.48:493][  0]LocalizationService: 本地化服务已禁用
[2021.05.20-11.58.48:923][  0]LogFileCache: Scanning file cache for directory 'D:/Tencent/BananaProject/SkywardMuffinStarter/Content/' took 0.00s
[2021.05.20-11.58.48:923][  0]LogCook: Display: Max memory allowance for cook 16384mb min free memory 0mb
[2021.05.20-11.58.48:923][  0]LogCook: Display: Mobile HDR setting 1
[2021.05.20-11.58.49:415][  0]SourceControl: 源码管理已禁用
[2021.05.20-11.58.49:415][  0]LogUnrealEdMisc: Loading editor; pre map load, took 18.120
[2021.05.20-11.58.49:416][  0]Cmd: MAP LOAD FILE="D:/Tencent/BananaProject/SkywardMuffinStarter/Content/SkywardMuffin/Maps/TutorialMap.umap" TEMPLATE=0 SHOWPROGRESS=1 FEATURELEVEL=3
[2021.05.20-11.58.49:434][  0]LightingResults: New page: 光照构建
[2021.05.20-11.58.49:440][  0]LogWorld: UWorld::CleanupWorld for Untitled, bSessionEnded=true, bCleanupResources=true
[2021.05.20-11.58.49:441][  0]LogSlate: InvalidateAllWidgets triggered.  All widgets were invalidated
[2021.05.20-11.58.49:441][  0]MapCheck: New page: 地图检测
[2021.05.20-11.58.49:441][  0]LightingResults: New page: 光照构建
[2021.05.20-11.58.49:454][  0]LogAISub: UAISubsystem::~UAISubsystem EnvQueryManager (00000275FD49BC00), frame # 0
[2021.05.20-11.58.49:454][  0]LogAISub: UAISubsystem::~UAISubsystem AIPerceptionSystem (00000275FD4F1D00), frame # 0
[2021.05.20-11.58.49:455][  0]LogUObjectHash: Compacting FUObjectHashTables data took   0.70ms
[2021.05.20-11.58.49:852][  0]LogPhysicsCore: Warning: PHYSX: (D:\Build\++Fortnite\Sync\Engine\Source\ThirdParty\PhysX3\PhysX_3.4\Source\PhysXCooking\src\convex\QuickHullConvexHullLib.cpp 937) eINTERNAL_ERROR : QuickHullConvexHullLib::findSimplex: Simplex input points appers to be coplanar.
[2021.05.20-11.58.49:852][  0]LogPhysicsCore: Warning: PHYSX: (D:\Build\++Fortnite\Sync\Engine\Source\ThirdParty\PhysX3\PhysX_3.4\Source\PhysXCooking\src\convex\QuickHullConvexHullLib.cpp 937) eINTERNAL_ERROR : QuickHullConvexHullLib::findSimplex: Simplex input points appers to be coplanar.
[2021.05.20-11.58.49:852][  0]LogPhysics: Warning: Failed to cook convex: /Game/SkywardMuffin/Meshes/SM_Plane.SM_Plane 0 (FlipX:0). The remaining elements will not get cooked.
[2021.05.20-11.58.49:852][  0]LogPhysicsCore: Warning: PHYSX: (D:\Build\++Fortnite\Sync\Engine\Source\ThirdParty\PhysX3\PhysX_3.4\Source\PhysXCooking\src\convex\QuickHullConvexHullLib.cpp 937) eINTERNAL_ERROR : QuickHullConvexHullLib::findSimplex: Simplex input points appers to be coplanar.
[2021.05.20-11.58.49:852][  0]LogPhysicsCore: Warning: PHYSX: (D:\Build\++Fortnite\Sync\Engine\Source\ThirdParty\PhysX3\PhysX_3.4\Source\PhysXCooking\src\convex\QuickHullConvexHullLib.cpp 937) eINTERNAL_ERROR : QuickHullConvexHullLib::findSimplex: Simplex input points appers to be coplanar.
[2021.05.20-11.58.49:852][  0]LogPhysics: Warning: Failed to cook convex: /Game/SkywardMuffin/Meshes/SM_Plane.SM_Plane 0 (FlipX:1). The remaining elements will not get cooked.
[2021.05.20-11.58.49:853][  0]LogPhysics: Warning: Attempt to build physics data for /Game/SkywardMuffin/Meshes/SM_Plane.SM_Plane:BodySetup_0 when we are unable to.
[2021.05.20-11.58.49:879][  0]LogAIModule: Creating AISystem for world TutorialMap
[2021.05.20-11.58.49:879][  0]LogAISub: UAISubsystem::UAISubsystem EnvQueryManager (000002758B4EFE00), frame # 0
[2021.05.20-11.58.49:879][  0]LogAISub: UAISubsystem::UAISubsystem AIPerceptionSystem (00000275F6AC82C0), frame # 0
[2021.05.20-11.58.49:897][  0]LogEditorServer: Finished looking for orphan Actors (0.000 secs)
[2021.05.20-11.58.49:911][  0]LogUObjectHash: Compacting FUObjectHashTables data took   0.61ms
[2021.05.20-11.58.49:912][  0]Cmd: MAP CHECKDEP NOCLEARLOG
[2021.05.20-11.58.49:912][  0]MapCheck: 地图检测完成：0个错误、0个警告、完成用时0.587毫秒。
[2021.05.20-11.58.49:912][  0]LogFileHelpers: Loading map 'TutorialMap' took 0.497
[2021.05.20-11.58.49:936][  0]LogUnrealEdMisc: Total Editor Startup Time, took 18.641
[2021.05.20-11.58.50:080][  0]LogSlate: Updating window title bar state: overlay mode, drag disabled, window buttons hidden, title bar hidden
[2021.05.20-11.58.50:085][  0]LogSlate: Updating window title bar state: overlay mode, drag disabled, window buttons hidden, title bar hidden
[2021.05.20-11.58.50:091][  0]LogSlate: Updating window title bar state: overlay mode, drag disabled, window buttons hidden, title bar hidden
[2021.05.20-11.58.50:096][  0]LogSlate: Updating window title bar state: overlay mode, drag disabled, window buttons hidden, title bar hidden
[2021.05.20-11.58.50:122][  0]LogCollectionManager: Loaded 0 collections in 0.001352 seconds
[2021.05.20-11.58.50:148][  0]LogFileCache: Scanning file cache for directory 'D:/Tencent/BananaProject/SkywardMuffinStarter/Saved/Collections/' took 0.00s
[2021.05.20-11.58.50:148][  0]LogFileCache: Scanning file cache for directory 'D:/Tencent/BananaProject/SkywardMuffinStarter/Content/Developers/AORUS/Collections/' took 0.00s
[2021.05.20-11.58.50:149][  0]LogFileCache: Scanning file cache for directory 'D:/Tencent/BananaProject/SkywardMuffinStarter/Content/Collections/' took 0.00s
[2021.05.20-11.58.50:149][  0]LogContentBrowser: Native class hierarchy populated in 0.0077 seconds. Added 3427 classes and 821 folders.
[2021.05.20-11.58.50:155][  0]LogContentBrowser: Native class hierarchy updated for 'WidgetCarousel' in 0.0002 seconds. Added 0 classes and 0 folders.
[2021.05.20-11.58.50:503][  0]LogContentBrowser: Native class hierarchy updated for 'AddContentDialog' in 0.0003 seconds. Added 0 classes and 0 folders.
[2021.05.20-11.58.50:507][  0]LogContentBrowser: Native class hierarchy updated for 'SceneOutliner' in 0.0002 seconds. Added 2 classes and 0 folders.
[2021.05.20-11.58.50:659][  0]LogSlate: Took 0.005499 seconds to synchronously load lazily loaded font '../../../Engine/Content/Slate/Fonts/Roboto-Regular.ttf' (155K)
[2021.05.20-11.58.50:673][  0]LogSlate: Took 0.013325 seconds to synchronously load lazily loaded font '../../../Engine/Content/Slate/Fonts/DroidSansFallback.ttf' (3848K)
[2021.05.20-11.58.50:678][  0]LogSlate: Took 0.004732 seconds to synchronously load lazily loaded font '../../../Engine/Content/Slate/Fonts/Roboto-Bold.ttf' (160K)
[2021.05.20-11.58.50:686][  0]LogSlate: Took 0.005194 seconds to synchronously load lazily loaded font '../../../Engine/Content/Editor/Slate/Fonts/FontAwesome.ttf' (139K)
[2021.05.20-11.58.50:763][  0]LogRenderer: Reallocating scene render targets to support 1208x536 Format 10 NumSamples 1 (Frame:1).
[2021.05.20-11.58.50:870][  0]LogContentBrowser: Native class hierarchy updated for 'HierarchicalLODOutliner' in 0.0003 seconds. Added 0 classes and 0 folders.
[2021.05.20-11.58.50:870][  0]LogLoad: (Engine Initialization) Total time: 19.57 seconds
[2021.05.20-11.58.50:870][  0]LogLoad: (Engine Initialization) Total Blueprint compile time: 0.00 seconds
[2021.05.20-11.58.50:910][  0]LogAssetRegistry: Asset discovery search completed in 6.8437 seconds
[2021.05.20-11.58.50:913][  0]LogCollectionManager: Fixed up redirectors for 0 collections in 0.000002 seconds (updated 0 objects)
[2021.05.20-11.58.50:916][  0]LogContentStreaming: Texture pool size now 1000 MB
[2021.05.20-11.58.50:946][  0]LogSlate: Took 0.006335 seconds to synchronously load lazily loaded font '../../../Engine/Content/Slate/Fonts/Roboto-Light.ttf' (167K)
[2021.05.20-12.02.59:707][105]LogTemp: Repeating last play command: 选中的视口
[2021.05.20-12.02.59:712][105]LogPlayLevel: PlayLevel: No blueprints needed recompiling
[2021.05.20-12.02.59:715][105]PIE: New page: PIE会话：TutorialMap（2021年5月21日 上午4:02:59）
[2021.05.20-12.02.59:717][105]LogOnline: OSS: Creating online subsystem instance for: NULL
[2021.05.20-12.02.59:718][105]LogOnline: OSS: TryLoadSubsystemAndSetDefault: Loaded subsystem for module [NULL]
[2021.05.20-12.02.59:718][105]LogPlayLevel: Creating play world package: /Game/SkywardMuffin/Maps/UEDPIE_0_TutorialMap
[2021.05.20-12.02.59:721][105]LogPlayLevel: PIE: StaticDuplicateObject took: (0.002740s)
[2021.05.20-12.02.59:722][105]LogAIModule: Creating AISystem for world TutorialMap
[2021.05.20-12.02.59:722][105]LogAISub: UAISubsystem::UAISubsystem EnvQueryManager (00000275A71E9600), frame # 1105
[2021.05.20-12.02.59:722][105]LogAISub: UAISubsystem::UAISubsystem AIPerceptionSystem (000002758B75E700), frame # 1105
[2021.05.20-12.02.59:722][105]LogPlayLevel: PIE: World Init took: (0.000992s)
[2021.05.20-12.02.59:722][105]LogPlayLevel: PIE: Created PIE world by copying editor world from /Game/SkywardMuffin/Maps/TutorialMap.TutorialMap to /Game/SkywardMuffin/Maps/UEDPIE_0_TutorialMap.TutorialMap (0.004138s)
[2021.05.20-12.02.59:731][105]LogUObjectHash: Compacting FUObjectHashTables data took   0.53ms
[2021.05.20-12.02.59:733][105]LogAudioMixer: Display: Audio Mixer Platform Settings:
[2021.05.20-12.02.59:733][105]LogAudioMixer: Display: 	Sample Rate:						  48000
[2021.05.20-12.02.59:733][105]LogAudioMixer: Display: 	Callback Buffer Frame Size Requested: 1024
[2021.05.20-12.02.59:733][105]LogAudioMixer: Display: 	Callback Buffer Frame Size To Use:	  1024
[2021.05.20-12.02.59:733][105]LogAudioMixer: Display: 	Number of buffers to queue:			  2
[2021.05.20-12.02.59:733][105]LogAudioMixer: Display: 	Max Channels (voices):				  32
[2021.05.20-12.02.59:733][105]LogAudioMixer: Display: 	Number of Async Source Workers:		  0
[2021.05.20-12.02.59:733][105]LogAudio: Display: AudioDevice MaxSources: 32
[2021.05.20-12.02.59:733][105]LogAudio: Display: Using built-in audio occlusion.
[2021.05.20-12.02.59:733][105]LogAudioMixer: Display: Initializing audio mixer.
[2021.05.20-12.02.59:735][105]LogAudioMixer: Display: 0: FrontLeft
[2021.05.20-12.02.59:735][105]LogAudioMixer: Display: 1: FrontRight
[2021.05.20-12.02.59:751][105]LogAudioMixer: Display: Using Audio Device 扬声器 (Realtek(R) Audio)
[2021.05.20-12.02.59:751][105]LogAudioMixer: Display: Initializing Sound Submixes...
[2021.05.20-12.02.59:751][105]LogAudioMixer: Display: Creating Master Submix 'MasterSubmixDefault'
[2021.05.20-12.02.59:751][105]LogAudioMixer: Display: Creating Master Submix 'MasterReverbSubmixDefault'
[2021.05.20-12.02.59:751][105]LogAudioMixer: Display: Creating Master Submix 'MasterEQSubmixDefault'
[2021.05.20-12.02.59:762][105]LogInit: FAudioDevice initialized.
[2021.05.20-12.02.59:773][105]LogLoad: Game class is 'GM_Tutorial_C'
[2021.05.20-12.02.59:775][105]LogWorld: Bringing World /Game/SkywardMuffin/Maps/UEDPIE_0_TutorialMap.TutorialMap up for play (max tick rate 0) at 2021.05.20-20.02.59
[2021.05.20-12.02.59:776][105]LogWorld: Bringing up level for play took: 0.000709
[2021.05.20-12.02.59:776][105]LogOnline: OSS: Creating online subsystem instance for: :Context_1
[2021.05.20-12.02.59:780][105]LogContentBrowser: Native class hierarchy updated for 'MovieSceneCapture' in 0.0002 seconds. Added 20 classes and 0 folders.
[2021.05.20-12.02.59:785][105]LogPhysics: Warning: PopulatePhysXGeometryAndTransform(Convex): ConvexElem is missing ConvexMesh
[2021.05.20-12.02.59:785][105]LogPhysics: Warning: ForeachShape(Convex): ScaledElem[0] invalid
[2021.05.20-12.02.59:787][105]LogPhysics: Warning: PopulatePhysXGeometryAndTransform(Convex): ConvexElem is missing ConvexMesh
[2021.05.20-12.02.59:787][105]LogPhysics: Warning: ForeachShape(Convex): ScaledElem[0] invalid
[2021.05.20-12.02.59:787][105]LogPhysics: Warning: PopulatePhysXGeometryAndTransform(Convex): ConvexElem is missing ConvexMesh
[2021.05.20-12.02.59:788][105]LogPhysics: Warning: ForeachShape(Convex): ScaledElem[0] invalid
[2021.05.20-12.02.59:788][105]LogPhysics: Warning: PopulatePhysXGeometryAndTransform(Convex): ConvexElem is missing ConvexMesh
[2021.05.20-12.02.59:788][105]LogPhysics: Warning: ForeachShape(Convex): ScaledElem[0] invalid
[2021.05.20-12.02.59:788][105]LogPhysics: Warning: PopulatePhysXGeometryAndTransform(Convex): ConvexElem is missing ConvexMesh
[2021.05.20-12.02.59:788][105]LogPhysics: Warning: ForeachShape(Convex): ScaledElem[0] invalid
[2021.05.20-12.02.59:788][105]LogPhysics: Warning: PopulatePhysXGeometryAndTransform(Convex): ConvexElem is missing ConvexMesh
[2021.05.20-12.02.59:788][105]LogPhysics: Warning: ForeachShape(Convex): ScaledElem[0] invalid
[2021.05.20-12.02.59:789][105]Cmd: ShowFlag.Tonemapper 0
[2021.05.20-12.02.59:791][105]ShowFlag.Tonemapper = "0"
[2021.05.20-12.02.59:793][105]PIE: 登陆的服务器
[2021.05.20-12.02.59:794][105]PIE: PIE总开始时间：0.083秒。
[2021.05.20-12.03.01:381][288]LogPhysics: Warning: PopulatePhysXGeometryAndTransform(Convex): ConvexElem is missing ConvexMesh
[2021.05.20-12.03.01:382][288]LogPhysics: Warning: ForeachShape(Convex): ScaledElem[0] invalid
[2021.05.20-12.03.01:382][288]LogPhysics: Warning: PopulatePhysXGeometryAndTransform(Convex): ConvexElem is missing ConvexMesh
[2021.05.20-12.03.01:382][288]LogPhysics: Warning: ForeachShape(Convex): ScaledElem[0] invalid
[2021.05.20-12.03.02:648][440]LogPhysics: Warning: PopulatePhysXGeometryAndTransform(Convex): ConvexElem is missing ConvexMesh
[2021.05.20-12.03.02:649][440]LogPhysics: Warning: ForeachShape(Convex): ScaledElem[0] invalid
[2021.05.20-12.03.02:649][440]LogPhysics: Warning: PopulatePhysXGeometryAndTransform(Convex): ConvexElem is missing ConvexMesh
[2021.05.20-12.03.02:649][440]LogPhysics: Warning: ForeachShape(Convex): ScaledElem[0] invalid
[2021.05.20-12.03.03:182][504]LogPhysics: Warning: PopulatePhysXGeometryAndTransform(Convex): ConvexElem is missing ConvexMesh
[2021.05.20-12.03.03:182][504]LogPhysics: Warning: ForeachShape(Convex): ScaledElem[0] invalid
[2021.05.20-12.03.03:183][504]LogPhysics: Warning: PopulatePhysXGeometryAndTransform(Convex): ConvexElem is missing ConvexMesh
[2021.05.20-12.03.03:183][504]LogPhysics: Warning: ForeachShape(Convex): ScaledElem[0] invalid
[2021.05.20-12.03.03:749][572]LogPhysics: Warning: PopulatePhysXGeometryAndTransform(Convex): ConvexElem is missing ConvexMesh
[2021.05.20-12.03.03:749][572]LogPhysics: Warning: ForeachShape(Convex): ScaledElem[0] invalid
[2021.05.20-12.03.03:749][572]LogPhysics: Warning: PopulatePhysXGeometryAndTransform(Convex): ConvexElem is missing ConvexMesh
[2021.05.20-12.03.03:749][572]LogPhysics: Warning: ForeachShape(Convex): ScaledElem[0] invalid
[2021.05.20-12.03.04:899][710]LogPhysics: Warning: PopulatePhysXGeometryAndTransform(Convex): ConvexElem is missing ConvexMesh
[2021.05.20-12.03.04:899][710]LogPhysics: Warning: ForeachShape(Convex): ScaledElem[0] invalid
[2021.05.20-12.03.04:900][710]LogPhysics: Warning: PopulatePhysXGeometryAndTransform(Convex): ConvexElem is missing ConvexMesh
[2021.05.20-12.03.04:900][710]LogPhysics: Warning: ForeachShape(Convex): ScaledElem[0] invalid
[2021.05.20-12.03.05:616][796]LogPhysics: Warning: PopulatePhysXGeometryAndTransform(Convex): ConvexElem is missing ConvexMesh
[2021.05.20-12.03.05:616][796]LogPhysics: Warning: ForeachShape(Convex): ScaledElem[0] invalid
[2021.05.20-12.03.05:617][796]LogPhysics: Warning: PopulatePhysXGeometryAndTransform(Convex): ConvexElem is missing ConvexMesh
[2021.05.20-12.03.05:617][796]LogPhysics: Warning: ForeachShape(Convex): ScaledElem[0] invalid
[2021.05.20-12.03.06:673][919]LogSlate: Updating window title bar state: overlay mode, drag disabled, window buttons hidden, title bar hidden
[2021.05.20-12.03.06:674][919]LogWorld: BeginTearingDown for /Game/SkywardMuffin/Maps/UEDPIE_0_TutorialMap
[2021.05.20-12.03.06:674][919]LogWorld: UWorld::CleanupWorld for TutorialMap, bSessionEnded=true, bCleanupResources=true
[2021.05.20-12.03.06:674][919]LogSlate: InvalidateAllWidgets triggered.  All widgets were invalidated
[2021.05.20-12.03.06:681][919]LogPlayLevel: Display: Shutting down PIE online subsystems
[2021.05.20-12.03.06:682][919]LogSlate: InvalidateAllWidgets triggered.  All widgets were invalidated
[2021.05.20-12.03.06:704][919]LogSlate: Updating window title bar state: overlay mode, drag disabled, window buttons hidden, title bar hidden
[2021.05.20-12.03.06:705][919]LogAISub: UAISubsystem::~UAISubsystem AIPerceptionSystem (000002758B75E700), frame # 1919
[2021.05.20-12.03.06:705][919]LogAISub: UAISubsystem::~UAISubsystem EnvQueryManager (00000275A71E9600), frame # 1919
[2021.05.20-12.03.06:708][919]LogUObjectHash: Compacting FUObjectHashTables data took   0.62ms
[2021.05.20-12.03.06:745][922]LogPlayLevel: Display: Destroying online subsystem :Context_1
[2021.05.20-12.05.14:296][778]LogWindowsTextInputMethodSystem: Display: IME system now activated using TSF (微软拼音).
[2021.05.20-12.08.48:980][677]LogSlate: Took 0.000122 seconds to synchronously load lazily loaded font '../../../Engine/Content/Slate/Fonts/Roboto-Light.ttf' (167K)
